<?xml version="1.0" encoding="UTF-8"?>
<testsuite xmlns:xsi="http://www.w3.org/2001/XMLSchema-instance" xsi:noNamespaceSchemaLocation="https://maven.apache.org/surefire/maven-surefire-plugin/xsd/surefire-test-report-3.0.xsd" version="3.0" name="com.videoclub.testing.TestVideoclub" time="0.992" tests="3" errors="0" skipped="0" failures="0">
  <properties>
[...]
</properties>
  <testcase name="databaseRentalChecking" classname="com.videoclub.testing.TestVideoclub" time="0.048">
    <system-out><![CDATA[17:28:00,645 (main) DEBUG [DataNucleus.General] - Using PluginRegistry org.datanucleus.plugin.NonManagedPluginRegistry
17:28:00,655 (main) DEBUG [DataNucleus.General] - Registering bundle org.datanucleus version 6.0.4 at URL file:/Users/alarencinas/.m2/repository/org/datanucleus/datanucleus-core/6.0.4/datanucleus-core-6.0.4.jar.
17:28:00,659 (main) DEBUG [DataNucleus.General] - Leyendo extension-points y extensiones del archivo de plug-in jar:file:/Users/alarencinas/.m2/repository/org/datanucleus/datanucleus-core/6.0.4/datanucleus-core-6.0.4.jar!/plugin.xml.
17:28:00,663 (main) DEBUG [DataNucleus.General] - Registering bundle org.datanucleus.api.jdo version 6.0.1 at URL file:/Users/alarencinas/.m2/repository/org/datanucleus/datanucleus-api-jdo/6.0.1/datanucleus-api-jdo-6.0.1.jar.
17:28:00,666 (main) DEBUG [DataNucleus.General] - Leyendo extension-points y extensiones del archivo de plug-in jar:file:/Users/alarencinas/.m2/repository/org/datanucleus/datanucleus-api-jdo/6.0.1/datanucleus-api-jdo-6.0.1.jar!/plugin.xml.
17:28:00,668 (main) DEBUG [DataNucleus.General] - Registering bundle org.datanucleus.store.rdbms version 6.0.4 at URL file:/Users/alarencinas/.m2/repository/org/datanucleus/datanucleus-rdbms/6.0.4/datanucleus-rdbms-6.0.4.jar.
17:28:00,669 (main) DEBUG [DataNucleus.General] - Leyendo extension-points y extensiones del archivo de plug-in jar:file:/Users/alarencinas/.m2/repository/org/datanucleus/datanucleus-rdbms/6.0.4/datanucleus-rdbms-6.0.4.jar!/plugin.xml.
17:28:00,672 (main) DEBUG [DataNucleus.General] - Registering bundle org.sonatype.inject version 2.3.0 at URL file:/Users/alarencinas/.m2/repository/org/sonatype/sisu/sisu-inject-bean/2.3.0/sisu-inject-bean-2.3.0.jar.
17:28:00,673 (main) DEBUG [DataNucleus.General] - Leyendo extension-points y extensiones del archivo de plug-in jar:file:/Users/alarencinas/.m2/repository/org/sonatype/sisu/sisu-inject-bean/2.3.0/sisu-inject-bean-2.3.0.jar!/plugin.xml.
17:28:00,679 (main) INFO  [DataNucleus.Persistence] - Propiedad datanucleus.metadata.validate desconocida - vamos a ignorarla
17:28:00,684 (main) DEBUG [DataNucleus.Persistence] - Tipos de Java inicializando ...
17:28:00,695 (main) DEBUG [DataNucleus.Persistence] - Soporte para tipos de Java listo : tipos soportados = [B, [C, [D, [F, [I, [J, [Ljava.lang.Boolean;, [Ljava.lang.Byte;, [Ljava.lang.Character;, [Ljava.lang.Double;, [Ljava.lang.Enum;, [Ljava.lang.Float;, [Ljava.lang.Integer;, [Ljava.lang.Long;, [Ljava.lang.Number;, [Ljava.lang.Object;, [Ljava.lang.Short;, [Ljava.lang.String;, [Ljava.math.BigDecimal;, [Ljava.math.BigInteger;, [Ljava.util.Date;, [Ljava.util.Locale;, [S, [Z, boolean, byte, char, double, float, int, java.awt.Color, java.awt.image.BufferedImage, java.lang.Boolean, java.lang.Byte, java.lang.Character, java.lang.Class, java.lang.Double, java.lang.Enum, java.lang.Float, java.lang.Integer, java.lang.Long, java.lang.Number, java.lang.Short, java.lang.String, java.lang.StringBuffer, java.lang.StringBuilder, java.math.BigDecimal, java.math.BigInteger, java.net.URI, java.net.URL, java.sql.Date, java.sql.Time, java.sql.Timestamp, java.time.Duration, java.time.Instant, java.time.LocalDate, java.time.LocalDateTime, java.time.LocalTime, java.time.MonthDay, java.time.OffsetDateTime, java.time.OffsetTime, java.time.Period, java.time.Year, java.time.YearMonth, java.time.ZonedDateTime, java.time.ZoneId, java.time.ZoneOffset, java.util.ArrayList, java.util.Arrays$ArrayList, java.util.BitSet, java.util.Calendar, java.util.Collection, java.util.Currency, java.util.Date, java.util.GregorianCalendar, java.util.HashMap, java.util.HashSet, java.util.Hashtable, java.util.LinkedHashMap, java.util.LinkedHashSet, java.util.LinkedList, java.util.List, java.util.Locale, java.util.Map, java.util.Optional, java.util.PriorityQueue, java.util.Properties, java.util.Queue, java.util.Set, java.util.SortedMap, java.util.SortedSet, java.util.Stack, java.util.TimeZone, java.util.TreeMap, java.util.TreeSet, java.util.UUID, java.util.Vector, long, short
17:28:00,695 (main) DEBUG [DataNucleus.Persistence] - Inicializando TypeConverters ...
17:28:00,701 (main) DEBUG [DataNucleus.Persistence] - TypeConverters listo
17:28:00,701 (main) DEBUG [DataNucleus.Persistence] - TypeConverter(s) available for byte[] to : java.nio.ByteBuffer
17:28:00,701 (main) DEBUG [DataNucleus.Persistence] - TypeConverter(s) available for char[] to : java.nio.ByteBuffer
17:28:00,701 (main) DEBUG [DataNucleus.Persistence] - TypeConverter(s) available for double[] to : java.nio.ByteBuffer
17:28:00,701 (main) DEBUG [DataNucleus.Persistence] - TypeConverter(s) available for float[] to : java.nio.ByteBuffer
17:28:00,701 (main) DEBUG [DataNucleus.Persistence] - TypeConverter(s) available for int[] to : java.nio.ByteBuffer
17:28:00,701 (main) DEBUG [DataNucleus.Persistence] - TypeConverter(s) available for long[] to : java.nio.ByteBuffer
17:28:00,701 (main) DEBUG [DataNucleus.Persistence] - TypeConverter(s) available for [Ljava.math.BigDecimal; to : java.nio.ByteBuffer
17:28:00,701 (main) DEBUG [DataNucleus.Persistence] - TypeConverter(s) available for [Ljava.math.BigInteger; to : java.nio.ByteBuffer
17:28:00,702 (main) DEBUG [DataNucleus.Persistence] - TypeConverter(s) available for short[] to : java.nio.ByteBuffer
17:28:00,702 (main) DEBUG [DataNucleus.Persistence] - TypeConverter(s) available for boolean[] to : java.nio.ByteBuffer
17:28:00,702 (main) DEBUG [DataNucleus.Persistence] - TypeConverter(s) available for java.awt.Color to : int[],java.lang.String
17:28:00,702 (main) DEBUG [DataNucleus.Persistence] - TypeConverter(s) available for java.awt.image.BufferedImage to : byte[],java.nio.ByteBuffer
17:28:00,702 (main) DEBUG [DataNucleus.Persistence] - TypeConverter(s) available for java.io.Serializable to : java.lang.String,byte[],java.nio.ByteBuffer
17:28:00,702 (main) DEBUG [DataNucleus.Persistence] - TypeConverter(s) available for java.lang.Boolean to : java.lang.Character,java.lang.Integer
17:28:00,702 (main) DEBUG [DataNucleus.Persistence] - TypeConverter(s) available for java.lang.Character to : java.lang.String
17:28:00,702 (main) DEBUG [DataNucleus.Persistence] - TypeConverter(s) available for java.lang.Class to : java.lang.String
17:28:00,702 (main) DEBUG [DataNucleus.Persistence] - TypeConverter(s) available for java.lang.Integer to : java.lang.String
17:28:00,702 (main) DEBUG [DataNucleus.Persistence] - TypeConverter(s) available for java.lang.Long to : java.lang.String
17:28:00,702 (main) DEBUG [DataNucleus.Persistence] - TypeConverter(s) available for java.lang.StringBuffer to : java.lang.String
17:28:00,702 (main) DEBUG [DataNucleus.Persistence] - TypeConverter(s) available for java.lang.StringBuilder to : java.lang.String
17:28:00,702 (main) DEBUG [DataNucleus.Persistence] - TypeConverter(s) available for java.math.BigDecimal to : java.lang.Double,java.lang.String
17:28:00,702 (main) DEBUG [DataNucleus.Persistence] - TypeConverter(s) available for java.math.BigInteger to : java.lang.String,java.lang.Long
17:28:00,702 (main) DEBUG [DataNucleus.Persistence] - TypeConverter(s) available for java.net.URI to : java.lang.String
17:28:00,702 (main) DEBUG [DataNucleus.Persistence] - TypeConverter(s) available for java.net.URL to : java.lang.String
17:28:00,702 (main) DEBUG [DataNucleus.Persistence] - TypeConverter(s) available for java.sql.Date to : java.lang.Long,java.lang.String,java.util.Date
17:28:00,702 (main) DEBUG [DataNucleus.Persistence] - TypeConverter(s) available for java.sql.Time to : java.lang.Long,java.lang.String,java.util.Date
17:28:00,702 (main) DEBUG [DataNucleus.Persistence] - TypeConverter(s) available for java.sql.Timestamp to : java.lang.Long,java.lang.String,java.util.Date
17:28:00,702 (main) DEBUG [DataNucleus.Persistence] - TypeConverter(s) available for java.time.Duration to : java.lang.Double,java.lang.String,java.lang.Long
17:28:00,702 (main) DEBUG [DataNucleus.Persistence] - TypeConverter(s) available for java.time.Instant to : java.sql.Timestamp,java.lang.String,java.lang.Long,java.util.Date
17:28:00,703 (main) DEBUG [DataNucleus.Persistence] - TypeConverter(s) available for java.time.LocalDate to : java.lang.String,java.sql.Date,java.util.Date
17:28:00,703 (main) DEBUG [DataNucleus.Persistence] - TypeConverter(s) available for java.time.LocalDateTime to : java.lang.String,java.sql.Timestamp,java.util.Date
17:28:00,703 (main) DEBUG [DataNucleus.Persistence] - TypeConverter(s) available for java.time.LocalTime to : java.lang.String,java.lang.Long,java.sql.Time,java.util.Date
17:28:00,703 (main) DEBUG [DataNucleus.Persistence] - TypeConverter(s) available for java.time.MonthDay to : int[],java.lang.String,java.sql.Date,java.util.Date
17:28:00,703 (main) DEBUG [DataNucleus.Persistence] - TypeConverter(s) available for java.time.OffsetDateTime to : java.lang.String,java.sql.Timestamp,java.util.Date
17:28:00,703 (main) DEBUG [DataNucleus.Persistence] - TypeConverter(s) available for java.time.OffsetTime to : java.lang.String,java.lang.Long,java.sql.Time
17:28:00,703 (main) DEBUG [DataNucleus.Persistence] - TypeConverter(s) available for java.time.Period to : int[],java.lang.String
17:28:00,703 (main) DEBUG [DataNucleus.Persistence] - TypeConverter(s) available for java.time.Year to : java.lang.String,java.lang.Integer
17:28:00,703 (main) DEBUG [DataNucleus.Persistence] - TypeConverter(s) available for java.time.YearMonth to : int[],java.lang.String,java.sql.Date,java.util.Date
17:28:00,703 (main) DEBUG [DataNucleus.Persistence] - TypeConverter(s) available for java.time.ZonedDateTime to : java.lang.String,java.sql.Timestamp
17:28:00,703 (main) DEBUG [DataNucleus.Persistence] - TypeConverter(s) available for java.time.ZoneId to : java.lang.String
17:28:00,703 (main) DEBUG [DataNucleus.Persistence] - TypeConverter(s) available for java.time.ZoneOffset to : java.lang.String
17:28:00,703 (main) DEBUG [DataNucleus.Persistence] - TypeConverter(s) available for java.util.BitSet to : java.lang.String
17:28:00,703 (main) DEBUG [DataNucleus.Persistence] - TypeConverter(s) available for java.util.Calendar to : java.lang.String,java.sql.Timestamp,[Ljava.lang.Object;,java.util.Date
17:28:00,703 (main) DEBUG [DataNucleus.Persistence] - TypeConverter(s) available for java.util.Currency to : java.lang.String
17:28:00,703 (main) DEBUG [DataNucleus.Persistence] - TypeConverter(s) available for java.util.Date to : java.lang.Long,java.lang.String
17:28:00,703 (main) DEBUG [DataNucleus.Persistence] - TypeConverter(s) available for java.util.Locale to : java.lang.String
17:28:00,703 (main) DEBUG [DataNucleus.Persistence] - TypeConverter(s) available for java.util.TimeZone to : java.lang.String
17:28:00,703 (main) DEBUG [DataNucleus.Persistence] - TypeConverter(s) available for java.util.UUID to : java.lang.String
17:28:00,706 (main) DEBUG [DataNucleus.MetaData] - MetaDataManager : Input=(XML,Annotations), XML-Validation=false, XML-Suffices=(persistence=*.jdo, orm=orm, query=*.jdoquery), JDO-listener=true
17:28:00,706 (main) DEBUG [DataNucleus.MetaData] - Registering listener for metadata initialisation
17:28:00,706 (main) DEBUG [DataNucleus.MetaData] - Listener found initialisation for persistable class com.videoclub.pojo.User
17:28:00,707 (main) DEBUG [DataNucleus.MetaData] - No encontramos el MetaData del tipo "jdo" por la clase "com.videoclub.pojo.User" en /META-INF/package.jdo
17:28:00,707 (main) DEBUG [DataNucleus.MetaData] - No encontramos el MetaData del tipo "jdo" por la clase "com.videoclub.pojo.User" en /WEB-INF/package.jdo
17:28:00,707 (main) DEBUG [DataNucleus.MetaData] - No encontramos el MetaData del tipo "jdo" por la clase "com.videoclub.pojo.User" en /package.jdo
17:28:00,707 (main) DEBUG [DataNucleus.MetaData] - No encontramos el MetaData del tipo "jdo" por la clase "com.videoclub.pojo.User" en /com/package.jdo
17:28:00,707 (main) DEBUG [DataNucleus.MetaData] - No encontramos el MetaData del tipo "jdo" por la clase "com.videoclub.pojo.User" en /com/videoclub/package.jdo
17:28:00,707 (main) DEBUG [DataNucleus.MetaData] - No encontramos el MetaData del tipo "jdo" por la clase "com.videoclub.pojo.User" en /com/videoclub/pojo/package.jdo
17:28:00,708 (main) DEBUG [DataNucleus.MetaData] - No encontramos el MetaData del tipo "jdo" por la clase "com.videoclub.pojo.User" en /com/videoclub/pojo/User.jdo
17:28:00,708 (main) DEBUG [DataNucleus.MetaData] - No hemos encontrado el MetaData del tipo "jdo" por la clase "com.videoclub.pojo.User"
17:28:00,717 (main) DEBUG [DataNucleus.MetaData] - Clase "com.videoclub.pojo.User" tiene anotaciones de JDO y vamos a usarlas.
17:28:00,722 (main) DEBUG [DataNucleus.MetaData] - Clase "com.videoclub.pojo.User" : Populando Meta-Data
17:28:00,723 (main) DEBUG [DataNucleus.MetaData] - No encontramos el MetaData del tipo "orm" por la clase "com.videoclub.pojo.User" en /META-INF/package.orm
17:28:00,723 (main) DEBUG [DataNucleus.MetaData] - No encontramos el MetaData del tipo "orm" por la clase "com.videoclub.pojo.User" en /WEB-INF/package.orm
17:28:00,723 (main) DEBUG [DataNucleus.MetaData] - No encontramos el MetaData del tipo "orm" por la clase "com.videoclub.pojo.User" en /package.orm
17:28:00,723 (main) DEBUG [DataNucleus.MetaData] - No encontramos el MetaData del tipo "orm" por la clase "com.videoclub.pojo.User" en /com/package.orm
17:28:00,723 (main) DEBUG [DataNucleus.MetaData] - No encontramos el MetaData del tipo "orm" por la clase "com.videoclub.pojo.User" en /com/videoclub/package.orm
17:28:00,723 (main) DEBUG [DataNucleus.MetaData] - No encontramos el MetaData del tipo "orm" por la clase "com.videoclub.pojo.User" en /com/videoclub/pojo/package.orm
17:28:00,723 (main) DEBUG [DataNucleus.MetaData] - No encontramos el MetaData del tipo "orm" por la clase "com.videoclub.pojo.User" en /com/videoclub/pojo/User.orm
17:28:00,723 (main) DEBUG [DataNucleus.MetaData] - No hemos encontrado el MetaData del tipo "orm" por la clase "com.videoclub.pojo.User"
17:28:00,723 (main) DEBUG [DataNucleus.MetaData] - Clase "com.videoclub.pojo.User" campo "type" : añadiendo el Meta-Data por el campo como no estaba en la definición de Meta-Data.
17:28:00,724 (main) DEBUG [DataNucleus.MetaData] - Clase "com.videoclub.pojo.User" campo "password" : añadiendo el Meta-Data por el campo como no estaba en la definición de Meta-Data.
17:28:00,724 (main) DEBUG [DataNucleus.MetaData] - Clase "com.videoclub.pojo.User" campo "email" : añadiendo el Meta-Data por el campo como no estaba en la definición de Meta-Data.
17:28:00,724 (main) DEBUG [DataNucleus.MetaData] - Clase "com.videoclub.pojo.User" campo "name" : añadiendo el Meta-Data por el campo como no estaba en la definición de Meta-Data.
17:28:00,724 (main) DEBUG [DataNucleus.MetaData] - Clase "com.videoclub.pojo.User" campo "surname" : añadiendo el Meta-Data por el campo como no estaba en la definición de Meta-Data.
17:28:00,724 (main) DEBUG [DataNucleus.Persistence] - Tipo de Java com.videoclub.pojo.typeUser como el tipo de Java java.lang.Enum
17:28:00,724 (main) DEBUG [DataNucleus.MetaData] - No encontramos el MetaData del tipo "jdo" por la clase "com.videoclub.pojo.typeUser" en /META-INF/package.jdo
17:28:00,724 (main) DEBUG [DataNucleus.MetaData] - No encontramos el MetaData del tipo "jdo" por la clase "com.videoclub.pojo.typeUser" en /WEB-INF/package.jdo
17:28:00,724 (main) DEBUG [DataNucleus.MetaData] - No encontramos el MetaData del tipo "jdo" por la clase "com.videoclub.pojo.typeUser" en /package.jdo
17:28:00,725 (main) DEBUG [DataNucleus.MetaData] - No encontramos el MetaData del tipo "jdo" por la clase "com.videoclub.pojo.typeUser" en /com/package.jdo
17:28:00,725 (main) DEBUG [DataNucleus.MetaData] - No encontramos el MetaData del tipo "jdo" por la clase "com.videoclub.pojo.typeUser" en /com/videoclub/package.jdo
17:28:00,725 (main) DEBUG [DataNucleus.MetaData] - No encontramos el MetaData del tipo "jdo" por la clase "com.videoclub.pojo.typeUser" en /com/videoclub/pojo/package.jdo
17:28:00,725 (main) DEBUG [DataNucleus.MetaData] - No encontramos el MetaData del tipo "jdo" por la clase "com.videoclub.pojo.typeUser" en /com/videoclub/pojo/typeUser.jdo
17:28:00,725 (main) DEBUG [DataNucleus.MetaData] - No hemos encontrado el MetaData del tipo "jdo" por la clase "com.videoclub.pojo.typeUser"
17:28:00,725 (main) DEBUG [DataNucleus.MetaData] - Registrando la clase "com.videoclub.pojo.typeUser" no tener Meta-Data
17:28:00,725 (main) DEBUG [DataNucleus.MetaData] - Clase "com.videoclub.pojo.User" : Inicializando Meta-Data
17:28:00,727 (main) DEBUG [DataNucleus.Datastore] - Creating StoreManager for datastore
17:28:00,748 (main) DEBUG [DataNucleus.Connection] - Creado ConnectionPool "tx" con data source de tipo dbcp2-builtin
17:28:00,748 (main) DEBUG [DataNucleus.Connection] - Registrado la factoria de connecciones transaccionales bajo el nombre "rdbms/tx"
17:28:00,748 (main) DEBUG [DataNucleus.Connection] - Registrado la factoria de connecciones nontransaccionales bajo el nombre "rdbms/nontx"
17:28:00,754 (main) DEBUG [DataNucleus.Connection] - Creado ConnectionPool "nontx" con data source de tipo dbcp2-builtin
17:28:00,920 (main) DEBUG [DataNucleus.Connection] - ManagedConnection ABIERTO : "org.datanucleus.store.rdbms.ConnectionFactoryImpl$ManagedConnectionImpl@cda0432 [conn=null, commitOnRelease=true, closeOnRelease=true, closeOnTxnEnd=true]" en resource "nontx"
17:28:00,958 (main) DEBUG [DataNucleus.Datastore] - No Soportando el tipo RDBMS de Java java.lang.Float, jdbc-type=REAL
17:28:00,958 (main) DEBUG [DataNucleus.Datastore] - No Soportando el tipo RDBMS de Java java.lang.String, jdbc-type=NVARCHAR
17:28:00,958 (main) DEBUG [DataNucleus.Datastore] - No Soportando el tipo RDBMS de Java java.lang.String, jdbc-type=NCHAR
17:28:00,958 (main) DEBUG [DataNucleus.Datastore] - Soporte de RDBMS configurado para el tipo "[B" con jdbc-types=[BLOB, BINARY, VARBINARY, LONGVARBINARY], sql-types=[BLOB, BINARY, VARBINARY, LONGVARBINARY] y defecto (jdbc-type=LONGVARBINARY, sql-type=LONGVARBINARY)
17:28:00,958 (main) DEBUG [DataNucleus.Datastore] - Soporte de RDBMS configurado para el tipo "java.io.File" con jdbc-types=[LONGVARBINARY], sql-types=[LONGVARBINARY] y defecto (jdbc-type=LONGVARBINARY, sql-type=LONGVARBINARY)
17:28:00,958 (main) DEBUG [DataNucleus.Datastore] - Soporte de RDBMS configurado para el tipo "java.io.Serializable" con jdbc-types=[BLOB, BINARY, VARBINARY, LONGVARBINARY], sql-types=[BLOB, BINARY, VARBINARY, LONGVARBINARY] y defecto (jdbc-type=LONGVARBINARY, sql-type=LONGVARBINARY)
17:28:00,958 (main) DEBUG [DataNucleus.Datastore] - Soporte de RDBMS configurado para el tipo "java.lang.Boolean" con jdbc-types=[SMALLINT, CHAR, BIT, BOOLEAN, TINYINT], sql-types=[SMALLINT, CHAR, BIT, BOOLEAN, TINYINT] y defecto (jdbc-type=BIT, sql-type=BIT)
17:28:00,958 (main) DEBUG [DataNucleus.Datastore] - Soporte de RDBMS configurado para el tipo "java.lang.Byte" con jdbc-types=[SMALLINT, TINYINT], sql-types=[SMALLINT, TINYINT] y defecto (jdbc-type=TINYINT, sql-type=TINYINT)
17:28:00,958 (main) DEBUG [DataNucleus.Datastore] - Soporte de RDBMS configurado para el tipo "java.lang.Character" con jdbc-types=[CHAR, INTEGER], sql-types=[CHAR, INTEGER] y defecto (jdbc-type=CHAR, sql-type=CHAR)
17:28:00,959 (main) DEBUG [DataNucleus.Datastore] - Soporte de RDBMS configurado para el tipo "java.lang.Double" con jdbc-types=[DECIMAL, DOUBLE], sql-types=[DECIMAL, DOUBLE] y defecto (jdbc-type=DOUBLE, sql-type=DOUBLE)
17:28:00,959 (main) DEBUG [DataNucleus.Datastore] - Soporte de RDBMS configurado para el tipo "java.lang.Float" con jdbc-types=[FLOAT, DECIMAL, DOUBLE], sql-types=[FLOAT, DECIMAL, DOUBLE] y defecto (jdbc-type=FLOAT, sql-type=FLOAT)
17:28:00,959 (main) DEBUG [DataNucleus.Datastore] - Soporte de RDBMS configurado para el tipo "java.lang.Integer" con jdbc-types=[NUMERIC, SMALLINT, BIGINT, TINYINT, INTEGER], sql-types=[NUMERIC, SMALLINT, BIGINT, TINYINT, INTEGER] y defecto (jdbc-type=INTEGER, sql-type=INTEGER)
17:28:00,959 (main) DEBUG [DataNucleus.Datastore] - Soporte de RDBMS configurado para el tipo "java.lang.Long" con jdbc-types=[NUMERIC, SMALLINT, BIGINT, TINYINT, INTEGER], sql-types=[NUMERIC, SMALLINT, BIGINT, INT, TINYINT] y defecto (jdbc-type=BIGINT, sql-type=BIGINT)
17:28:00,959 (main) DEBUG [DataNucleus.Datastore] - Soporte de RDBMS configurado para el tipo "java.lang.Short" con jdbc-types=[SMALLINT, TINYINT, INTEGER], sql-types=[SMALLINT, TINYINT, INTEGER] y defecto (jdbc-type=SMALLINT, sql-type=SMALLINT)
17:28:00,959 (main) DEBUG [DataNucleus.Datastore] - Soporte de RDBMS configurado para el tipo "java.lang.String" con jdbc-types=[BLOB, LONGVARCHAR, CLOB, VARCHAR, CHAR, BIGINT], sql-types=[BLOB, LONGVARCHAR, CLOB, LONGTEXT, CHAR, BIGINT, TEXT, MEDIUMTEXT, MEDIUMBLOB, VARCHAR, LONGBLOB] y defecto (jdbc-type=VARCHAR, sql-type=VARCHAR)
17:28:00,959 (main) DEBUG [DataNucleus.Datastore] - Soporte de RDBMS configurado para el tipo "java.math.BigDecimal" con jdbc-types=[NUMERIC, DECIMAL], sql-types=[NUMERIC, DECIMAL] y defecto (jdbc-type=DECIMAL, sql-type=DECIMAL)
17:28:00,959 (main) DEBUG [DataNucleus.Datastore] - Soporte de RDBMS configurado para el tipo "java.math.BigInteger" con jdbc-types=[NUMERIC, BIGINT], sql-types=[NUMERIC, BIGINT] y defecto (jdbc-type=NUMERIC, sql-type=NUMERIC)
17:28:00,959 (main) DEBUG [DataNucleus.Datastore] - Soporte de RDBMS configurado para el tipo "java.sql.Date" con jdbc-types=[DATE, TIMESTAMP, VARCHAR, CHAR, BIGINT], sql-types=[DATE, TIMESTAMP, VARCHAR, CHAR, BIGINT] y defecto (jdbc-type=DATE, sql-type=DATE)
17:28:00,959 (main) DEBUG [DataNucleus.Datastore] - Soporte de RDBMS configurado para el tipo "java.sql.Time" con jdbc-types=[TIMESTAMP, VARCHAR, CHAR, TIME, BIGINT], sql-types=[TIMESTAMP, VARCHAR, CHAR, TIME, BIGINT] y defecto (jdbc-type=TIME, sql-type=TIME)
17:28:00,959 (main) DEBUG [DataNucleus.Datastore] - Soporte de RDBMS configurado para el tipo "java.sql.Timestamp" con jdbc-types=[DATE, TIMESTAMP, VARCHAR, CHAR, TIME], sql-types=[DATE, TIMESTAMP, VARCHAR, CHAR, TIME] y defecto (jdbc-type=TIMESTAMP, sql-type=TIMESTAMP)
17:28:00,959 (main) DEBUG [DataNucleus.Datastore] - Soporte de RDBMS configurado para el tipo "java.util.Date" con jdbc-types=[DATE, TIMESTAMP, VARCHAR, CHAR, TIME, BIGINT], sql-types=[DATE, TIMESTAMP, VARCHAR, CHAR, TIME, BIGINT] y defecto (jdbc-type=TIMESTAMP, sql-type=TIMESTAMP)
17:28:00,959 (main) DEBUG [DataNucleus.Datastore] - Soporte de RDBMS configurado para el tipo "org.datanucleus.identity.DatastoreId" con jdbc-types=[NUMERIC, VARCHAR, CHAR, BIGINT, INTEGER], sql-types=[NUMERIC, VARCHAR, CHAR, BIGINT, INTEGER] y defecto (jdbc-type=BIGINT, sql-type=BIGINT)
17:28:00,961 (main) DEBUG [DataNucleus.Datastore.Schema] - Vamos a añadir/drop una tabla para determinar el catalogo/esquema para el datasource. Pon "datanucleus.mapping.Catalog"/"datanucleus.mapping.Schema" para evitarlo
17:28:00,969 (main) DEBUG [DataNucleus.Datastore.Schema] - CREATE TABLE `DELETEME1684769280963`
(
    `UNUSED` INTEGER NOT NULL
) ENGINE=INNODB
17:28:00,980 (main) DEBUG [DataNucleus.Datastore.Schema] - SQL Tiempo de cumplir = 11 ms
17:28:00,988 (main) DEBUG [DataNucleus.Datastore.Schema] - No era posible determinar el nombre del esquema por este DataStore
17:28:00,988 (main) DEBUG [DataNucleus.Datastore.Schema] - DROP TABLE `DELETEME1684769280963` CASCADE
17:28:00,994 (main) DEBUG [DataNucleus.Datastore.Schema] - SQL Tiempo de cumplir = 6 ms
17:28:00,994 (main) DEBUG [DataNucleus.Datastore] - ======================= Datastore =========================
17:28:00,994 (main) DEBUG [DataNucleus.Datastore] - StoreManager : "rdbms" (org.datanucleus.store.rdbms.RDBMSStoreManager)
17:28:00,994 (main) DEBUG [DataNucleus.Datastore] - Datastore : read-write
17:28:00,994 (main) DEBUG [DataNucleus.Datastore] - Schema Control : AutoCreate(Tables,Columns,Constraints), Validate(None)
17:28:00,994 (main) DEBUG [DataNucleus.Datastore] - Schema : NamingFactory=datanucleus2 identifierCase=null
17:28:00,994 (main) DEBUG [DataNucleus.Datastore] - Query Languages : JDOQL, JPQL, STOREDPROC, SQL
17:28:00,994 (main) DEBUG [DataNucleus.Datastore] - Queries : Timeout=0
17:28:00,994 (main) DEBUG [DataNucleus.Datastore] - ===========================================================
17:28:00,995 (main) DEBUG [DataNucleus.Datastore] - Datastore Adapter : org.datanucleus.store.rdbms.adapter.MySQLAdapter
17:28:00,995 (main) DEBUG [DataNucleus.Datastore] - Datastore : name="MySQL" version="8.0.32"
17:28:00,995 (main) DEBUG [DataNucleus.Datastore] - Datastore Driver : name="MySQL Connector/J" version="mysql-connector-java-8.0.29 (Revision: dd61577595edad45c398af508cf91ad26fc4144f)"
17:28:00,995 (main) DEBUG [DataNucleus.Datastore] - Primary Connection Factory : URL[jdbc:mysql://localhost/videoclubdb]
17:28:00,995 (main) DEBUG [DataNucleus.Datastore] - Secondary Connection Factory : URL[jdbc:mysql://localhost/videoclubdb]
17:28:00,996 (main) DEBUG [DataNucleus.Datastore] - Datastore Identifiers : factory="datanucleus2" case="UPPERCASE" catalog=videoclubdb
17:28:00,997 (main) DEBUG [DataNucleus.Datastore] - Supported Identifier Cases : MixedCase "MixedCase" "UPPERCASE" 
17:28:00,998 (main) DEBUG [DataNucleus.Datastore] - Supported Identifier Lengths (max) : Table=64 Column=64 Constraint=64 Index=64 Delimiter=`
17:28:00,998 (main) DEBUG [DataNucleus.Datastore] - Support for Identifiers in DDL : catalog=true schema=false
17:28:00,998 (main) DEBUG [DataNucleus.Datastore] - Datastore : rdbmsConstraintCreateMode=DataNucleus, initialiseColumnInfo=ALL, checkTableViewExistence
17:28:00,998 (main) DEBUG [DataNucleus.Datastore] - Support Statement Batching : yes (max-batch-size=50)
17:28:00,998 (main) DEBUG [DataNucleus.Datastore] - Queries : Results direction=forward, type=forward-only, concurrency=read-only
17:28:00,999 (main) DEBUG [DataNucleus.Datastore] - Java-Types : string-default-length=255
17:28:00,999 (main) DEBUG [DataNucleus.Datastore] - JDBC-Types : VARCHAR, LONGVARCHAR, BOOLEAN, BINARY, VARBINARY, LONGVARBINARY, BIGINT, TINYINT, BIT, CHAR, NUMERIC, DECIMAL, INTEGER, CLOB, SMALLINT, BLOB, FLOAT, DOUBLE, DATE, TIME, TIMESTAMP
17:28:00,999 (main) DEBUG [DataNucleus.Datastore] - ===========================================================
17:28:00,999 (main) DEBUG [DataNucleus.Connection] - ManagedConnection CERRADO : "org.datanucleus.store.rdbms.ConnectionFactoryImpl$ManagedConnectionImpl@cda0432 [conn=org.datanucleus.store.rdbms.datasource.dbcp2.PoolingDataSource$PoolGuardConnectionWrapper@35d3ab60, commitOnRelease=true, closeOnRelease=true, closeOnTxnEnd=true]" 
17:28:00,999 (main) DEBUG [DataNucleus.Datastore] - StoreManager now created
17:28:01,001 (main) DEBUG [DataNucleus.Persistence] - Started pool of ExecutionContext (maxPool=20, reaperThread=false)
17:28:01,002 (main) DEBUG [DataNucleus.Persistence] - ================= NucleusContext ===============
17:28:01,002 (main) DEBUG [DataNucleus.Persistence] - DataNucleus Context : Versión: "6.0.4" con JRE "20" en "Mac OS X"
17:28:01,002 (main) DEBUG [DataNucleus.Persistence] - Persistence API : JDO
17:28:01,002 (main) DEBUG [DataNucleus.Persistence] - Plugin Registry : org.datanucleus.plugin.NonManagedPluginRegistry
17:28:01,003 (main) DEBUG [DataNucleus.Persistence] - ClassLoading : default
17:28:01,005 (main) DEBUG [DataNucleus.Persistence] - Persistence : pm-singlethreaded, nontransactional-read, nontransactional-write, reachability-at-commit, detach-all-on-commit, copy-on-attach, managed-relations(checked), deletion-policy=JDO2, serverTimeZone=Europe/Madrid
17:28:01,006 (main) DEBUG [DataNucleus.Persistence] - Transactions : type=RESOURCE_LOCAL, mode=datastore, isolation=read-committed
17:28:01,006 (main) DEBUG [DataNucleus.Persistence] - ValueGeneration : txn-isolation=read-committed connection=New
17:28:01,007 (main) DEBUG [DataNucleus.Persistence] - Cache : Level1 (soft), Level2 (soft, mode=UNSPECIFIED), QueryResults (soft), Collections/Maps 
17:28:01,008 (main) DEBUG [DataNucleus.Persistence] - ================================================
17:28:01,013 (main) DEBUG [DataNucleus.Persistence] - ExecutionContext "org.datanucleus.ExecutionContextImpl@34dc85a" se abrió para la base de datos "org.datanucleus.store.rdbms.RDBMSStoreManager@6d4a65c6" con transaccion="org.datanucleus.transaction.TransactionImpl@67403656"
17:28:01,015 (main) DEBUG [DataNucleus.Transaction] - Transaction created [DataNucleus Transaction, ID=1418522280-1, enlisted resources=[]]
17:28:01,015 (main) DEBUG [DataNucleus.Transaction] - Transacción empezada para el ExecutionContext org.datanucleus.ExecutionContextImpl@34dc85a (optimistic=false)
* Storing a class com.videoclub.pojo.User : User [code=0, username=admin,type=ADMIN, password=8c6976e5b5410415bde908bd4dee15dfb167a9c873fc4bb8a81f6f2ab448a918, email=admin@email.com, name=AdminName, surname=AdminSurname]
17:28:01,017 (main) DEBUG [DataNucleus.Persistence] - Haciendo el objeto persistente : "com.videoclub.pojo.User@f202d6d"
17:28:01,023 (main) DEBUG [DataNucleus.Persistence] - Va a manjejar la persistencia de Clase : com.videoclub.pojo.User [Tabla : `USER`, Estrategia de heredar : new-table]
17:28:01,024 (main) DEBUG [DataNucleus.Datastore.Schema] - Campo [com.videoclub.pojo.User.code] -> Columnas [`USER`.`CODE`] usando mapping del tipo "org.datanucleus.store.rdbms.mapping.java.IntegerMapping" (org.datanucleus.store.rdbms.mapping.column.IntegerColumnMapping)
17:28:01,024 (main) DEBUG [DataNucleus.Datastore.Schema] - La tabla `USER` va a manejar la persistencia de los campos de la clase com.videoclub.pojo.User (estrategia de heredar="new-table")
17:28:01,025 (main) DEBUG [DataNucleus.Datastore.Schema] - Attempt to find JDBC driver 'typeInfo' for jdbc-type=VARCHAR but sql-type=VARCHAR is not found. Using default sql-type for this jdbc-type.
17:28:01,025 (main) DEBUG [DataNucleus.Datastore.Schema] - Campo [com.videoclub.pojo.User.email] -> Columnas [`USER`.`EMAIL`] usando mapping del tipo "org.datanucleus.store.rdbms.mapping.java.StringMapping" (org.datanucleus.store.rdbms.mapping.column.VarCharColumnMapping)
17:28:01,025 (main) DEBUG [DataNucleus.Datastore.Schema] - Attempt to find JDBC driver 'typeInfo' for jdbc-type=VARCHAR but sql-type=VARCHAR is not found. Using default sql-type for this jdbc-type.
17:28:01,025 (main) DEBUG [DataNucleus.Datastore.Schema] - Campo [com.videoclub.pojo.User.name] -> Columnas [`USER`.`NAME`] usando mapping del tipo "org.datanucleus.store.rdbms.mapping.java.StringMapping" (org.datanucleus.store.rdbms.mapping.column.VarCharColumnMapping)
17:28:01,025 (main) DEBUG [DataNucleus.Datastore.Schema] - Attempt to find JDBC driver 'typeInfo' for jdbc-type=VARCHAR but sql-type=VARCHAR is not found. Using default sql-type for this jdbc-type.
17:28:01,025 (main) DEBUG [DataNucleus.Datastore.Schema] - Campo [com.videoclub.pojo.User.password] -> Columnas [`USER`.`PASSWORD`] usando mapping del tipo "org.datanucleus.store.rdbms.mapping.java.StringMapping" (org.datanucleus.store.rdbms.mapping.column.VarCharColumnMapping)
17:28:01,025 (main) DEBUG [DataNucleus.Datastore.Schema] - Attempt to find JDBC driver 'typeInfo' for jdbc-type=VARCHAR but sql-type=VARCHAR is not found. Using default sql-type for this jdbc-type.
17:28:01,025 (main) DEBUG [DataNucleus.Datastore.Schema] - Campo [com.videoclub.pojo.User.surname] -> Columnas [`USER`.`SURNAME`] usando mapping del tipo "org.datanucleus.store.rdbms.mapping.java.StringMapping" (org.datanucleus.store.rdbms.mapping.column.VarCharColumnMapping)
17:28:01,026 (main) DEBUG [DataNucleus.Datastore.Schema] - Campo [com.videoclub.pojo.User.type] -> Columnas [`USER`.`TYPE`] usando mapping del tipo "org.datanucleus.store.rdbms.mapping.java.EnumMapping" (org.datanucleus.store.rdbms.mapping.column.VarCharColumnMapping)
17:28:01,026 (main) DEBUG [DataNucleus.Datastore.Schema] - Attempt to find JDBC driver 'typeInfo' for jdbc-type=VARCHAR but sql-type=VARCHAR is not found. Using default sql-type for this jdbc-type.
17:28:01,026 (main) DEBUG [DataNucleus.Datastore.Schema] - Campo [com.videoclub.pojo.User.username] -> Columnas [`USER`.`USERNAME`] usando mapping del tipo "org.datanucleus.store.rdbms.mapping.java.StringMapping" (org.datanucleus.store.rdbms.mapping.column.VarCharColumnMapping)
17:28:01,026 (main) DEBUG [DataNucleus.Datastore.Schema] - Table/View `USER` ha sido inicializado
17:28:01,028 (main) DEBUG [DataNucleus.Connection] - ManagedConnection ABIERTO : "org.datanucleus.store.rdbms.ConnectionFactoryImpl$ManagedConnectionImpl@6a9950f1 [conn=org.datanucleus.store.rdbms.datasource.dbcp2.PoolingDataSource$PoolGuardConnectionWrapper@7ad54c55, commitOnRelease=true, closeOnRelease=true, closeOnTxnEnd=true]" en resource "nontx" con isolación "serializable" y auto-commit=false
17:28:01,028 (main) DEBUG [DataNucleus.Datastore.Schema] - Empezando transaccion del esquema con conneccion "org.datanucleus.store.rdbms.datasource.dbcp2.PoolingDataSource$PoolGuardConnectionWrapper@7ad54c55" y isolacion "serializable"
17:28:01,030 (main) DEBUG [DataNucleus.Datastore.Schema] - Check of existence of `USER` returned table type of TABLE
17:28:01,030 (main) DEBUG [DataNucleus.Datastore.Schema] - Cargando información de columna para las tablas "user" por el Catalogo "videoclubdb", el Esquema ""
17:28:01,037 (main) DEBUG [DataNucleus.Datastore.Schema] - Información de columna cargado por el Catalogo "videoclubdb", el Esquema "", 1 tablas, tiempo = 7 ms
17:28:01,037 (main) DEBUG [DataNucleus.Datastore.Schema] - Información de columna cargado por la tabla "USER" : hemos encontrado 7 columnas
17:28:01,041 (main) DEBUG [DataNucleus.Datastore.Schema] - Validando 2 indic(es) de la tabla `USER`
17:28:01,056 (main) DEBUG [DataNucleus.Datastore.Schema] - Validando 0 foreign key(s) de la tabla `USER`
17:28:01,058 (main) DEBUG [DataNucleus.Datastore.Schema] - Validando 2 llaves unicas de la tabla `USER`
17:28:01,059 (main) DEBUG [DataNucleus.Datastore.Schema] - Committing transaccion del esquema "org.datanucleus.store.rdbms.datasource.dbcp2.PoolingDataSource$PoolGuardConnectionWrapper@7ad54c55"
17:28:01,059 (main) DEBUG [DataNucleus.Datastore.Schema] - Cerrando la conneccion de la transaccion del esquema "org.datanucleus.store.rdbms.datasource.dbcp2.PoolingDataSource$PoolGuardConnectionWrapper@7ad54c55"
17:28:01,059 (main) DEBUG [DataNucleus.Connection] - ManagedConnection VA A COMMIT : "org.datanucleus.store.rdbms.ConnectionFactoryImpl$ManagedConnectionImpl@6a9950f1 [conn=org.datanucleus.store.rdbms.datasource.dbcp2.PoolingDataSource$PoolGuardConnectionWrapper@7ad54c55, commitOnRelease=true, closeOnRelease=true, closeOnTxnEnd=true]"
17:28:01,059 (main) DEBUG [DataNucleus.Connection] - ManagedConnection CERRADO : "org.datanucleus.store.rdbms.ConnectionFactoryImpl$ManagedConnectionImpl@6a9950f1 [conn=org.datanucleus.store.rdbms.datasource.dbcp2.PoolingDataSource$PoolGuardConnectionWrapper@7ad54c55, commitOnRelease=true, closeOnRelease=true, closeOnTxnEnd=true]" 
17:28:01,061 (main) DEBUG [DataNucleus.Datastore.Schema] - Attempt to find JDBC driver 'typeInfo' for jdbc-type=VARCHAR but sql-type=VARCHAR is not found. Using default sql-type for this jdbc-type.
17:28:01,065 (main) DEBUG [DataNucleus.Connection] - ManagedConnection ABIERTO : "org.datanucleus.store.rdbms.ConnectionFactoryImpl$ManagedConnectionImpl@47547132 [conn=org.datanucleus.store.rdbms.datasource.dbcp2.PoolingDataSource$PoolGuardConnectionWrapper@655523dd, commitOnRelease=true, closeOnRelease=true, closeOnTxnEnd=true]" en resource "nontx" con isolación "read-committed" y auto-commit=false
17:28:01,068 (main) DEBUG [DataNucleus.Datastore.Schema] - Check of existence of videoclubdb.`SEQUENCE_TABLE` returned table type of TABLE
17:28:01,068 (main) DEBUG [DataNucleus.Datastore] - Utilizando PreparedStatement "com.mysql.cj.jdbc.ClientPreparedStatement: SELECT `NEXT_VAL` FROM videoclubdb.`SEQUENCE_TABLE` WHERE `SEQUENCE_NAME`=** NOT SPECIFIED ** FOR UPDATE" para la conneccion "org.datanucleus.store.rdbms.datasource.dbcp2.PoolingDataSource$PoolGuardConnectionWrapper@655523dd"
17:28:01,068 (main) DEBUG [DataNucleus.Datastore.Native] - SELECT `NEXT_VAL` FROM videoclubdb.`SEQUENCE_TABLE` WHERE `SEQUENCE_NAME`=? FOR UPDATE
17:28:01,070 (main) DEBUG [DataNucleus.Datastore.Retrieve] - SQL Tiempo de cumplir = 2 ms
17:28:01,070 (main) DEBUG [DataNucleus.Datastore] - Utilizando PreparedStatement "com.mysql.cj.jdbc.ClientPreparedStatement: SELECT MAX(`CODE`) FROM videoclubdb.`USER`" para la conneccion "org.datanucleus.store.rdbms.datasource.dbcp2.PoolingDataSource$PoolGuardConnectionWrapper@655523dd"
17:28:01,070 (main) DEBUG [DataNucleus.Datastore.Native] - SELECT MAX(`CODE`) FROM videoclubdb.`USER`
17:28:01,071 (main) DEBUG [DataNucleus.Datastore.Retrieve] - SQL Tiempo de cumplir = 1 ms
17:28:01,071 (main) DEBUG [DataNucleus.Datastore] - Utilizando PreparedStatement "com.mysql.cj.jdbc.ClientPreparedStatement: INSERT INTO videoclubdb.`SEQUENCE_TABLE` (`SEQUENCE_NAME`,`NEXT_VAL`) VALUES (** NOT SPECIFIED **,** NOT SPECIFIED **)" para la conneccion "org.datanucleus.store.rdbms.datasource.dbcp2.PoolingDataSource$PoolGuardConnectionWrapper@655523dd"
17:28:01,071 (main) DEBUG [DataNucleus.Datastore.Native] - INSERT INTO videoclubdb.`SEQUENCE_TABLE` (`SEQUENCE_NAME`,`NEXT_VAL`) VALUES (?,?)
17:28:01,074 (main) DEBUG [DataNucleus.Datastore.Persist] - SQL Tiempo de cumplir = 3 ms (numero de lineas cambiado = 1) con el PreparedStatement "org.datanucleus.store.rdbms.datasource.dbcp2.DelegatingPreparedStatement@21a66d45"
17:28:01,074 (main) DEBUG [DataNucleus.Datastore] - Cerrando PreparedStatement "org.datanucleus.store.rdbms.datasource.dbcp2.DelegatingPreparedStatement@21a66d45"
17:28:01,074 (main) DEBUG [DataNucleus.Datastore] - Cerrando PreparedStatement "org.datanucleus.store.rdbms.datasource.dbcp2.DelegatingPreparedStatement@7428de63"
17:28:01,074 (main) DEBUG [DataNucleus.Datastore] - Cerrando PreparedStatement "org.datanucleus.store.rdbms.datasource.dbcp2.DelegatingPreparedStatement@4a68135e"
17:28:01,074 (main) DEBUG [DataNucleus.ValueGeneration] - Hemos reservado un bloque de 10 valores
17:28:01,074 (main) DEBUG [DataNucleus.Connection] - ManagedConnection VA A COMMIT : "org.datanucleus.store.rdbms.ConnectionFactoryImpl$ManagedConnectionImpl@47547132 [conn=org.datanucleus.store.rdbms.datasource.dbcp2.PoolingDataSource$PoolGuardConnectionWrapper@655523dd, commitOnRelease=true, closeOnRelease=true, closeOnTxnEnd=true]"
17:28:01,075 (main) DEBUG [DataNucleus.Connection] - ManagedConnection CERRADO : "org.datanucleus.store.rdbms.ConnectionFactoryImpl$ManagedConnectionImpl@47547132 [conn=org.datanucleus.store.rdbms.datasource.dbcp2.PoolingDataSource$PoolGuardConnectionWrapper@655523dd, commitOnRelease=true, closeOnRelease=true, closeOnTxnEnd=true]" 
17:28:01,076 (main) DEBUG [DataNucleus.ValueGeneration] - Valor generado para el campo "com.videoclub.pojo.User.code" con estrategia="increment" (Generador="org.datanucleus.store.rdbms.valuegenerator.TableGenerator") : valor=1
17:28:01,077 (main) DEBUG [DataNucleus.Cache] - Objeto con identidad "com.videoclub.pojo.User:1" añadido a la Cache de nivel 1 (loadedFlags="[YYYYYYY]")
17:28:01,077 (main) DEBUG [DataNucleus.Transaction] - Objeto con identidad "com.videoclub.pojo.User:1" ha sido puesto en la cache transaccional
17:28:01,080 (main) DEBUG [DataNucleus.Persistence] - Objeto "com.videoclub.pojo.User@f202d6d" va a ser añadido a la tabla "`USER`"
17:28:01,094 (main) DEBUG [DataNucleus.Connection] - ManagedConnection ABIERTO : "org.datanucleus.store.rdbms.ConnectionFactoryImpl$ManagedConnectionImpl@7918c7f8 [conn=org.datanucleus.store.rdbms.datasource.dbcp2.PoolingDataSource$PoolGuardConnectionWrapper@17740dae, commitOnRelease=false, closeOnRelease=false, closeOnTxnEnd=true]" en resource "tx" con isolación "read-committed" y auto-commit=false
17:28:01,095 (main) DEBUG [DataNucleus.Transaction] - Running enlist operation on resource: org.datanucleus.store.rdbms.ConnectionFactoryImpl$EmulatedXAResource@30814f43, error code TMNOFLAGS and transaction [DataNucleus Transaction, ID=1418522280-1, enlisted resources=[]]
17:28:01,095 (main) DEBUG [DataNucleus.Datastore] - Utilizando PreparedStatement "com.mysql.cj.jdbc.ClientPreparedStatement: INSERT INTO `USER` (`EMAIL`,`NAME`,`PASSWORD`,`SURNAME`,`TYPE`,`USERNAME`,`CODE`) VALUES (** NOT SPECIFIED **,** NOT SPECIFIED **,** NOT SPECIFIED **,** NOT SPECIFIED **,** NOT SPECIFIED **,** NOT SPECIFIED **,** NOT SPECIFIED **)" para la conneccion "org.datanucleus.store.rdbms.datasource.dbcp2.PoolingDataSource$PoolGuardConnectionWrapper@17740dae"
17:28:01,095 (main) DEBUG [DataNucleus.Datastore.Persist] - El statement "INSERT INTO `USER` (`EMAIL`,`NAME`,`PASSWORD`,`SURNAME`,`TYPE`,`USERNAME`,`CODE`) VALUES (?,?,?,?,?,?,?)" ya es batchable
17:28:01,097 (main) DEBUG [DataNucleus.Datastore.Persist] - Añadiendo statement "INSERT INTO `USER` (`EMAIL`,`NAME`,`PASSWORD`,`SURNAME`,`TYPE`,`USERNAME`,`CODE`) VALUES (?,?,?,?,?,?,?)" al batch para procesar (tamaño de batch = 1)
17:28:01,098 (main) DEBUG [DataNucleus.Datastore.Native] - INSERT INTO `USER` (`EMAIL`,`NAME`,`PASSWORD`,`SURNAME`,`TYPE`,`USERNAME`,`CODE`) VALUES (?,?,?,?,?,?,?)
17:28:01,099 (main) DEBUG [DataNucleus.Datastore] - SQL Tiempo de cumplir = 1 ms (numero de lineas cambiado = [1]) con el PreparedStatement "org.datanucleus.store.rdbms.datasource.dbcp2.DelegatingPreparedStatement@314c8b4a"
17:28:01,099 (main) DEBUG [DataNucleus.Transaction] - Haciendo commit de la transaacción para el ExecutionContext org.datanucleus.ExecutionContextImpl@34dc85a
17:28:01,099 (main) DEBUG [DataNucleus.Persistence] - ExecutionContext.internalFlush() empezado con flush ordenado - 1 objetos registrados
17:28:01,101 (main) DEBUG [DataNucleus.Persistence] - ExecutionContext.internalFlush() terminado
17:28:01,101 (main) DEBUG [DataNucleus.Persistence] - Persistence-By-Reachability (commit) : EMPIEZA
17:28:01,101 (main) DEBUG [DataNucleus.Persistence] - Haciendo la calculación de alcanzables con objeto con identidad "com.videoclub.pojo.User:1"
17:28:01,101 (main) DEBUG [DataNucleus.Cache] - Objeto con identidad "com.videoclub.pojo.User:1" obtenido de la Cache nivel 1 (loadedFlags="[YYYYYYY]")
17:28:01,102 (main) DEBUG [DataNucleus.Persistence] - Object con id "com.videoclub.pojo.User:1" y estado de vida "P_NEW" añadido a la lista de alcanzables al commit.
17:28:01,102 (main) DEBUG [DataNucleus.Persistence] - ExecutionContext.internalFlush() empezado con flush ordenado - 0 objetos registrados
17:28:01,102 (main) DEBUG [DataNucleus.Persistence] - ExecutionContext.internalFlush() terminado
17:28:01,102 (main) DEBUG [DataNucleus.Persistence] - Persistence-By-Reachability (commit) : TERMINADO
17:28:01,103 (main) DEBUG [DataNucleus.Cache] - Objeto con identidad "com.videoclub.pojo.User:1" añadido a la Cache de nivel 2 (campos="[0, 1, 2, 3, 4, 5, 6]", version="")
17:28:01,104 (main) DEBUG [DataNucleus.Cache] - El objeto con identidad "com.videoclub.pojo.User:1" va a tener los campos siguientes almacendados en el objeto de Level 2 cache : [0, 1, 2, 3, 4, 5, 6]
17:28:01,104 (main) DEBUG [DataNucleus.Transaction] - Committing [DataNucleus Transaction, ID=1418522280-1, enlisted resources=[org.datanucleus.store.rdbms.ConnectionFactoryImpl$EmulatedXAResource@30814f43]]
17:28:01,104 (main) DEBUG [DataNucleus.Connection] - ManagedConnection VA A COMMIT : "org.datanucleus.store.rdbms.ConnectionFactoryImpl$ManagedConnectionImpl@7918c7f8 [conn=org.datanucleus.store.rdbms.datasource.dbcp2.PoolingDataSource$PoolGuardConnectionWrapper@17740dae, commitOnRelease=false, closeOnRelease=false, closeOnTxnEnd=true]"
17:28:01,111 (main) DEBUG [DataNucleus.Connection] - ManagedConnection CERRADO : "org.datanucleus.store.rdbms.ConnectionFactoryImpl$ManagedConnectionImpl@7918c7f8 [conn=org.datanucleus.store.rdbms.datasource.dbcp2.PoolingDataSource$PoolGuardConnectionWrapper@17740dae, commitOnRelease=false, closeOnRelease=false, closeOnTxnEnd=true]" 
17:28:01,112 (main) DEBUG [DataNucleus.Persistence] - Haciendo el objeto detachado : "com.videoclub.pojo.User@f202d6d" (profundidad=0)
17:28:01,112 (main) DEBUG [DataNucleus.Persistence] - Objeto con identidad "com.videoclub.pojo.User:1" tiene cambio de lifeycle : "P_NEW"->"DETACHED_CLEAN"
17:28:01,112 (main) DEBUG [DataNucleus.Transaction] - Objeto con identidad "com.videoclub.pojo.User:1" fue borrado de la cache transactional
17:28:01,112 (main) DEBUG [DataNucleus.Persistence] - Disconectando objeto con identidad "com.videoclub.pojo.User:1" de StateManager[pc=com.videoclub.pojo.User@f202d6d, lifecycle=DETACHED_CLEAN]
17:28:01,112 (main) DEBUG [DataNucleus.Cache] - Objeto con identidad="com.videoclub.pojo.User:1" borrado de la Cache de nivel 1
17:28:01,112 (main) DEBUG [DataNucleus.Transaction] - Transacción committed en 14 ms
17:28:01,113 (main) DEBUG [DataNucleus.Persistence] - ExecutionContext "org.datanucleus.ExecutionContextImpl@34dc85a" se cerró
17:28:01,113 (main) DEBUG [DataNucleus.Persistence] - ExecutionContext "org.datanucleus.ExecutionContextImpl@34dc85a" se abrió para la base de datos "org.datanucleus.store.rdbms.RDBMSStoreManager@6d4a65c6" con transaccion="org.datanucleus.transaction.TransactionImpl@4a8df3e2"
17:28:01,113 (main) DEBUG [DataNucleus.Transaction] - Transaction created [DataNucleus Transaction, ID=1418522280-2, enlisted resources=[]]
17:28:01,113 (main) DEBUG [DataNucleus.Transaction] - Transacción empezada para el ExecutionContext org.datanucleus.ExecutionContextImpl@34dc85a (optimistic=false)
* Storing a class com.videoclub.pojo.User : User [code=0, username=assaz,type=CLIENT, password=3200a7486419e1efd8cbbad503fb0c6140ef7e7cf69807249fda25d59c215e5c, email=asier.account@email.com, name=Asier, surname=Belloso]
17:28:01,113 (main) DEBUG [DataNucleus.Persistence] - Haciendo el objeto persistente : "com.videoclub.pojo.User@2f2d52ef"
17:28:01,113 (main) DEBUG [DataNucleus.ValueGeneration] - Valor generado para el campo "com.videoclub.pojo.User.code" con estrategia="increment" (Generador="org.datanucleus.store.rdbms.valuegenerator.TableGenerator") : valor=2
17:28:01,113 (main) DEBUG [DataNucleus.Cache] - Objeto con identidad "com.videoclub.pojo.User:2" añadido a la Cache de nivel 1 (loadedFlags="[YYYYYYY]")
17:28:01,113 (main) DEBUG [DataNucleus.Transaction] - Objeto con identidad "com.videoclub.pojo.User:2" ha sido puesto en la cache transaccional
17:28:01,113 (main) DEBUG [DataNucleus.Persistence] - Objeto "com.videoclub.pojo.User@2f2d52ef" va a ser añadido a la tabla "`USER`"
17:28:01,114 (main) DEBUG [DataNucleus.Connection] - ManagedConnection ABIERTO : "org.datanucleus.store.rdbms.ConnectionFactoryImpl$ManagedConnectionImpl@25c53f74 [conn=org.datanucleus.store.rdbms.datasource.dbcp2.PoolingDataSource$PoolGuardConnectionWrapper@5e2f3be5, commitOnRelease=false, closeOnRelease=false, closeOnTxnEnd=true]" en resource "tx" con isolación "read-committed" y auto-commit=false
17:28:01,114 (main) DEBUG [DataNucleus.Transaction] - Running enlist operation on resource: org.datanucleus.store.rdbms.ConnectionFactoryImpl$EmulatedXAResource@1bd0b0e5, error code TMNOFLAGS and transaction [DataNucleus Transaction, ID=1418522280-2, enlisted resources=[]]
17:28:01,114 (main) DEBUG [DataNucleus.Datastore] - Utilizando PreparedStatement "com.mysql.cj.jdbc.ClientPreparedStatement: INSERT INTO `USER` (`EMAIL`,`NAME`,`PASSWORD`,`SURNAME`,`TYPE`,`USERNAME`,`CODE`) VALUES (** NOT SPECIFIED **,** NOT SPECIFIED **,** NOT SPECIFIED **,** NOT SPECIFIED **,** NOT SPECIFIED **,** NOT SPECIFIED **,** NOT SPECIFIED **)" para la conneccion "org.datanucleus.store.rdbms.datasource.dbcp2.PoolingDataSource$PoolGuardConnectionWrapper@5e2f3be5"
17:28:01,114 (main) DEBUG [DataNucleus.Datastore.Persist] - El statement "INSERT INTO `USER` (`EMAIL`,`NAME`,`PASSWORD`,`SURNAME`,`TYPE`,`USERNAME`,`CODE`) VALUES (?,?,?,?,?,?,?)" ya es batchable
17:28:01,115 (main) DEBUG [DataNucleus.Datastore.Persist] - Añadiendo statement "INSERT INTO `USER` (`EMAIL`,`NAME`,`PASSWORD`,`SURNAME`,`TYPE`,`USERNAME`,`CODE`) VALUES (?,?,?,?,?,?,?)" al batch para procesar (tamaño de batch = 1)
17:28:01,115 (main) DEBUG [DataNucleus.Datastore.Native] - INSERT INTO `USER` (`EMAIL`,`NAME`,`PASSWORD`,`SURNAME`,`TYPE`,`USERNAME`,`CODE`) VALUES (?,?,?,?,?,?,?)
17:28:01,116 (main) DEBUG [DataNucleus.Datastore] - SQL Tiempo de cumplir = 1 ms (numero de lineas cambiado = [1]) con el PreparedStatement "org.datanucleus.store.rdbms.datasource.dbcp2.DelegatingPreparedStatement@26a2f7f9"
17:28:01,116 (main) DEBUG [DataNucleus.Transaction] - Haciendo commit de la transaacción para el ExecutionContext org.datanucleus.ExecutionContextImpl@34dc85a
17:28:01,116 (main) DEBUG [DataNucleus.Persistence] - ExecutionContext.internalFlush() empezado con flush ordenado - 1 objetos registrados
17:28:01,116 (main) DEBUG [DataNucleus.Persistence] - ExecutionContext.internalFlush() terminado
17:28:01,116 (main) DEBUG [DataNucleus.Persistence] - Persistence-By-Reachability (commit) : EMPIEZA
17:28:01,116 (main) DEBUG [DataNucleus.Persistence] - Haciendo la calculación de alcanzables con objeto con identidad "com.videoclub.pojo.User:2"
17:28:01,116 (main) DEBUG [DataNucleus.Cache] - Objeto con identidad "com.videoclub.pojo.User:2" obtenido de la Cache nivel 1 (loadedFlags="[YYYYYYY]")
17:28:01,116 (main) DEBUG [DataNucleus.Persistence] - Object con id "com.videoclub.pojo.User:2" y estado de vida "P_NEW" añadido a la lista de alcanzables al commit.
17:28:01,116 (main) DEBUG [DataNucleus.Persistence] - ExecutionContext.internalFlush() empezado con flush ordenado - 0 objetos registrados
17:28:01,116 (main) DEBUG [DataNucleus.Persistence] - ExecutionContext.internalFlush() terminado
17:28:01,116 (main) DEBUG [DataNucleus.Persistence] - Persistence-By-Reachability (commit) : TERMINADO
17:28:01,116 (main) DEBUG [DataNucleus.Cache] - Objeto con identidad "com.videoclub.pojo.User:2" añadido a la Cache de nivel 2 (campos="[0, 1, 2, 3, 4, 5, 6]", version="")
17:28:01,116 (main) DEBUG [DataNucleus.Cache] - El objeto con identidad "com.videoclub.pojo.User:2" va a tener los campos siguientes almacendados en el objeto de Level 2 cache : [0, 1, 2, 3, 4, 5, 6]
17:28:01,116 (main) DEBUG [DataNucleus.Transaction] - Committing [DataNucleus Transaction, ID=1418522280-2, enlisted resources=[org.datanucleus.store.rdbms.ConnectionFactoryImpl$EmulatedXAResource@1bd0b0e5]]
17:28:01,116 (main) DEBUG [DataNucleus.Connection] - ManagedConnection VA A COMMIT : "org.datanucleus.store.rdbms.ConnectionFactoryImpl$ManagedConnectionImpl@25c53f74 [conn=org.datanucleus.store.rdbms.datasource.dbcp2.PoolingDataSource$PoolGuardConnectionWrapper@5e2f3be5, commitOnRelease=false, closeOnRelease=false, closeOnTxnEnd=true]"
17:28:01,117 (main) DEBUG [DataNucleus.Connection] - ManagedConnection CERRADO : "org.datanucleus.store.rdbms.ConnectionFactoryImpl$ManagedConnectionImpl@25c53f74 [conn=org.datanucleus.store.rdbms.datasource.dbcp2.PoolingDataSource$PoolGuardConnectionWrapper@5e2f3be5, commitOnRelease=false, closeOnRelease=false, closeOnTxnEnd=true]" 
17:28:01,118 (main) DEBUG [DataNucleus.Persistence] - Haciendo el objeto detachado : "com.videoclub.pojo.User@2f2d52ef" (profundidad=0)
17:28:01,118 (main) DEBUG [DataNucleus.Persistence] - Objeto con identidad "com.videoclub.pojo.User:2" tiene cambio de lifeycle : "P_NEW"->"DETACHED_CLEAN"
17:28:01,118 (main) DEBUG [DataNucleus.Transaction] - Objeto con identidad "com.videoclub.pojo.User:2" fue borrado de la cache transactional
17:28:01,118 (main) DEBUG [DataNucleus.Persistence] - Disconectando objeto con identidad "com.videoclub.pojo.User:2" de StateManager[pc=com.videoclub.pojo.User@2f2d52ef, lifecycle=DETACHED_CLEAN]
17:28:01,118 (main) DEBUG [DataNucleus.Cache] - Objeto con identidad="com.videoclub.pojo.User:2" borrado de la Cache de nivel 1
17:28:01,118 (main) DEBUG [DataNucleus.Transaction] - Transacción committed en 3 ms
17:28:01,118 (main) DEBUG [DataNucleus.Persistence] - ExecutionContext "org.datanucleus.ExecutionContextImpl@34dc85a" se cerró
17:28:01,118 (main) DEBUG [DataNucleus.Persistence] - ExecutionContext "org.datanucleus.ExecutionContextImpl@34dc85a" se abrió para la base de datos "org.datanucleus.store.rdbms.RDBMSStoreManager@6d4a65c6" con transaccion="org.datanucleus.transaction.TransactionImpl@8bffb8b"
17:28:01,118 (main) DEBUG [DataNucleus.Transaction] - Transaction created [DataNucleus Transaction, ID=1418522280-3, enlisted resources=[]]
17:28:01,118 (main) DEBUG [DataNucleus.Transaction] - Transacción empezada para el ExecutionContext org.datanucleus.ExecutionContextImpl@34dc85a (optimistic=false)
* Storing a class com.videoclub.pojo.User : User [code=0, username=client,type=CLIENT, password=948fe603f61dc036b5c596dc09fe3ce3f3d30dc90f024c85f3c82db2ccab679d, email=client@email.com, name=ClientName, surname=ClientSurname]
17:28:01,118 (main) DEBUG [DataNucleus.Persistence] - Haciendo el objeto persistente : "com.videoclub.pojo.User@10ee04df"
17:28:01,118 (main) DEBUG [DataNucleus.ValueGeneration] - Valor generado para el campo "com.videoclub.pojo.User.code" con estrategia="increment" (Generador="org.datanucleus.store.rdbms.valuegenerator.TableGenerator") : valor=3
17:28:01,118 (main) DEBUG [DataNucleus.Cache] - Objeto con identidad "com.videoclub.pojo.User:3" añadido a la Cache de nivel 1 (loadedFlags="[YYYYYYY]")
17:28:01,118 (main) DEBUG [DataNucleus.Transaction] - Objeto con identidad "com.videoclub.pojo.User:3" ha sido puesto en la cache transaccional
17:28:01,118 (main) DEBUG [DataNucleus.Persistence] - Objeto "com.videoclub.pojo.User@10ee04df" va a ser añadido a la tabla "`USER`"
17:28:01,119 (main) DEBUG [DataNucleus.Connection] - ManagedConnection ABIERTO : "org.datanucleus.store.rdbms.ConnectionFactoryImpl$ManagedConnectionImpl@692fd26 [conn=org.datanucleus.store.rdbms.datasource.dbcp2.PoolingDataSource$PoolGuardConnectionWrapper@36f1046f, commitOnRelease=false, closeOnRelease=false, closeOnTxnEnd=true]" en resource "tx" con isolación "read-committed" y auto-commit=false
17:28:01,119 (main) DEBUG [DataNucleus.Transaction] - Running enlist operation on resource: org.datanucleus.store.rdbms.ConnectionFactoryImpl$EmulatedXAResource@56d93692, error code TMNOFLAGS and transaction [DataNucleus Transaction, ID=1418522280-3, enlisted resources=[]]
17:28:01,119 (main) DEBUG [DataNucleus.Datastore] - Utilizando PreparedStatement "com.mysql.cj.jdbc.ClientPreparedStatement: INSERT INTO `USER` (`EMAIL`,`NAME`,`PASSWORD`,`SURNAME`,`TYPE`,`USERNAME`,`CODE`) VALUES (** NOT SPECIFIED **,** NOT SPECIFIED **,** NOT SPECIFIED **,** NOT SPECIFIED **,** NOT SPECIFIED **,** NOT SPECIFIED **,** NOT SPECIFIED **)" para la conneccion "org.datanucleus.store.rdbms.datasource.dbcp2.PoolingDataSource$PoolGuardConnectionWrapper@36f1046f"
17:28:01,119 (main) DEBUG [DataNucleus.Datastore.Persist] - El statement "INSERT INTO `USER` (`EMAIL`,`NAME`,`PASSWORD`,`SURNAME`,`TYPE`,`USERNAME`,`CODE`) VALUES (?,?,?,?,?,?,?)" ya es batchable
17:28:01,119 (main) DEBUG [DataNucleus.Datastore.Persist] - Añadiendo statement "INSERT INTO `USER` (`EMAIL`,`NAME`,`PASSWORD`,`SURNAME`,`TYPE`,`USERNAME`,`CODE`) VALUES (?,?,?,?,?,?,?)" al batch para procesar (tamaño de batch = 1)
17:28:01,119 (main) DEBUG [DataNucleus.Datastore.Native] - INSERT INTO `USER` (`EMAIL`,`NAME`,`PASSWORD`,`SURNAME`,`TYPE`,`USERNAME`,`CODE`) VALUES (?,?,?,?,?,?,?)
17:28:01,121 (main) DEBUG [DataNucleus.Datastore] - SQL Tiempo de cumplir = 1 ms (numero de lineas cambiado = [1]) con el PreparedStatement "org.datanucleus.store.rdbms.datasource.dbcp2.DelegatingPreparedStatement@3900fa71"
17:28:01,121 (main) DEBUG [DataNucleus.Transaction] - Haciendo commit de la transaacción para el ExecutionContext org.datanucleus.ExecutionContextImpl@34dc85a
17:28:01,121 (main) DEBUG [DataNucleus.Persistence] - ExecutionContext.internalFlush() empezado con flush ordenado - 1 objetos registrados
17:28:01,121 (main) DEBUG [DataNucleus.Persistence] - ExecutionContext.internalFlush() terminado
17:28:01,121 (main) DEBUG [DataNucleus.Persistence] - Persistence-By-Reachability (commit) : EMPIEZA
17:28:01,121 (main) DEBUG [DataNucleus.Persistence] - Haciendo la calculación de alcanzables con objeto con identidad "com.videoclub.pojo.User:3"
17:28:01,121 (main) DEBUG [DataNucleus.Cache] - Objeto con identidad "com.videoclub.pojo.User:3" obtenido de la Cache nivel 1 (loadedFlags="[YYYYYYY]")
17:28:01,121 (main) DEBUG [DataNucleus.Persistence] - Object con id "com.videoclub.pojo.User:3" y estado de vida "P_NEW" añadido a la lista de alcanzables al commit.
17:28:01,121 (main) DEBUG [DataNucleus.Persistence] - ExecutionContext.internalFlush() empezado con flush ordenado - 0 objetos registrados
17:28:01,121 (main) DEBUG [DataNucleus.Persistence] - ExecutionContext.internalFlush() terminado
17:28:01,121 (main) DEBUG [DataNucleus.Persistence] - Persistence-By-Reachability (commit) : TERMINADO
17:28:01,121 (main) DEBUG [DataNucleus.Cache] - Objeto con identidad "com.videoclub.pojo.User:3" añadido a la Cache de nivel 2 (campos="[0, 1, 2, 3, 4, 5, 6]", version="")
17:28:01,121 (main) DEBUG [DataNucleus.Cache] - El objeto con identidad "com.videoclub.pojo.User:3" va a tener los campos siguientes almacendados en el objeto de Level 2 cache : [0, 1, 2, 3, 4, 5, 6]
17:28:01,121 (main) DEBUG [DataNucleus.Transaction] - Committing [DataNucleus Transaction, ID=1418522280-3, enlisted resources=[org.datanucleus.store.rdbms.ConnectionFactoryImpl$EmulatedXAResource@56d93692]]
17:28:01,121 (main) DEBUG [DataNucleus.Connection] - ManagedConnection VA A COMMIT : "org.datanucleus.store.rdbms.ConnectionFactoryImpl$ManagedConnectionImpl@692fd26 [conn=org.datanucleus.store.rdbms.datasource.dbcp2.PoolingDataSource$PoolGuardConnectionWrapper@36f1046f, commitOnRelease=false, closeOnRelease=false, closeOnTxnEnd=true]"
17:28:01,122 (main) DEBUG [DataNucleus.Connection] - ManagedConnection CERRADO : "org.datanucleus.store.rdbms.ConnectionFactoryImpl$ManagedConnectionImpl@692fd26 [conn=org.datanucleus.store.rdbms.datasource.dbcp2.PoolingDataSource$PoolGuardConnectionWrapper@36f1046f, commitOnRelease=false, closeOnRelease=false, closeOnTxnEnd=true]" 
17:28:01,123 (main) DEBUG [DataNucleus.Persistence] - Haciendo el objeto detachado : "com.videoclub.pojo.User@10ee04df" (profundidad=0)
17:28:01,123 (main) DEBUG [DataNucleus.Persistence] - Objeto con identidad "com.videoclub.pojo.User:3" tiene cambio de lifeycle : "P_NEW"->"DETACHED_CLEAN"
17:28:01,123 (main) DEBUG [DataNucleus.Transaction] - Objeto con identidad "com.videoclub.pojo.User:3" fue borrado de la cache transactional
17:28:01,123 (main) DEBUG [DataNucleus.Persistence] - Disconectando objeto con identidad "com.videoclub.pojo.User:3" de StateManager[pc=com.videoclub.pojo.User@10ee04df, lifecycle=DETACHED_CLEAN]
17:28:01,123 (main) DEBUG [DataNucleus.Cache] - Objeto con identidad="com.videoclub.pojo.User:3" borrado de la Cache de nivel 1
17:28:01,123 (main) DEBUG [DataNucleus.Transaction] - Transacción committed en 4 ms
17:28:01,123 (main) DEBUG [DataNucleus.Persistence] - ExecutionContext "org.datanucleus.ExecutionContextImpl@34dc85a" se cerró
17:28:01,123 (main) DEBUG [DataNucleus.MetaData] - Listener found initialisation for persistable class com.videoclub.pojo.Movie
17:28:01,123 (main) DEBUG [DataNucleus.MetaData] - No encontramos el MetaData del tipo "jdo" por la clase "com.videoclub.pojo.Movie" en /META-INF/package.jdo
17:28:01,123 (main) DEBUG [DataNucleus.MetaData] - No encontramos el MetaData del tipo "jdo" por la clase "com.videoclub.pojo.Movie" en /WEB-INF/package.jdo
17:28:01,123 (main) DEBUG [DataNucleus.MetaData] - No encontramos el MetaData del tipo "jdo" por la clase "com.videoclub.pojo.Movie" en /package.jdo
17:28:01,123 (main) DEBUG [DataNucleus.MetaData] - No encontramos el MetaData del tipo "jdo" por la clase "com.videoclub.pojo.Movie" en /com/package.jdo
17:28:01,123 (main) DEBUG [DataNucleus.MetaData] - No encontramos el MetaData del tipo "jdo" por la clase "com.videoclub.pojo.Movie" en /com/videoclub/package.jdo
17:28:01,124 (main) DEBUG [DataNucleus.MetaData] - No encontramos el MetaData del tipo "jdo" por la clase "com.videoclub.pojo.Movie" en /com/videoclub/pojo/package.jdo
17:28:01,124 (main) DEBUG [DataNucleus.MetaData] - No encontramos el MetaData del tipo "jdo" por la clase "com.videoclub.pojo.Movie" en /com/videoclub/pojo/Movie.jdo
17:28:01,124 (main) DEBUG [DataNucleus.MetaData] - No hemos encontrado el MetaData del tipo "jdo" por la clase "com.videoclub.pojo.Movie"
17:28:01,124 (main) DEBUG [DataNucleus.MetaData] - Clase "com.videoclub.pojo.Movie" tiene anotaciones de JDO y vamos a usarlas.
17:28:01,124 (main) DEBUG [DataNucleus.MetaData] - Clase "com.videoclub.pojo.Movie" : Populando Meta-Data
17:28:01,124 (main) DEBUG [DataNucleus.MetaData] - No encontramos el MetaData del tipo "orm" por la clase "com.videoclub.pojo.Movie" en /META-INF/package.orm
17:28:01,125 (main) DEBUG [DataNucleus.MetaData] - No encontramos el MetaData del tipo "orm" por la clase "com.videoclub.pojo.Movie" en /WEB-INF/package.orm
17:28:01,125 (main) DEBUG [DataNucleus.MetaData] - No encontramos el MetaData del tipo "orm" por la clase "com.videoclub.pojo.Movie" en /package.orm
17:28:01,125 (main) DEBUG [DataNucleus.MetaData] - No encontramos el MetaData del tipo "orm" por la clase "com.videoclub.pojo.Movie" en /com/package.orm
17:28:01,125 (main) DEBUG [DataNucleus.MetaData] - No encontramos el MetaData del tipo "orm" por la clase "com.videoclub.pojo.Movie" en /com/videoclub/package.orm
17:28:01,125 (main) DEBUG [DataNucleus.MetaData] - No encontramos el MetaData del tipo "orm" por la clase "com.videoclub.pojo.Movie" en /com/videoclub/pojo/package.orm
17:28:01,125 (main) DEBUG [DataNucleus.MetaData] - No encontramos el MetaData del tipo "orm" por la clase "com.videoclub.pojo.Movie" en /com/videoclub/pojo/Movie.orm
17:28:01,125 (main) DEBUG [DataNucleus.MetaData] - No hemos encontrado el MetaData del tipo "orm" por la clase "com.videoclub.pojo.Movie"
17:28:01,125 (main) DEBUG [DataNucleus.MetaData] - Clase "com.videoclub.pojo.Movie" campo "genre" : añadiendo el Meta-Data por el campo como no estaba en la definición de Meta-Data.
17:28:01,125 (main) DEBUG [DataNucleus.MetaData] - Clase "com.videoclub.pojo.Movie" campo "duration" : añadiendo el Meta-Data por el campo como no estaba en la definición de Meta-Data.
17:28:01,125 (main) DEBUG [DataNucleus.MetaData] - Clase "com.videoclub.pojo.Movie" campo "year" : añadiendo el Meta-Data por el campo como no estaba en la definición de Meta-Data.
17:28:01,125 (main) DEBUG [DataNucleus.MetaData] - Clase "com.videoclub.pojo.Movie" campo "director" : añadiendo el Meta-Data por el campo como no estaba en la definición de Meta-Data.
17:28:01,125 (main) DEBUG [DataNucleus.MetaData] - Clase "com.videoclub.pojo.Movie" campo "rentalPrice" : añadiendo el Meta-Data por el campo como no estaba en la definición de Meta-Data.
17:28:01,125 (main) DEBUG [DataNucleus.Persistence] - Tipo de Java com.videoclub.pojo.MovieGenre como el tipo de Java java.lang.Enum
17:28:01,125 (main) DEBUG [DataNucleus.MetaData] - No encontramos el MetaData del tipo "jdo" por la clase "com.videoclub.pojo.MovieGenre" en /META-INF/package.jdo
17:28:01,125 (main) DEBUG [DataNucleus.MetaData] - No encontramos el MetaData del tipo "jdo" por la clase "com.videoclub.pojo.MovieGenre" en /WEB-INF/package.jdo
17:28:01,125 (main) DEBUG [DataNucleus.MetaData] - No encontramos el MetaData del tipo "jdo" por la clase "com.videoclub.pojo.MovieGenre" en /package.jdo
17:28:01,126 (main) DEBUG [DataNucleus.MetaData] - No encontramos el MetaData del tipo "jdo" por la clase "com.videoclub.pojo.MovieGenre" en /com/package.jdo
17:28:01,126 (main) DEBUG [DataNucleus.MetaData] - No encontramos el MetaData del tipo "jdo" por la clase "com.videoclub.pojo.MovieGenre" en /com/videoclub/package.jdo
17:28:01,126 (main) DEBUG [DataNucleus.MetaData] - No encontramos el MetaData del tipo "jdo" por la clase "com.videoclub.pojo.MovieGenre" en /com/videoclub/pojo/package.jdo
17:28:01,126 (main) DEBUG [DataNucleus.MetaData] - No encontramos el MetaData del tipo "jdo" por la clase "com.videoclub.pojo.MovieGenre" en /com/videoclub/pojo/MovieGenre.jdo
17:28:01,126 (main) DEBUG [DataNucleus.MetaData] - No hemos encontrado el MetaData del tipo "jdo" por la clase "com.videoclub.pojo.MovieGenre"
17:28:01,126 (main) DEBUG [DataNucleus.MetaData] - Registrando la clase "com.videoclub.pojo.MovieGenre" no tener Meta-Data
17:28:01,126 (main) DEBUG [DataNucleus.MetaData] - Clase "com.videoclub.pojo.Movie" : Inicializando Meta-Data
17:28:01,126 (main) DEBUG [DataNucleus.Persistence] - ExecutionContext "org.datanucleus.ExecutionContextImpl@34dc85a" se abrió para la base de datos "org.datanucleus.store.rdbms.RDBMSStoreManager@6d4a65c6" con transaccion="org.datanucleus.transaction.TransactionImpl@61e3cf4d"
17:28:01,126 (main) DEBUG [DataNucleus.Transaction] - Transaction created [DataNucleus Transaction, ID=1418522280-4, enlisted resources=[]]
17:28:01,126 (main) DEBUG [DataNucleus.Transaction] - Transacción empezada para el ExecutionContext org.datanucleus.ExecutionContextImpl@34dc85a (optimistic=false)
* Storing a class com.videoclub.pojo.Movie : Movie [title=Movie1, genre=COMEDY, duration=90, year=2023, director=paco, rentalPrice=19.9]
17:28:01,128 (main) DEBUG [DataNucleus.Persistence] - Haciendo el objeto persistente : "com.videoclub.pojo.Movie@4bb003e9"
17:28:01,128 (main) DEBUG [DataNucleus.Persistence] - Va a manjejar la persistencia de Clase : com.videoclub.pojo.Movie [Tabla : `MOVIE`, Estrategia de heredar : new-table]
17:28:01,128 (main) DEBUG [DataNucleus.Datastore.Schema] - Campo [com.videoclub.pojo.Movie.code] -> Columnas [`MOVIE`.`CODE`] usando mapping del tipo "org.datanucleus.store.rdbms.mapping.java.IntegerMapping" (org.datanucleus.store.rdbms.mapping.column.IntegerColumnMapping)
17:28:01,128 (main) DEBUG [DataNucleus.Datastore.Schema] - La tabla `MOVIE` va a manejar la persistencia de los campos de la clase com.videoclub.pojo.Movie (estrategia de heredar="new-table")
17:28:01,128 (main) DEBUG [DataNucleus.Datastore.Schema] - Attempt to find JDBC driver 'typeInfo' for jdbc-type=VARCHAR but sql-type=VARCHAR is not found. Using default sql-type for this jdbc-type.
17:28:01,128 (main) DEBUG [DataNucleus.Datastore.Schema] - Campo [com.videoclub.pojo.Movie.director] -> Columnas [`MOVIE`.`DIRECTOR`] usando mapping del tipo "org.datanucleus.store.rdbms.mapping.java.StringMapping" (org.datanucleus.store.rdbms.mapping.column.VarCharColumnMapping)
17:28:01,128 (main) DEBUG [DataNucleus.Datastore.Schema] - Campo [com.videoclub.pojo.Movie.duration] -> Columnas [`MOVIE`.`DURATION`] usando mapping del tipo "org.datanucleus.store.rdbms.mapping.java.IntegerMapping" (org.datanucleus.store.rdbms.mapping.column.IntegerColumnMapping)
17:28:01,128 (main) DEBUG [DataNucleus.Datastore.Schema] - Campo [com.videoclub.pojo.Movie.genre] -> Columnas [`MOVIE`.`GENRE`] usando mapping del tipo "org.datanucleus.store.rdbms.mapping.java.EnumMapping" (org.datanucleus.store.rdbms.mapping.column.VarCharColumnMapping)
17:28:01,129 (main) DEBUG [DataNucleus.Datastore.Schema] - Campo [com.videoclub.pojo.Movie.rentalPrice] -> Columnas [`MOVIE`.`RENTALPRICE`] usando mapping del tipo "org.datanucleus.store.rdbms.mapping.java.DoubleMapping" (org.datanucleus.store.rdbms.mapping.column.DoubleColumnMapping)
17:28:01,129 (main) DEBUG [DataNucleus.Datastore.Schema] - Attempt to find JDBC driver 'typeInfo' for jdbc-type=VARCHAR but sql-type=VARCHAR is not found. Using default sql-type for this jdbc-type.
17:28:01,129 (main) DEBUG [DataNucleus.Datastore.Schema] - Campo [com.videoclub.pojo.Movie.title] -> Columnas [`MOVIE`.`TITLE`] usando mapping del tipo "org.datanucleus.store.rdbms.mapping.java.StringMapping" (org.datanucleus.store.rdbms.mapping.column.VarCharColumnMapping)
17:28:01,129 (main) DEBUG [DataNucleus.Datastore.Schema] - Campo [com.videoclub.pojo.Movie.year] -> Columnas [`MOVIE`.`YEAR`] usando mapping del tipo "org.datanucleus.store.rdbms.mapping.java.IntegerMapping" (org.datanucleus.store.rdbms.mapping.column.IntegerColumnMapping)
17:28:01,129 (main) DEBUG [DataNucleus.Datastore.Schema] - Table/View `MOVIE` ha sido inicializado
17:28:01,130 (main) DEBUG [DataNucleus.Connection] - ManagedConnection ABIERTO : "org.datanucleus.store.rdbms.ConnectionFactoryImpl$ManagedConnectionImpl@4b2d44bc [conn=org.datanucleus.store.rdbms.datasource.dbcp2.PoolingDataSource$PoolGuardConnectionWrapper@58e92c23, commitOnRelease=true, closeOnRelease=true, closeOnTxnEnd=true]" en resource "nontx" con isolación "serializable" y auto-commit=false
17:28:01,130 (main) DEBUG [DataNucleus.Datastore.Schema] - Empezando transaccion del esquema con conneccion "org.datanucleus.store.rdbms.datasource.dbcp2.PoolingDataSource$PoolGuardConnectionWrapper@58e92c23" y isolacion "serializable"
17:28:01,132 (main) DEBUG [DataNucleus.Datastore.Schema] - Check of existence of `MOVIE` returned table type of TABLE
17:28:01,132 (main) DEBUG [DataNucleus.Datastore.Schema] - Cargando información de columna para las tablas "movie" por el Catalogo "videoclubdb", el Esquema ""
17:28:01,136 (main) DEBUG [DataNucleus.Datastore.Schema] - Información de columna cargado por el Catalogo "videoclubdb", el Esquema "", 1 tablas, tiempo = 4 ms
17:28:01,136 (main) DEBUG [DataNucleus.Datastore.Schema] - Información de columna cargado por la tabla "MOVIE" : hemos encontrado 7 columnas
17:28:01,138 (main) DEBUG [DataNucleus.Datastore.Schema] - Validando 2 indic(es) de la tabla `MOVIE`
17:28:01,151 (main) DEBUG [DataNucleus.Datastore.Schema] - Validando 0 foreign key(s) de la tabla `MOVIE`
17:28:01,153 (main) DEBUG [DataNucleus.Datastore.Schema] - Validando 2 llaves unicas de la tabla `MOVIE`
17:28:01,153 (main) DEBUG [DataNucleus.Datastore.Schema] - Committing transaccion del esquema "org.datanucleus.store.rdbms.datasource.dbcp2.PoolingDataSource$PoolGuardConnectionWrapper@58e92c23"
17:28:01,153 (main) DEBUG [DataNucleus.Datastore.Schema] - Cerrando la conneccion de la transaccion del esquema "org.datanucleus.store.rdbms.datasource.dbcp2.PoolingDataSource$PoolGuardConnectionWrapper@58e92c23"
17:28:01,153 (main) DEBUG [DataNucleus.Connection] - ManagedConnection VA A COMMIT : "org.datanucleus.store.rdbms.ConnectionFactoryImpl$ManagedConnectionImpl@4b2d44bc [conn=org.datanucleus.store.rdbms.datasource.dbcp2.PoolingDataSource$PoolGuardConnectionWrapper@58e92c23, commitOnRelease=true, closeOnRelease=true, closeOnTxnEnd=true]"
17:28:01,153 (main) DEBUG [DataNucleus.Connection] - ManagedConnection CERRADO : "org.datanucleus.store.rdbms.ConnectionFactoryImpl$ManagedConnectionImpl@4b2d44bc [conn=org.datanucleus.store.rdbms.datasource.dbcp2.PoolingDataSource$PoolGuardConnectionWrapper@58e92c23, commitOnRelease=true, closeOnRelease=true, closeOnTxnEnd=true]" 
17:28:01,154 (main) DEBUG [DataNucleus.Datastore.Schema] - Attempt to find JDBC driver 'typeInfo' for jdbc-type=VARCHAR but sql-type=VARCHAR is not found. Using default sql-type for this jdbc-type.
17:28:01,155 (main) DEBUG [DataNucleus.Connection] - ManagedConnection ABIERTO : "org.datanucleus.store.rdbms.ConnectionFactoryImpl$ManagedConnectionImpl@3e7545e8 [conn=org.datanucleus.store.rdbms.datasource.dbcp2.PoolingDataSource$PoolGuardConnectionWrapper@75e710b, commitOnRelease=true, closeOnRelease=true, closeOnTxnEnd=true]" en resource "nontx" con isolación "read-committed" y auto-commit=false
17:28:01,157 (main) DEBUG [DataNucleus.Datastore.Schema] - Check of existence of videoclubdb.`SEQUENCE_TABLE` returned table type of TABLE
17:28:01,157 (main) DEBUG [DataNucleus.Datastore] - Utilizando PreparedStatement "com.mysql.cj.jdbc.ClientPreparedStatement: SELECT `NEXT_VAL` FROM videoclubdb.`SEQUENCE_TABLE` WHERE `SEQUENCE_NAME`=** NOT SPECIFIED ** FOR UPDATE" para la conneccion "org.datanucleus.store.rdbms.datasource.dbcp2.PoolingDataSource$PoolGuardConnectionWrapper@75e710b"
17:28:01,157 (main) DEBUG [DataNucleus.Datastore.Native] - SELECT `NEXT_VAL` FROM videoclubdb.`SEQUENCE_TABLE` WHERE `SEQUENCE_NAME`=? FOR UPDATE
17:28:01,157 (main) DEBUG [DataNucleus.Datastore.Retrieve] - SQL Tiempo de cumplir = 0 ms
17:28:01,157 (main) DEBUG [DataNucleus.Datastore] - Utilizando PreparedStatement "com.mysql.cj.jdbc.ClientPreparedStatement: SELECT MAX(`CODE`) FROM videoclubdb.`MOVIE`" para la conneccion "org.datanucleus.store.rdbms.datasource.dbcp2.PoolingDataSource$PoolGuardConnectionWrapper@75e710b"
17:28:01,157 (main) DEBUG [DataNucleus.Datastore.Native] - SELECT MAX(`CODE`) FROM videoclubdb.`MOVIE`
17:28:01,158 (main) DEBUG [DataNucleus.Datastore.Retrieve] - SQL Tiempo de cumplir = 1 ms
17:28:01,158 (main) DEBUG [DataNucleus.Datastore] - Utilizando PreparedStatement "com.mysql.cj.jdbc.ClientPreparedStatement: INSERT INTO videoclubdb.`SEQUENCE_TABLE` (`SEQUENCE_NAME`,`NEXT_VAL`) VALUES (** NOT SPECIFIED **,** NOT SPECIFIED **)" para la conneccion "org.datanucleus.store.rdbms.datasource.dbcp2.PoolingDataSource$PoolGuardConnectionWrapper@75e710b"
17:28:01,158 (main) DEBUG [DataNucleus.Datastore.Native] - INSERT INTO videoclubdb.`SEQUENCE_TABLE` (`SEQUENCE_NAME`,`NEXT_VAL`) VALUES (?,?)
17:28:01,158 (main) DEBUG [DataNucleus.Datastore.Persist] - SQL Tiempo de cumplir = 0 ms (numero de lineas cambiado = 1) con el PreparedStatement "org.datanucleus.store.rdbms.datasource.dbcp2.DelegatingPreparedStatement@26f7cdf8"
17:28:01,158 (main) DEBUG [DataNucleus.Datastore] - Cerrando PreparedStatement "org.datanucleus.store.rdbms.datasource.dbcp2.DelegatingPreparedStatement@26f7cdf8"
17:28:01,158 (main) DEBUG [DataNucleus.Datastore] - Cerrando PreparedStatement "org.datanucleus.store.rdbms.datasource.dbcp2.DelegatingPreparedStatement@5782d777"
17:28:01,158 (main) DEBUG [DataNucleus.Datastore] - Cerrando PreparedStatement "org.datanucleus.store.rdbms.datasource.dbcp2.DelegatingPreparedStatement@b016b4e"
17:28:01,158 (main) DEBUG [DataNucleus.ValueGeneration] - Hemos reservado un bloque de 10 valores
17:28:01,158 (main) DEBUG [DataNucleus.Connection] - ManagedConnection VA A COMMIT : "org.datanucleus.store.rdbms.ConnectionFactoryImpl$ManagedConnectionImpl@3e7545e8 [conn=org.datanucleus.store.rdbms.datasource.dbcp2.PoolingDataSource$PoolGuardConnectionWrapper@75e710b, commitOnRelease=true, closeOnRelease=true, closeOnTxnEnd=true]"
17:28:01,159 (main) DEBUG [DataNucleus.Connection] - ManagedConnection CERRADO : "org.datanucleus.store.rdbms.ConnectionFactoryImpl$ManagedConnectionImpl@3e7545e8 [conn=org.datanucleus.store.rdbms.datasource.dbcp2.PoolingDataSource$PoolGuardConnectionWrapper@75e710b, commitOnRelease=true, closeOnRelease=true, closeOnTxnEnd=true]" 
17:28:01,160 (main) DEBUG [DataNucleus.ValueGeneration] - Valor generado para el campo "com.videoclub.pojo.Movie.code" con estrategia="increment" (Generador="org.datanucleus.store.rdbms.valuegenerator.TableGenerator") : valor=1
17:28:01,160 (main) DEBUG [DataNucleus.Cache] - Objeto con identidad "com.videoclub.pojo.Movie:1" añadido a la Cache de nivel 1 (loadedFlags="[YYYYYYY]")
17:28:01,160 (main) DEBUG [DataNucleus.Transaction] - Objeto con identidad "com.videoclub.pojo.Movie:1" ha sido puesto en la cache transaccional
17:28:01,160 (main) DEBUG [DataNucleus.Persistence] - Objeto "com.videoclub.pojo.Movie@4bb003e9" va a ser añadido a la tabla "`MOVIE`"
17:28:01,161 (main) DEBUG [DataNucleus.Connection] - ManagedConnection ABIERTO : "org.datanucleus.store.rdbms.ConnectionFactoryImpl$ManagedConnectionImpl@681adc8f [conn=org.datanucleus.store.rdbms.datasource.dbcp2.PoolingDataSource$PoolGuardConnectionWrapper@3506d826, commitOnRelease=false, closeOnRelease=false, closeOnTxnEnd=true]" en resource "tx" con isolación "read-committed" y auto-commit=false
17:28:01,161 (main) DEBUG [DataNucleus.Transaction] - Running enlist operation on resource: org.datanucleus.store.rdbms.ConnectionFactoryImpl$EmulatedXAResource@35dd9ed3, error code TMNOFLAGS and transaction [DataNucleus Transaction, ID=1418522280-4, enlisted resources=[]]
17:28:01,161 (main) DEBUG [DataNucleus.Datastore] - Utilizando PreparedStatement "com.mysql.cj.jdbc.ClientPreparedStatement: INSERT INTO `MOVIE` (`DIRECTOR`,`DURATION`,`GENRE`,`RENTALPRICE`,`TITLE`,`YEAR`,`CODE`) VALUES (** NOT SPECIFIED **,** NOT SPECIFIED **,** NOT SPECIFIED **,** NOT SPECIFIED **,** NOT SPECIFIED **,** NOT SPECIFIED **,** NOT SPECIFIED **)" para la conneccion "org.datanucleus.store.rdbms.datasource.dbcp2.PoolingDataSource$PoolGuardConnectionWrapper@3506d826"
17:28:01,161 (main) DEBUG [DataNucleus.Datastore.Persist] - El statement "INSERT INTO `MOVIE` (`DIRECTOR`,`DURATION`,`GENRE`,`RENTALPRICE`,`TITLE`,`YEAR`,`CODE`) VALUES (?,?,?,?,?,?,?)" ya es batchable
17:28:01,161 (main) DEBUG [DataNucleus.Datastore.Persist] - Añadiendo statement "INSERT INTO `MOVIE` (`DIRECTOR`,`DURATION`,`GENRE`,`RENTALPRICE`,`TITLE`,`YEAR`,`CODE`) VALUES (?,?,?,?,?,?,?)" al batch para procesar (tamaño de batch = 1)
17:28:01,161 (main) DEBUG [DataNucleus.Datastore.Native] - INSERT INTO `MOVIE` (`DIRECTOR`,`DURATION`,`GENRE`,`RENTALPRICE`,`TITLE`,`YEAR`,`CODE`) VALUES (?,?,?,?,?,?,?)
17:28:01,163 (main) DEBUG [DataNucleus.Datastore] - SQL Tiempo de cumplir = 2 ms (numero de lineas cambiado = [1]) con el PreparedStatement "org.datanucleus.store.rdbms.datasource.dbcp2.DelegatingPreparedStatement@35fb22a9"
17:28:01,163 (main) DEBUG [DataNucleus.Transaction] - Haciendo commit de la transaacción para el ExecutionContext org.datanucleus.ExecutionContextImpl@34dc85a
17:28:01,163 (main) DEBUG [DataNucleus.Persistence] - ExecutionContext.internalFlush() empezado con flush ordenado - 1 objetos registrados
17:28:01,163 (main) DEBUG [DataNucleus.Persistence] - ExecutionContext.internalFlush() terminado
17:28:01,163 (main) DEBUG [DataNucleus.Persistence] - Persistence-By-Reachability (commit) : EMPIEZA
17:28:01,163 (main) DEBUG [DataNucleus.Persistence] - Haciendo la calculación de alcanzables con objeto con identidad "com.videoclub.pojo.Movie:1"
17:28:01,163 (main) DEBUG [DataNucleus.Cache] - Objeto con identidad "com.videoclub.pojo.Movie:1" obtenido de la Cache nivel 1 (loadedFlags="[YYYYYYY]")
17:28:01,163 (main) DEBUG [DataNucleus.Persistence] - Object con id "com.videoclub.pojo.Movie:1" y estado de vida "P_NEW" añadido a la lista de alcanzables al commit.
17:28:01,163 (main) DEBUG [DataNucleus.Persistence] - ExecutionContext.internalFlush() empezado con flush ordenado - 0 objetos registrados
17:28:01,163 (main) DEBUG [DataNucleus.Persistence] - ExecutionContext.internalFlush() terminado
17:28:01,163 (main) DEBUG [DataNucleus.Persistence] - Persistence-By-Reachability (commit) : TERMINADO
17:28:01,163 (main) DEBUG [DataNucleus.Cache] - Objeto con identidad "com.videoclub.pojo.Movie:1" añadido a la Cache de nivel 2 (campos="[0, 1, 2, 3, 4, 5, 6]", version="")
17:28:01,163 (main) DEBUG [DataNucleus.Cache] - El objeto con identidad "com.videoclub.pojo.Movie:1" va a tener los campos siguientes almacendados en el objeto de Level 2 cache : [0, 1, 2, 3, 4, 5, 6]
17:28:01,163 (main) DEBUG [DataNucleus.Transaction] - Committing [DataNucleus Transaction, ID=1418522280-4, enlisted resources=[org.datanucleus.store.rdbms.ConnectionFactoryImpl$EmulatedXAResource@35dd9ed3]]
17:28:01,163 (main) DEBUG [DataNucleus.Connection] - ManagedConnection VA A COMMIT : "org.datanucleus.store.rdbms.ConnectionFactoryImpl$ManagedConnectionImpl@681adc8f [conn=org.datanucleus.store.rdbms.datasource.dbcp2.PoolingDataSource$PoolGuardConnectionWrapper@3506d826, commitOnRelease=false, closeOnRelease=false, closeOnTxnEnd=true]"
[...]
  [symbols: this type=com.videoclub.pojo.User]
17:28:01,380 (main) DEBUG [DataNucleus.Query] - Query de JDOQL : Compilación (base de datos) de "SELECT UNIQUE FROM com.videoclub.pojo.User WHERE email == 'admin@email.com'"
17:28:01,381 (main) DEBUG [DataNucleus.Query] - Compile of JDOQL into SQL - JoinType : navigation(default=(using nullability), filter=(using nullability))
17:28:01,381 (main) DEBUG [DataNucleus.Query] - Query de JDOQL : Tiempo de compilar (base de datos) = 1
17:28:01,382 (main) DEBUG [DataNucleus.Connection] - ManagedConnection ABIERTO : "org.datanucleus.store.rdbms.ConnectionFactoryImpl$ManagedConnectionImpl@5477a1ca [conn=org.datanucleus.store.rdbms.datasource.dbcp2.PoolingDataSource$PoolGuardConnectionWrapper@3ae9d1e2, commitOnRelease=false, closeOnRelease=false, closeOnTxnEnd=true]" en resource "tx" con isolación "read-committed" y auto-commit=false
17:28:01,382 (main) DEBUG [DataNucleus.Transaction] - Running enlist operation on resource: org.datanucleus.store.rdbms.ConnectionFactoryImpl$EmulatedXAResource@41522537, error code TMNOFLAGS and transaction [DataNucleus Transaction, ID=1418522280-38, enlisted resources=[]]
17:28:01,382 (main) DEBUG [DataNucleus.Query] - Query de JDOQL : Ejecucion de "SELECT UNIQUE FROM com.videoclub.pojo.User WHERE email == 'admin@email.com'" ...
17:28:01,382 (main) DEBUG [DataNucleus.Datastore] - Utilizando PreparedStatement "com.mysql.cj.jdbc.ClientPreparedStatement: SELECT 'com.videoclub.pojo.User' AS `DN_TYPE`,`A0`.`CODE`,`A0`.`EMAIL`,`A0`.`NAME`,`A0`.`PASSWORD`,`A0`.`SURNAME`,`A0`.`TYPE`,`A0`.`USERNAME` FROM `USER` `A0` WHERE `A0`.`EMAIL` = 'admin@email.com'" para la conneccion "org.datanucleus.store.rdbms.datasource.dbcp2.PoolingDataSource$PoolGuardConnectionWrapper@3ae9d1e2"
17:28:01,382 (main) DEBUG [DataNucleus.Datastore.Native] - SELECT 'com.videoclub.pojo.User' AS `DN_TYPE`,`A0`.`CODE`,`A0`.`EMAIL`,`A0`.`NAME`,`A0`.`PASSWORD`,`A0`.`SURNAME`,`A0`.`TYPE`,`A0`.`USERNAME` FROM `USER` `A0` WHERE `A0`.`EMAIL` = 'admin@email.com'
17:28:01,382 (main) DEBUG [DataNucleus.Datastore.Retrieve] - SQL Tiempo de cumplir = 0 ms
17:28:01,382 (main) DEBUG [DataNucleus.Query] - Query de JDOQL : Tiempo de ejecutar = 0 ms
17:28:01,382 (main) DEBUG [DataNucleus.Cache] - Objeto con identidad "com.videoclub.pojo.User:1" no esta en la Cache de nivel 1
17:28:01,382 (main) DEBUG [DataNucleus.Cache] - Objeto con identidad "com.videoclub.pojo.User:1" añadido a la Cache de nivel 1 (loadedFlags="[YNNNNNN]")
17:28:01,382 (main) DEBUG [DataNucleus.Transaction] - Objeto con identidad "com.videoclub.pojo.User:1" ha sido puesto en la cache transaccional
17:28:01,382 (main) DEBUG [DataNucleus.Cache] - Objeto con identidad "com.videoclub.pojo.User:1" obtenido de la Cache nivel 2 (campos="[0, 1, 2, 3, 4, 5, 6]", version="") - representado como "com.videoclub.pojo.User@670d4d38"
17:28:01,382 (main) DEBUG [DataNucleus.Persistence] - Detachando una copia del objeto "com.videoclub.pojo.User@670d4d38" (profundidad=0) como "com.videoclub.pojo.User@23eff5d1" - campos-detachados=[0, 1, 2, 3, 4, 5, 6], campos-para-obtener=null
17:28:01,382 (main) DEBUG [DataNucleus.Transaction] - Haciendo commit de la transaacción para el ExecutionContext org.datanucleus.ExecutionContextImpl@34dc85a
17:28:01,382 (main) DEBUG [DataNucleus.Persistence] - ExecutionContext.internalFlush() empezado con flush ordenado - 0 objetos registrados
17:28:01,382 (main) DEBUG [DataNucleus.Persistence] - ExecutionContext.internalFlush() terminado
17:28:01,382 (main) DEBUG [DataNucleus.Persistence] - Persistence-By-Reachability (commit) : EMPIEZA
17:28:01,382 (main) DEBUG [DataNucleus.Persistence] - Persistence-By-Reachability (commit) : TERMINADO
17:28:01,382 (main) DEBUG [DataNucleus.Cache] - El objeto con identidad "com.videoclub.pojo.User:1" va a tener los campos siguientes almacendados en el objeto de Level 2 cache : [0, 1, 2, 3, 4, 5, 6]
17:28:01,382 (main) DEBUG [DataNucleus.Transaction] - Committing [DataNucleus Transaction, ID=1418522280-38, enlisted resources=[org.datanucleus.store.rdbms.ConnectionFactoryImpl$EmulatedXAResource@41522537]]
17:28:01,382 (main) DEBUG [DataNucleus.Connection] - ManagedConnection VA A COMMIT : "org.datanucleus.store.rdbms.ConnectionFactoryImpl$ManagedConnectionImpl@5477a1ca [conn=org.datanucleus.store.rdbms.datasource.dbcp2.PoolingDataSource$PoolGuardConnectionWrapper@3ae9d1e2, commitOnRelease=false, closeOnRelease=false, closeOnTxnEnd=true]"
17:28:01,382 (main) DEBUG [DataNucleus.Connection] - ManagedConnection CERRADO : "org.datanucleus.store.rdbms.ConnectionFactoryImpl$ManagedConnectionImpl@5477a1ca [conn=org.datanucleus.store.rdbms.datasource.dbcp2.PoolingDataSource$PoolGuardConnectionWrapper@3ae9d1e2, commitOnRelease=false, closeOnRelease=false, closeOnTxnEnd=true]" 
17:28:01,383 (main) DEBUG [DataNucleus.Persistence] - Haciendo el objeto detachado : "com.videoclub.pojo.User@670d4d38" (profundidad=0)
17:28:01,383 (main) DEBUG [DataNucleus.Persistence] - Objeto con identidad "com.videoclub.pojo.User:1" tiene cambio de lifeycle : "P_CLEAN"->"DETACHED_CLEAN"
17:28:01,383 (main) DEBUG [DataNucleus.Transaction] - Objeto con identidad "com.videoclub.pojo.User:1" fue borrado de la cache transactional
17:28:01,383 (main) DEBUG [DataNucleus.Persistence] - Disconectando objeto con identidad "com.videoclub.pojo.User:1" de StateManager[pc=com.videoclub.pojo.User@670d4d38, lifecycle=DETACHED_CLEAN]
17:28:01,383 (main) DEBUG [DataNucleus.Cache] - Objeto con identidad="com.videoclub.pojo.User:1" borrado de la Cache de nivel 1
17:28:01,383 (main) DEBUG [DataNucleus.Transaction] - Transacción committed en 1 ms
17:28:01,383 (main) DEBUG [DataNucleus.Persistence] - ExecutionContext "org.datanucleus.ExecutionContextImpl@34dc85a" se cerró
17:28:01,383 (main) DEBUG [DataNucleus.Persistence] - ExecutionContext "org.datanucleus.ExecutionContextImpl@34dc85a" se abrió para la base de datos "org.datanucleus.store.rdbms.RDBMSStoreManager@6d4a65c6" con transaccion="org.datanucleus.transaction.TransactionImpl@42c28305"
17:28:01,383 (main) DEBUG [DataNucleus.Transaction] - Transaction created [DataNucleus Transaction, ID=1418522280-39, enlisted resources=[]]
17:28:01,383 (main) DEBUG [DataNucleus.Transaction] - Transacción empezada para el ExecutionContext org.datanucleus.ExecutionContextImpl@34dc85a (optimistic=false)
17:28:01,383 (main) DEBUG [DataNucleus.Query] - JDOQL Single-String de "SELECT FROM com.videoclub.pojo.User WHERE email == 'asier.account@email.com'"
17:28:01,383 (main) DEBUG [DataNucleus.Query] - Query de JDOQL : Compilación (generic) de "SELECT UNIQUE FROM com.videoclub.pojo.User WHERE email == 'asier.account@email.com'"
17:28:01,383 (main) DEBUG [DataNucleus.Query] - Query de JDOQL : Tiempo de compilar (generic) = 0 ms
17:28:01,383 (main) DEBUG [DataNucleus.Query] - QueryCompilation:
  [filter:DyadicExpression{PrimaryExpression{email}  =  Literal{asier.account@email.com}}]
  [symbols: this type=com.videoclub.pojo.User]
17:28:01,383 (main) DEBUG [DataNucleus.Query] - Query de JDOQL : Compilación (base de datos) de "SELECT UNIQUE FROM com.videoclub.pojo.User WHERE email == 'asier.account@email.com'"
17:28:01,383 (main) DEBUG [DataNucleus.Query] - Compile of JDOQL into SQL - JoinType : navigation(default=(using nullability), filter=(using nullability))
17:28:01,384 (main) DEBUG [DataNucleus.Query] - Query de JDOQL : Tiempo de compilar (base de datos) = 1
17:28:01,384 (main) DEBUG [DataNucleus.Connection] - ManagedConnection ABIERTO : "org.datanucleus.store.rdbms.ConnectionFactoryImpl$ManagedConnectionImpl@63411512 [conn=org.datanucleus.store.rdbms.datasource.dbcp2.PoolingDataSource$PoolGuardConnectionWrapper@35cd68d4, commitOnRelease=false, closeOnRelease=false, closeOnTxnEnd=true]" en resource "tx" con isolación "read-committed" y auto-commit=false
17:28:01,384 (main) DEBUG [DataNucleus.Transaction] - Running enlist operation on resource: org.datanucleus.store.rdbms.ConnectionFactoryImpl$EmulatedXAResource@316a598d, error code TMNOFLAGS and transaction [DataNucleus Transaction, ID=1418522280-39, enlisted resources=[]]
17:28:01,384 (main) DEBUG [DataNucleus.Query] - Query de JDOQL : Ejecucion de "SELECT UNIQUE FROM com.videoclub.pojo.User WHERE email == 'asier.account@email.com'" ...
17:28:01,384 (main) DEBUG [DataNucleus.Datastore] - Utilizando PreparedStatement "com.mysql.cj.jdbc.ClientPreparedStatement: SELECT 'com.videoclub.pojo.User' AS `DN_TYPE`,`A0`.`CODE`,`A0`.`EMAIL`,`A0`.`NAME`,`A0`.`PASSWORD`,`A0`.`SURNAME`,`A0`.`TYPE`,`A0`.`USERNAME` FROM `USER` `A0` WHERE `A0`.`EMAIL` = 'asier.account@email.com'" para la conneccion "org.datanucleus.store.rdbms.datasource.dbcp2.PoolingDataSource$PoolGuardConnectionWrapper@35cd68d4"
17:28:01,384 (main) DEBUG [DataNucleus.Datastore.Native] - SELECT 'com.videoclub.pojo.User' AS `DN_TYPE`,`A0`.`CODE`,`A0`.`EMAIL`,`A0`.`NAME`,`A0`.`PASSWORD`,`A0`.`SURNAME`,`A0`.`TYPE`,`A0`.`USERNAME` FROM `USER` `A0` WHERE `A0`.`EMAIL` = 'asier.account@email.com'
17:28:01,384 (main) DEBUG [DataNucleus.Datastore.Retrieve] - SQL Tiempo de cumplir = 0 ms
17:28:01,384 (main) DEBUG [DataNucleus.Query] - Query de JDOQL : Tiempo de ejecutar = 0 ms
17:28:01,384 (main) DEBUG [DataNucleus.Cache] - Objeto con identidad "com.videoclub.pojo.User:2" no esta en la Cache de nivel 1
17:28:01,385 (main) DEBUG [DataNucleus.Cache] - Objeto con identidad "com.videoclub.pojo.User:2" añadido a la Cache de nivel 1 (loadedFlags="[YNNNNNN]")
17:28:01,385 (main) DEBUG [DataNucleus.Transaction] - Objeto con identidad "com.videoclub.pojo.User:2" ha sido puesto en la cache transaccional
17:28:01,385 (main) DEBUG [DataNucleus.Cache] - Objeto con identidad "com.videoclub.pojo.User:2" obtenido de la Cache nivel 2 (campos="[0, 1, 2, 3, 4, 5, 6]", version="") - representado como "com.videoclub.pojo.User@6ba30587"
17:28:01,385 (main) DEBUG [DataNucleus.Persistence] - Detachando una copia del objeto "com.videoclub.pojo.User@6ba30587" (profundidad=0) como "com.videoclub.pojo.User@5d5160e6" - campos-detachados=[0, 1, 2, 3, 4, 5, 6], campos-para-obtener=null
17:28:01,385 (main) DEBUG [DataNucleus.Transaction] - Haciendo commit de la transaacción para el ExecutionContext org.datanucleus.ExecutionContextImpl@34dc85a
17:28:01,385 (main) DEBUG [DataNucleus.Persistence] - ExecutionContext.internalFlush() empezado con flush ordenado - 0 objetos registrados
17:28:01,385 (main) DEBUG [DataNucleus.Persistence] - ExecutionContext.internalFlush() terminado
17:28:01,385 (main) DEBUG [DataNucleus.Persistence] - Persistence-By-Reachability (commit) : EMPIEZA
17:28:01,385 (main) DEBUG [DataNucleus.Persistence] - Persistence-By-Reachability (commit) : TERMINADO
17:28:01,385 (main) DEBUG [DataNucleus.Cache] - El objeto con identidad "com.videoclub.pojo.User:2" va a tener los campos siguientes almacendados en el objeto de Level 2 cache : [0, 1, 2, 3, 4, 5, 6]
17:28:01,385 (main) DEBUG [DataNucleus.Transaction] - Committing [DataNucleus Transaction, ID=1418522280-39, enlisted resources=[org.datanucleus.store.rdbms.ConnectionFactoryImpl$EmulatedXAResource@316a598d]]
17:28:01,385 (main) DEBUG [DataNucleus.Connection] - ManagedConnection VA A COMMIT : "org.datanucleus.store.rdbms.ConnectionFactoryImpl$ManagedConnectionImpl@63411512 [conn=org.datanucleus.store.rdbms.datasource.dbcp2.PoolingDataSource$PoolGuardConnectionWrapper@35cd68d4, commitOnRelease=false, closeOnRelease=false, closeOnTxnEnd=true]"
17:28:01,385 (main) DEBUG [DataNucleus.Connection] - ManagedConnection CERRADO : "org.datanucleus.store.rdbms.ConnectionFactoryImpl$ManagedConnectionImpl@63411512 [conn=org.datanucleus.store.rdbms.datasource.dbcp2.PoolingDataSource$PoolGuardConnectionWrapper@35cd68d4, commitOnRelease=false, closeOnRelease=false, closeOnTxnEnd=true]" 
17:28:01,385 (main) DEBUG [DataNucleus.Persistence] - Haciendo el objeto detachado : "com.videoclub.pojo.User@6ba30587" (profundidad=0)
17:28:01,385 (main) DEBUG [DataNucleus.Persistence] - Objeto con identidad "com.videoclub.pojo.User:2" tiene cambio de lifeycle : "P_CLEAN"->"DETACHED_CLEAN"
17:28:01,385 (main) DEBUG [DataNucleus.Transaction] - Objeto con identidad "com.videoclub.pojo.User:2" fue borrado de la cache transactional
17:28:01,385 (main) DEBUG [DataNucleus.Persistence] - Disconectando objeto con identidad "com.videoclub.pojo.User:2" de StateManager[pc=com.videoclub.pojo.User@6ba30587, lifecycle=DETACHED_CLEAN]
17:28:01,385 (main) DEBUG [DataNucleus.Cache] - Objeto con identidad="com.videoclub.pojo.User:2" borrado de la Cache de nivel 1
17:28:01,385 (main) DEBUG [DataNucleus.Transaction] - Transacción committed en 0 ms
17:28:01,385 (main) DEBUG [DataNucleus.Persistence] - ExecutionContext "org.datanucleus.ExecutionContextImpl@34dc85a" se cerró
17:28:01,385 (main) DEBUG [DataNucleus.Persistence] - ExecutionContext "org.datanucleus.ExecutionContextImpl@34dc85a" se abrió para la base de datos "org.datanucleus.store.rdbms.RDBMSStoreManager@6d4a65c6" con transaccion="org.datanucleus.transaction.TransactionImpl@2903c6ff"
17:28:01,386 (main) DEBUG [DataNucleus.Transaction] - Transaction created [DataNucleus Transaction, ID=1418522280-40, enlisted resources=[]]
17:28:01,386 (main) DEBUG [DataNucleus.Transaction] - Transacción empezada para el ExecutionContext org.datanucleus.ExecutionContextImpl@34dc85a (optimistic=false)
17:28:01,386 (main) DEBUG [DataNucleus.Query] - JDOQL Single-String de "SELECT FROM com.videoclub.pojo.User WHERE email == 'client@email.com'"
17:28:01,386 (main) DEBUG [DataNucleus.Query] - Query de JDOQL : Compilación (generic) de "SELECT UNIQUE FROM com.videoclub.pojo.User WHERE email == 'client@email.com'"
17:28:01,386 (main) DEBUG [DataNucleus.Query] - Query de JDOQL : Tiempo de compilar (generic) = 0 ms
17:28:01,386 (main) DEBUG [DataNucleus.Query] - QueryCompilation:
  [filter:DyadicExpression{PrimaryExpression{email}  =  Literal{client@email.com}}]
  [symbols: this type=com.videoclub.pojo.User]
17:28:01,386 (main) DEBUG [DataNucleus.Query] - Query de JDOQL : Compilación (base de datos) de "SELECT UNIQUE FROM com.videoclub.pojo.User WHERE email == 'client@email.com'"
17:28:01,386 (main) DEBUG [DataNucleus.Query] - Compile of JDOQL into SQL - JoinType : navigation(default=(using nullability), filter=(using nullability))
17:28:01,386 (main) DEBUG [DataNucleus.Query] - Query de JDOQL : Tiempo de compilar (base de datos) = 0
17:28:01,387 (main) DEBUG [DataNucleus.Connection] - ManagedConnection ABIERTO : "org.datanucleus.store.rdbms.ConnectionFactoryImpl$ManagedConnectionImpl@778d82e9 [conn=org.datanucleus.store.rdbms.datasource.dbcp2.PoolingDataSource$PoolGuardConnectionWrapper@408e96d9, commitOnRelease=false, closeOnRelease=false, closeOnTxnEnd=true]" en resource "tx" con isolación "read-committed" y auto-commit=false
17:28:01,387 (main) DEBUG [DataNucleus.Transaction] - Running enlist operation on resource: org.datanucleus.store.rdbms.ConnectionFactoryImpl$EmulatedXAResource@59901c4d, error code TMNOFLAGS and transaction [DataNucleus Transaction, ID=1418522280-40, enlisted resources=[]]
17:28:01,387 (main) DEBUG [DataNucleus.Query] - Query de JDOQL : Ejecucion de "SELECT UNIQUE FROM com.videoclub.pojo.User WHERE email == 'client@email.com'" ...
17:28:01,387 (main) DEBUG [DataNucleus.Datastore] - Utilizando PreparedStatement "com.mysql.cj.jdbc.ClientPreparedStatement: SELECT 'com.videoclub.pojo.User' AS `DN_TYPE`,`A0`.`CODE`,`A0`.`EMAIL`,`A0`.`NAME`,`A0`.`PASSWORD`,`A0`.`SURNAME`,`A0`.`TYPE`,`A0`.`USERNAME` FROM `USER` `A0` WHERE `A0`.`EMAIL` = 'client@email.com'" para la conneccion "org.datanucleus.store.rdbms.datasource.dbcp2.PoolingDataSource$PoolGuardConnectionWrapper@408e96d9"
17:28:01,387 (main) DEBUG [DataNucleus.Datastore.Native] - SELECT 'com.videoclub.pojo.User' AS `DN_TYPE`,`A0`.`CODE`,`A0`.`EMAIL`,`A0`.`NAME`,`A0`.`PASSWORD`,`A0`.`SURNAME`,`A0`.`TYPE`,`A0`.`USERNAME` FROM `USER` `A0` WHERE `A0`.`EMAIL` = 'client@email.com'
17:28:01,387 (main) DEBUG [DataNucleus.Datastore.Retrieve] - SQL Tiempo de cumplir = 0 ms
17:28:01,387 (main) DEBUG [DataNucleus.Query] - Query de JDOQL : Tiempo de ejecutar = 0 ms
17:28:01,387 (main) DEBUG [DataNucleus.Cache] - Objeto con identidad "com.videoclub.pojo.User:3" no esta en la Cache de nivel 1
17:28:01,387 (main) DEBUG [DataNucleus.Cache] - Objeto con identidad "com.videoclub.pojo.User:3" añadido a la Cache de nivel 1 (loadedFlags="[YNNNNNN]")
17:28:01,387 (main) DEBUG [DataNucleus.Transaction] - Objeto con identidad "com.videoclub.pojo.User:3" ha sido puesto en la cache transaccional
17:28:01,387 (main) DEBUG [DataNucleus.Cache] - Objeto con identidad "com.videoclub.pojo.User:3" obtenido de la Cache nivel 2 (campos="[0, 1, 2, 3, 4, 5, 6]", version="") - representado como "com.videoclub.pojo.User@d8d9199"
17:28:01,387 (main) DEBUG [DataNucleus.Persistence] - Detachando una copia del objeto "com.videoclub.pojo.User@d8d9199" (profundidad=0) como "com.videoclub.pojo.User@10cd6753" - campos-detachados=[0, 1, 2, 3, 4, 5, 6], campos-para-obtener=null
17:28:01,387 (main) DEBUG [DataNucleus.Transaction] - Haciendo commit de la transaacción para el ExecutionContext org.datanucleus.ExecutionContextImpl@34dc85a
17:28:01,387 (main) DEBUG [DataNucleus.Persistence] - ExecutionContext.internalFlush() empezado con flush ordenado - 0 objetos registrados
17:28:01,387 (main) DEBUG [DataNucleus.Persistence] - ExecutionContext.internalFlush() terminado
17:28:01,387 (main) DEBUG [DataNucleus.Persistence] - Persistence-By-Reachability (commit) : EMPIEZA
17:28:01,387 (main) DEBUG [DataNucleus.Persistence] - Persistence-By-Reachability (commit) : TERMINADO
17:28:01,387 (main) DEBUG [DataNucleus.Cache] - El objeto con identidad "com.videoclub.pojo.User:3" va a tener los campos siguientes almacendados en el objeto de Level 2 cache : [0, 1, 2, 3, 4, 5, 6]
17:28:01,387 (main) DEBUG [DataNucleus.Transaction] - Committing [DataNucleus Transaction, ID=1418522280-40, enlisted resources=[org.datanucleus.store.rdbms.ConnectionFactoryImpl$EmulatedXAResource@59901c4d]]
17:28:01,387 (main) DEBUG [DataNucleus.Connection] - ManagedConnection VA A COMMIT : "org.datanucleus.store.rdbms.ConnectionFactoryImpl$ManagedConnectionImpl@778d82e9 [conn=org.datanucleus.store.rdbms.datasource.dbcp2.PoolingDataSource$PoolGuardConnectionWrapper@408e96d9, commitOnRelease=false, closeOnRelease=false, closeOnTxnEnd=true]"
17:28:01,387 (main) DEBUG [DataNucleus.Connection] - ManagedConnection CERRADO : "org.datanucleus.store.rdbms.ConnectionFactoryImpl$ManagedConnectionImpl@778d82e9 [conn=org.datanucleus.store.rdbms.datasource.dbcp2.PoolingDataSource$PoolGuardConnectionWrapper@408e96d9, commitOnRelease=false, closeOnRelease=false, closeOnTxnEnd=true]" 
17:28:01,388 (main) DEBUG [DataNucleus.Persistence] - Haciendo el objeto detachado : "com.videoclub.pojo.User@d8d9199" (profundidad=0)
17:28:01,388 (main) DEBUG [DataNucleus.Persistence] - Objeto con identidad "com.videoclub.pojo.User:3" tiene cambio de lifeycle : "P_CLEAN"->"DETACHED_CLEAN"
17:28:01,388 (main) DEBUG [DataNucleus.Transaction] - Objeto con identidad "com.videoclub.pojo.User:3" fue borrado de la cache transactional
17:28:01,388 (main) DEBUG [DataNucleus.Persistence] - Disconectando objeto con identidad "com.videoclub.pojo.User:3" de StateManager[pc=com.videoclub.pojo.User@d8d9199, lifecycle=DETACHED_CLEAN]
17:28:01,388 (main) DEBUG [DataNucleus.Cache] - Objeto con identidad="com.videoclub.pojo.User:3" borrado de la Cache de nivel 1
17:28:01,388 (main) DEBUG [DataNucleus.Transaction] - Transacción committed en 1 ms
17:28:01,388 (main) DEBUG [DataNucleus.Persistence] - ExecutionContext "org.datanucleus.ExecutionContextImpl@34dc85a" se cerró
User [code=1, username=admin,type=ADMIN, password=8c6976e5b5410415bde908bd4dee15dfb167a9c873fc4bb8a81f6f2ab448a918, email=admin@email.com, name=AdminName, surname=AdminSurname] - User [code=1, username=admin,type=ADMIN, password=8c6976e5b5410415bde908bd4dee15dfb167a9c873fc4bb8a81f6f2ab448a918, email=admin@email.com, name=AdminName, surname=AdminSurname]
]]></system-out>
  </testcase>
</testsuite>