<?xml version="1.0" encoding="UTF-8"?>
<testsuite xmlns:xsi="http://www.w3.org/2001/XMLSchema-instance" xsi:noNamespaceSchemaLocation="https://maven.apache.org/surefire/maven-surefire-plugin/xsd/surefire-test-report-3.0.xsd" version="3.0" name="com.videoclub.testing.TestVideoclub" time="0.368" tests="3" errors="0" skipped="0" failures="0">
  <properties>
[...]
</properties>
  <testcase name="databaseRentalChecking" classname="com.videoclub.testing.TestVideoclub" time="0.032">
    <system-out><![CDATA[15:04:03,022 (main) DEBUG [DataNucleus.Persistence] - ExecutionContext "org.datanucleus.ExecutionContextImpl@6680f714" se abrió para la base de datos "org.datanucleus.store.rdbms.RDBMSStoreManager@1084f78c" con transaccion="org.datanucleus.transaction.TransactionImpl@217235f5"
15:04:03,022 (main) DEBUG [DataNucleus.Transaction] - Transaction created [DataNucleus Transaction, ID=1792540124-8, enlisted resources=[]]
15:04:03,022 (main) DEBUG [DataNucleus.Transaction] - Transacción empezada para el ExecutionContext org.datanucleus.ExecutionContextImpl@6680f714 (optimistic=false)
* Storing a class com.videoclub.pojo.User : User [code=0, username=admin,type=ADMIN, password=8c6976e5b5410415bde908bd4dee15dfb167a9c873fc4bb8a81f6f2ab448a918, email=admin@email.com, name=AdminName, surname=AdminSurname]
15:04:03,038 (main) DEBUG [DataNucleus.Persistence] - Haciendo el objeto persistente : "com.videoclub.pojo.User@ab4aa5e"
15:04:03,043 (main) DEBUG [DataNucleus.Datastore.Schema] - Attempt to find JDBC driver 'typeInfo' for jdbc-type=VARCHAR but sql-type=VARCHAR is not found. Using default sql-type for this jdbc-type.
15:04:03,043 (main) DEBUG [DataNucleus.Connection] - ManagedConnection ABIERTO : "org.datanucleus.store.rdbms.ConnectionFactoryImpl$ManagedConnectionImpl@6c3f1658 [conn=org.datanucleus.store.rdbms.datasource.dbcp2.PoolingDataSource$PoolGuardConnectionWrapper@110e9982, commitOnRelease=true, closeOnRelease=true, closeOnTxnEnd=true]" en resource "nontx" con isolación "read-committed" y auto-commit=false
15:04:03,043 (main) DEBUG [DataNucleus.Datastore.Schema] - Check of existence of videoclubdb.`SEQUENCE_TABLE` returned table type of TABLE
15:04:03,043 (main) DEBUG [DataNucleus.Datastore] - Utilizando PreparedStatement "com.mysql.cj.jdbc.ClientPreparedStatement: SELECT `NEXT_VAL` FROM videoclubdb.`SEQUENCE_TABLE` WHERE `SEQUENCE_NAME`=** NOT SPECIFIED ** FOR UPDATE" para la conneccion "org.datanucleus.store.rdbms.datasource.dbcp2.PoolingDataSource$PoolGuardConnectionWrapper@110e9982"
15:04:03,043 (main) DEBUG [DataNucleus.Datastore.Native] - SELECT `NEXT_VAL` FROM videoclubdb.`SEQUENCE_TABLE` WHERE `SEQUENCE_NAME`=? FOR UPDATE
15:04:03,043 (main) DEBUG [DataNucleus.Datastore.Retrieve] - SQL Tiempo de cumplir = 0 ms
15:04:03,051 (main) DEBUG [DataNucleus.Datastore] - Utilizando PreparedStatement "com.mysql.cj.jdbc.ClientPreparedStatement: UPDATE videoclubdb.`SEQUENCE_TABLE` SET `NEXT_VAL`=(`NEXT_VAL`+** NOT SPECIFIED **) WHERE `SEQUENCE_NAME`=** NOT SPECIFIED **" para la conneccion "org.datanucleus.store.rdbms.datasource.dbcp2.PoolingDataSource$PoolGuardConnectionWrapper@110e9982"
15:04:03,051 (main) DEBUG [DataNucleus.Datastore.Native] - UPDATE videoclubdb.`SEQUENCE_TABLE` SET `NEXT_VAL`=(`NEXT_VAL`+?) WHERE `SEQUENCE_NAME`=?
15:04:03,051 (main) DEBUG [DataNucleus.Datastore.Persist] - SQL Tiempo de cumplir = 0 ms (numero de lineas cambiado = 1) con el PreparedStatement "org.datanucleus.store.rdbms.datasource.dbcp2.DelegatingPreparedStatement@2de9ca6"
15:04:03,051 (main) DEBUG [DataNucleus.Datastore] - Cerrando PreparedStatement "org.datanucleus.store.rdbms.datasource.dbcp2.DelegatingPreparedStatement@2de9ca6"
15:04:03,051 (main) DEBUG [DataNucleus.Datastore] - Cerrando PreparedStatement "org.datanucleus.store.rdbms.datasource.dbcp2.DelegatingPreparedStatement@76973a6"
15:04:03,051 (main) DEBUG [DataNucleus.ValueGeneration] - Hemos reservado un bloque de 10 valores
15:04:03,054 (main) DEBUG [DataNucleus.Connection] - ManagedConnection VA A COMMIT : "org.datanucleus.store.rdbms.ConnectionFactoryImpl$ManagedConnectionImpl@6c3f1658 [conn=org.datanucleus.store.rdbms.datasource.dbcp2.PoolingDataSource$PoolGuardConnectionWrapper@110e9982, commitOnRelease=true, closeOnRelease=true, closeOnTxnEnd=true]"
15:04:03,054 (main) DEBUG [DataNucleus.Connection] - ManagedConnection CERRADO : "org.datanucleus.store.rdbms.ConnectionFactoryImpl$ManagedConnectionImpl@6c3f1658 [conn=org.datanucleus.store.rdbms.datasource.dbcp2.PoolingDataSource$PoolGuardConnectionWrapper@110e9982, commitOnRelease=true, closeOnRelease=true, closeOnTxnEnd=true]" 
15:04:03,054 (main) DEBUG [DataNucleus.ValueGeneration] - Valor generado para el campo "com.videoclub.pojo.User.code" con estrategia="increment" (Generador="org.datanucleus.store.rdbms.valuegenerator.TableGenerator") : valor=11
15:04:03,054 (main) DEBUG [DataNucleus.Cache] - Objeto con identidad "com.videoclub.pojo.User:11" añadido a la Cache de nivel 1 (loadedFlags="[YYYYYYY]")
15:04:03,054 (main) DEBUG [DataNucleus.Transaction] - Objeto con identidad "com.videoclub.pojo.User:11" ha sido puesto en la cache transaccional
15:04:03,054 (main) DEBUG [DataNucleus.Persistence] - Objeto "com.videoclub.pojo.User@ab4aa5e" va a ser añadido a la tabla "`USER`"
15:04:03,054 (main) DEBUG [DataNucleus.Connection] - ManagedConnection ABIERTO : "org.datanucleus.store.rdbms.ConnectionFactoryImpl$ManagedConnectionImpl@4fecf308 [conn=org.datanucleus.store.rdbms.datasource.dbcp2.PoolingDataSource$PoolGuardConnectionWrapper@6282b9f5, commitOnRelease=false, closeOnRelease=false, closeOnTxnEnd=true]" en resource "tx" con isolación "read-committed" y auto-commit=false
15:04:03,054 (main) DEBUG [DataNucleus.Transaction] - Running enlist operation on resource: org.datanucleus.store.rdbms.ConnectionFactoryImpl$EmulatedXAResource@5b5f9003, error code TMNOFLAGS and transaction [DataNucleus Transaction, ID=1792540124-8, enlisted resources=[]]
15:04:03,054 (main) DEBUG [DataNucleus.Datastore] - Utilizando PreparedStatement "com.mysql.cj.jdbc.ClientPreparedStatement: INSERT INTO `USER` (`EMAIL`,`NAME`,`PASSWORD`,`SURNAME`,`TYPE`,`USERNAME`,`CODE`) VALUES (** NOT SPECIFIED **,** NOT SPECIFIED **,** NOT SPECIFIED **,** NOT SPECIFIED **,** NOT SPECIFIED **,** NOT SPECIFIED **,** NOT SPECIFIED **)" para la conneccion "org.datanucleus.store.rdbms.datasource.dbcp2.PoolingDataSource$PoolGuardConnectionWrapper@6282b9f5"
15:04:03,054 (main) DEBUG [DataNucleus.Datastore.Persist] - El statement "INSERT INTO `USER` (`EMAIL`,`NAME`,`PASSWORD`,`SURNAME`,`TYPE`,`USERNAME`,`CODE`) VALUES (?,?,?,?,?,?,?)" ya es batchable
15:04:03,054 (main) DEBUG [DataNucleus.Datastore.Persist] - Añadiendo statement "INSERT INTO `USER` (`EMAIL`,`NAME`,`PASSWORD`,`SURNAME`,`TYPE`,`USERNAME`,`CODE`) VALUES (?,?,?,?,?,?,?)" al batch para procesar (tamaño de batch = 1)
15:04:03,054 (main) DEBUG [DataNucleus.Datastore.Native] - INSERT INTO `USER` (`EMAIL`,`NAME`,`PASSWORD`,`SURNAME`,`TYPE`,`USERNAME`,`CODE`) VALUES (?,?,?,?,?,?,?)
15:04:03,068 (main) DEBUG [DataNucleus.Datastore] - SQL Tiempo de cumplir = 14 ms (numero de lineas cambiado = [1]) con el PreparedStatement "org.datanucleus.store.rdbms.datasource.dbcp2.DelegatingPreparedStatement@42297bdf"
15:04:03,068 (main) DEBUG [DataNucleus.Transaction] - Haciendo commit de la transaacción para el ExecutionContext org.datanucleus.ExecutionContextImpl@6680f714
15:04:03,068 (main) DEBUG [DataNucleus.Persistence] - ExecutionContext.internalFlush() empezado con flush ordenado - 1 objetos registrados
15:04:03,068 (main) DEBUG [DataNucleus.Persistence] - ExecutionContext.internalFlush() terminado
15:04:03,070 (main) DEBUG [DataNucleus.Persistence] - Persistence-By-Reachability (commit) : EMPIEZA
15:04:03,071 (main) DEBUG [DataNucleus.Persistence] - Haciendo la calculación de alcanzables con objeto con identidad "com.videoclub.pojo.User:11"
15:04:03,071 (main) DEBUG [DataNucleus.Cache] - Objeto con identidad "com.videoclub.pojo.User:11" obtenido de la Cache nivel 1 (loadedFlags="[YYYYYYY]")
15:04:03,071 (main) DEBUG [DataNucleus.Persistence] - Object con id "com.videoclub.pojo.User:11" y estado de vida "P_NEW" añadido a la lista de alcanzables al commit.
15:04:03,072 (main) DEBUG [DataNucleus.Persistence] - ExecutionContext.internalFlush() empezado con flush ordenado - 0 objetos registrados
15:04:03,072 (main) DEBUG [DataNucleus.Persistence] - ExecutionContext.internalFlush() terminado
15:04:03,072 (main) DEBUG [DataNucleus.Persistence] - Persistence-By-Reachability (commit) : TERMINADO
15:04:03,072 (main) DEBUG [DataNucleus.Cache] - Objeto con identidad "com.videoclub.pojo.User:11" añadido a la Cache de nivel 2 (campos="[0, 1, 2, 3, 4, 5, 6]", version="")
15:04:03,072 (main) DEBUG [DataNucleus.Cache] - El objeto con identidad "com.videoclub.pojo.User:11" va a tener los campos siguientes almacendados en el objeto de Level 2 cache : [0, 1, 2, 3, 4, 5, 6]
15:04:03,072 (main) DEBUG [DataNucleus.Transaction] - Committing [DataNucleus Transaction, ID=1792540124-8, enlisted resources=[org.datanucleus.store.rdbms.ConnectionFactoryImpl$EmulatedXAResource@5b5f9003]]
15:04:03,072 (main) DEBUG [DataNucleus.Connection] - ManagedConnection VA A COMMIT : "org.datanucleus.store.rdbms.ConnectionFactoryImpl$ManagedConnectionImpl@4fecf308 [conn=org.datanucleus.store.rdbms.datasource.dbcp2.PoolingDataSource$PoolGuardConnectionWrapper@6282b9f5, commitOnRelease=false, closeOnRelease=false, closeOnTxnEnd=true]"
15:04:03,072 (main) DEBUG [DataNucleus.Connection] - ManagedConnection CERRADO : "org.datanucleus.store.rdbms.ConnectionFactoryImpl$ManagedConnectionImpl@4fecf308 [conn=org.datanucleus.store.rdbms.datasource.dbcp2.PoolingDataSource$PoolGuardConnectionWrapper@6282b9f5, commitOnRelease=false, closeOnRelease=false, closeOnTxnEnd=true]" 
15:04:03,072 (main) DEBUG [DataNucleus.Persistence] - Haciendo el objeto detachado : "com.videoclub.pojo.User@ab4aa5e" (profundidad=0)
15:04:03,072 (main) DEBUG [DataNucleus.Persistence] - Objeto con identidad "com.videoclub.pojo.User:11" tiene cambio de lifeycle : "P_NEW"->"DETACHED_CLEAN"
15:04:03,072 (main) DEBUG [DataNucleus.Transaction] - Objeto con identidad "com.videoclub.pojo.User:11" fue borrado de la cache transactional
15:04:03,072 (main) DEBUG [DataNucleus.Persistence] - Disconectando objeto con identidad "com.videoclub.pojo.User:11" de StateManager[pc=com.videoclub.pojo.User@ab4aa5e, lifecycle=DETACHED_CLEAN]
15:04:03,072 (main) DEBUG [DataNucleus.Cache] - Objeto con identidad="com.videoclub.pojo.User:11" borrado de la Cache de nivel 1
15:04:03,072 (main) DEBUG [DataNucleus.Transaction] - Transacción committed en 18 ms
15:04:03,072 (main) DEBUG [DataNucleus.Persistence] - ExecutionContext "org.datanucleus.ExecutionContextImpl@6680f714" se cerró
15:04:03,072 (main) DEBUG [DataNucleus.Persistence] - ExecutionContext "org.datanucleus.ExecutionContextImpl@6680f714" se abrió para la base de datos "org.datanucleus.store.rdbms.RDBMSStoreManager@1084f78c" con transaccion="org.datanucleus.transaction.TransactionImpl@44598ef7"
15:04:03,072 (main) DEBUG [DataNucleus.Transaction] - Transaction created [DataNucleus Transaction, ID=1792540124-9, enlisted resources=[]]
15:04:03,072 (main) DEBUG [DataNucleus.Transaction] - Transacción empezada para el ExecutionContext org.datanucleus.ExecutionContextImpl@6680f714 (optimistic=false)
* Storing a class com.videoclub.pojo.User : User [code=0, username=assaz,type=CLIENT, password=3200a7486419e1efd8cbbad503fb0c6140ef7e7cf69807249fda25d59c215e5c, email=asier.account@email.com, name=Asier, surname=Belloso]
15:04:03,072 (main) DEBUG [DataNucleus.Persistence] - Haciendo el objeto persistente : "com.videoclub.pojo.User@17222c11"
15:04:03,072 (main) DEBUG [DataNucleus.ValueGeneration] - Valor generado para el campo "com.videoclub.pojo.User.code" con estrategia="increment" (Generador="org.datanucleus.store.rdbms.valuegenerator.TableGenerator") : valor=12
15:04:03,072 (main) DEBUG [DataNucleus.Cache] - Objeto con identidad "com.videoclub.pojo.User:12" añadido a la Cache de nivel 1 (loadedFlags="[YYYYYYY]")
15:04:03,072 (main) DEBUG [DataNucleus.Transaction] - Objeto con identidad "com.videoclub.pojo.User:12" ha sido puesto en la cache transaccional
15:04:03,072 (main) DEBUG [DataNucleus.Persistence] - Objeto "com.videoclub.pojo.User@17222c11" va a ser añadido a la tabla "`USER`"
15:04:03,072 (main) DEBUG [DataNucleus.Connection] - ManagedConnection ABIERTO : "org.datanucleus.store.rdbms.ConnectionFactoryImpl$ManagedConnectionImpl@25974207 [conn=org.datanucleus.store.rdbms.datasource.dbcp2.PoolingDataSource$PoolGuardConnectionWrapper@1f15e689, commitOnRelease=false, closeOnRelease=false, closeOnTxnEnd=true]" en resource "tx" con isolación "read-committed" y auto-commit=false
15:04:03,072 (main) DEBUG [DataNucleus.Transaction] - Running enlist operation on resource: org.datanucleus.store.rdbms.ConnectionFactoryImpl$EmulatedXAResource@195113de, error code TMNOFLAGS and transaction [DataNucleus Transaction, ID=1792540124-9, enlisted resources=[]]
15:04:03,072 (main) DEBUG [DataNucleus.Datastore] - Utilizando PreparedStatement "com.mysql.cj.jdbc.ClientPreparedStatement: INSERT INTO `USER` (`EMAIL`,`NAME`,`PASSWORD`,`SURNAME`,`TYPE`,`USERNAME`,`CODE`) VALUES (** NOT SPECIFIED **,** NOT SPECIFIED **,** NOT SPECIFIED **,** NOT SPECIFIED **,** NOT SPECIFIED **,** NOT SPECIFIED **,** NOT SPECIFIED **)" para la conneccion "org.datanucleus.store.rdbms.datasource.dbcp2.PoolingDataSource$PoolGuardConnectionWrapper@1f15e689"
15:04:03,072 (main) DEBUG [DataNucleus.Datastore.Persist] - El statement "INSERT INTO `USER` (`EMAIL`,`NAME`,`PASSWORD`,`SURNAME`,`TYPE`,`USERNAME`,`CODE`) VALUES (?,?,?,?,?,?,?)" ya es batchable
15:04:03,072 (main) DEBUG [DataNucleus.Datastore.Persist] - Añadiendo statement "INSERT INTO `USER` (`EMAIL`,`NAME`,`PASSWORD`,`SURNAME`,`TYPE`,`USERNAME`,`CODE`) VALUES (?,?,?,?,?,?,?)" al batch para procesar (tamaño de batch = 1)
15:04:03,072 (main) DEBUG [DataNucleus.Datastore.Native] - INSERT INTO `USER` (`EMAIL`,`NAME`,`PASSWORD`,`SURNAME`,`TYPE`,`USERNAME`,`CODE`) VALUES (?,?,?,?,?,?,?)
15:04:03,072 (main) DEBUG [DataNucleus.Datastore] - SQL Tiempo de cumplir = 0 ms (numero de lineas cambiado = [1]) con el PreparedStatement "org.datanucleus.store.rdbms.datasource.dbcp2.DelegatingPreparedStatement@11b5f4e2"
15:04:03,072 (main) DEBUG [DataNucleus.Transaction] - Haciendo commit de la transaacción para el ExecutionContext org.datanucleus.ExecutionContextImpl@6680f714
15:04:03,072 (main) DEBUG [DataNucleus.Persistence] - ExecutionContext.internalFlush() empezado con flush ordenado - 1 objetos registrados
15:04:03,072 (main) DEBUG [DataNucleus.Persistence] - ExecutionContext.internalFlush() terminado
15:04:03,072 (main) DEBUG [DataNucleus.Persistence] - Persistence-By-Reachability (commit) : EMPIEZA
15:04:03,072 (main) DEBUG [DataNucleus.Persistence] - Haciendo la calculación de alcanzables con objeto con identidad "com.videoclub.pojo.User:12"
15:04:03,072 (main) DEBUG [DataNucleus.Cache] - Objeto con identidad "com.videoclub.pojo.User:12" obtenido de la Cache nivel 1 (loadedFlags="[YYYYYYY]")
15:04:03,072 (main) DEBUG [DataNucleus.Persistence] - Object con id "com.videoclub.pojo.User:12" y estado de vida "P_NEW" añadido a la lista de alcanzables al commit.
15:04:03,072 (main) DEBUG [DataNucleus.Persistence] - ExecutionContext.internalFlush() empezado con flush ordenado - 0 objetos registrados
15:04:03,072 (main) DEBUG [DataNucleus.Persistence] - ExecutionContext.internalFlush() terminado
15:04:03,072 (main) DEBUG [DataNucleus.Persistence] - Persistence-By-Reachability (commit) : TERMINADO
15:04:03,072 (main) DEBUG [DataNucleus.Cache] - Objeto con identidad "com.videoclub.pojo.User:12" añadido a la Cache de nivel 2 (campos="[0, 1, 2, 3, 4, 5, 6]", version="")
15:04:03,072 (main) DEBUG [DataNucleus.Cache] - El objeto con identidad "com.videoclub.pojo.User:12" va a tener los campos siguientes almacendados en el objeto de Level 2 cache : [0, 1, 2, 3, 4, 5, 6]
15:04:03,072 (main) DEBUG [DataNucleus.Transaction] - Committing [DataNucleus Transaction, ID=1792540124-9, enlisted resources=[org.datanucleus.store.rdbms.ConnectionFactoryImpl$EmulatedXAResource@195113de]]
15:04:03,072 (main) DEBUG [DataNucleus.Connection] - ManagedConnection VA A COMMIT : "org.datanucleus.store.rdbms.ConnectionFactoryImpl$ManagedConnectionImpl@25974207 [conn=org.datanucleus.store.rdbms.datasource.dbcp2.PoolingDataSource$PoolGuardConnectionWrapper@1f15e689, commitOnRelease=false, closeOnRelease=false, closeOnTxnEnd=true]"
15:04:03,086 (main) DEBUG [DataNucleus.Connection] - ManagedConnection CERRADO : "org.datanucleus.store.rdbms.ConnectionFactoryImpl$ManagedConnectionImpl@25974207 [conn=org.datanucleus.store.rdbms.datasource.dbcp2.PoolingDataSource$PoolGuardConnectionWrapper@1f15e689, commitOnRelease=false, closeOnRelease=false, closeOnTxnEnd=true]" 
15:04:03,086 (main) DEBUG [DataNucleus.Persistence] - Haciendo el objeto detachado : "com.videoclub.pojo.User@17222c11" (profundidad=0)
15:04:03,086 (main) DEBUG [DataNucleus.Persistence] - Objeto con identidad "com.videoclub.pojo.User:12" tiene cambio de lifeycle : "P_NEW"->"DETACHED_CLEAN"
15:04:03,086 (main) DEBUG [DataNucleus.Transaction] - Objeto con identidad "com.videoclub.pojo.User:12" fue borrado de la cache transactional
15:04:03,086 (main) DEBUG [DataNucleus.Persistence] - Disconectando objeto con identidad "com.videoclub.pojo.User:12" de StateManager[pc=com.videoclub.pojo.User@17222c11, lifecycle=DETACHED_CLEAN]
15:04:03,086 (main) DEBUG [DataNucleus.Cache] - Objeto con identidad="com.videoclub.pojo.User:12" borrado de la Cache de nivel 1
15:04:03,086 (main) DEBUG [DataNucleus.Transaction] - Transacción committed en 14 ms
15:04:03,086 (main) DEBUG [DataNucleus.Persistence] - ExecutionContext "org.datanucleus.ExecutionContextImpl@6680f714" se cerró
15:04:03,086 (main) DEBUG [DataNucleus.Persistence] - ExecutionContext "org.datanucleus.ExecutionContextImpl@6680f714" se abrió para la base de datos "org.datanucleus.store.rdbms.RDBMSStoreManager@1084f78c" con transaccion="org.datanucleus.transaction.TransactionImpl@5aa781f2"
15:04:03,086 (main) DEBUG [DataNucleus.Transaction] - Transaction created [DataNucleus Transaction, ID=1792540124-10, enlisted resources=[]]
15:04:03,086 (main) DEBUG [DataNucleus.Transaction] - Transacción empezada para el ExecutionContext org.datanucleus.ExecutionContextImpl@6680f714 (optimistic=false)
* Storing a class com.videoclub.pojo.User : User [code=0, username=client,type=CLIENT, password=948fe603f61dc036b5c596dc09fe3ce3f3d30dc90f024c85f3c82db2ccab679d, email=client@email.com, name=ClientName, surname=ClientSurname]
15:04:03,086 (main) DEBUG [DataNucleus.Persistence] - Haciendo el objeto persistente : "com.videoclub.pojo.User@66d25ba9"
15:04:03,086 (main) DEBUG [DataNucleus.ValueGeneration] - Valor generado para el campo "com.videoclub.pojo.User.code" con estrategia="increment" (Generador="org.datanucleus.store.rdbms.valuegenerator.TableGenerator") : valor=13
15:04:03,086 (main) DEBUG [DataNucleus.Cache] - Objeto con identidad "com.videoclub.pojo.User:13" añadido a la Cache de nivel 1 (loadedFlags="[YYYYYYY]")
15:04:03,086 (main) DEBUG [DataNucleus.Transaction] - Objeto con identidad "com.videoclub.pojo.User:13" ha sido puesto en la cache transaccional
15:04:03,086 (main) DEBUG [DataNucleus.Persistence] - Objeto "com.videoclub.pojo.User@66d25ba9" va a ser añadido a la tabla "`USER`"
15:04:03,086 (main) DEBUG [DataNucleus.Connection] - ManagedConnection ABIERTO : "org.datanucleus.store.rdbms.ConnectionFactoryImpl$ManagedConnectionImpl@5efe47fd [conn=org.datanucleus.store.rdbms.datasource.dbcp2.PoolingDataSource$PoolGuardConnectionWrapper@739831a4, commitOnRelease=false, closeOnRelease=false, closeOnTxnEnd=true]" en resource "tx" con isolación "read-committed" y auto-commit=false
15:04:03,086 (main) DEBUG [DataNucleus.Transaction] - Running enlist operation on resource: org.datanucleus.store.rdbms.ConnectionFactoryImpl$EmulatedXAResource@7e3236d, error code TMNOFLAGS and transaction [DataNucleus Transaction, ID=1792540124-10, enlisted resources=[]]
15:04:03,086 (main) DEBUG [DataNucleus.Datastore] - Utilizando PreparedStatement "com.mysql.cj.jdbc.ClientPreparedStatement: INSERT INTO `USER` (`EMAIL`,`NAME`,`PASSWORD`,`SURNAME`,`TYPE`,`USERNAME`,`CODE`) VALUES (** NOT SPECIFIED **,** NOT SPECIFIED **,** NOT SPECIFIED **,** NOT SPECIFIED **,** NOT SPECIFIED **,** NOT SPECIFIED **,** NOT SPECIFIED **)" para la conneccion "org.datanucleus.store.rdbms.datasource.dbcp2.PoolingDataSource$PoolGuardConnectionWrapper@739831a4"
15:04:03,086 (main) DEBUG [DataNucleus.Datastore.Persist] - El statement "INSERT INTO `USER` (`EMAIL`,`NAME`,`PASSWORD`,`SURNAME`,`TYPE`,`USERNAME`,`CODE`) VALUES (?,?,?,?,?,?,?)" ya es batchable
15:04:03,086 (main) DEBUG [DataNucleus.Datastore.Persist] - Añadiendo statement "INSERT INTO `USER` (`EMAIL`,`NAME`,`PASSWORD`,`SURNAME`,`TYPE`,`USERNAME`,`CODE`) VALUES (?,?,?,?,?,?,?)" al batch para procesar (tamaño de batch = 1)
15:04:03,086 (main) DEBUG [DataNucleus.Datastore.Native] - INSERT INTO `USER` (`EMAIL`,`NAME`,`PASSWORD`,`SURNAME`,`TYPE`,`USERNAME`,`CODE`) VALUES (?,?,?,?,?,?,?)
15:04:03,086 (main) DEBUG [DataNucleus.Datastore] - SQL Tiempo de cumplir = 0 ms (numero de lineas cambiado = [1]) con el PreparedStatement "org.datanucleus.store.rdbms.datasource.dbcp2.DelegatingPreparedStatement@266e9dda"
15:04:03,086 (main) DEBUG [DataNucleus.Transaction] - Haciendo commit de la transaacción para el ExecutionContext org.datanucleus.ExecutionContextImpl@6680f714
15:04:03,086 (main) DEBUG [DataNucleus.Persistence] - ExecutionContext.internalFlush() empezado con flush ordenado - 1 objetos registrados
15:04:03,086 (main) DEBUG [DataNucleus.Persistence] - ExecutionContext.internalFlush() terminado
15:04:03,086 (main) DEBUG [DataNucleus.Persistence] - Persistence-By-Reachability (commit) : EMPIEZA
15:04:03,086 (main) DEBUG [DataNucleus.Persistence] - Haciendo la calculación de alcanzables con objeto con identidad "com.videoclub.pojo.User:13"
15:04:03,086 (main) DEBUG [DataNucleus.Cache] - Objeto con identidad "com.videoclub.pojo.User:13" obtenido de la Cache nivel 1 (loadedFlags="[YYYYYYY]")
15:04:03,086 (main) DEBUG [DataNucleus.Persistence] - Object con id "com.videoclub.pojo.User:13" y estado de vida "P_NEW" añadido a la lista de alcanzables al commit.
15:04:03,086 (main) DEBUG [DataNucleus.Persistence] - ExecutionContext.internalFlush() empezado con flush ordenado - 0 objetos registrados
15:04:03,086 (main) DEBUG [DataNucleus.Persistence] - ExecutionContext.internalFlush() terminado
15:04:03,086 (main) DEBUG [DataNucleus.Persistence] - Persistence-By-Reachability (commit) : TERMINADO
15:04:03,086 (main) DEBUG [DataNucleus.Cache] - Objeto con identidad "com.videoclub.pojo.User:13" añadido a la Cache de nivel 2 (campos="[0, 1, 2, 3, 4, 5, 6]", version="")
15:04:03,086 (main) DEBUG [DataNucleus.Cache] - El objeto con identidad "com.videoclub.pojo.User:13" va a tener los campos siguientes almacendados en el objeto de Level 2 cache : [0, 1, 2, 3, 4, 5, 6]
15:04:03,086 (main) DEBUG [DataNucleus.Transaction] - Committing [DataNucleus Transaction, ID=1792540124-10, enlisted resources=[org.datanucleus.store.rdbms.ConnectionFactoryImpl$EmulatedXAResource@7e3236d]]
15:04:03,086 (main) DEBUG [DataNucleus.Connection] - ManagedConnection VA A COMMIT : "org.datanucleus.store.rdbms.ConnectionFactoryImpl$ManagedConnectionImpl@5efe47fd [conn=org.datanucleus.store.rdbms.datasource.dbcp2.PoolingDataSource$PoolGuardConnectionWrapper@739831a4, commitOnRelease=false, closeOnRelease=false, closeOnTxnEnd=true]"
15:04:03,086 (main) DEBUG [DataNucleus.Connection] - ManagedConnection CERRADO : "org.datanucleus.store.rdbms.ConnectionFactoryImpl$ManagedConnectionImpl@5efe47fd [conn=org.datanucleus.store.rdbms.datasource.dbcp2.PoolingDataSource$PoolGuardConnectionWrapper@739831a4, commitOnRelease=false, closeOnRelease=false, closeOnTxnEnd=true]" 
15:04:03,086 (main) DEBUG [DataNucleus.Persistence] - Haciendo el objeto detachado : "com.videoclub.pojo.User@66d25ba9" (profundidad=0)
15:04:03,086 (main) DEBUG [DataNucleus.Persistence] - Objeto con identidad "com.videoclub.pojo.User:13" tiene cambio de lifeycle : "P_NEW"->"DETACHED_CLEAN"
15:04:03,086 (main) DEBUG [DataNucleus.Transaction] - Objeto con identidad "com.videoclub.pojo.User:13" fue borrado de la cache transactional
15:04:03,086 (main) DEBUG [DataNucleus.Persistence] - Disconectando objeto con identidad "com.videoclub.pojo.User:13" de StateManager[pc=com.videoclub.pojo.User@66d25ba9, lifecycle=DETACHED_CLEAN]
15:04:03,086 (main) DEBUG [DataNucleus.Cache] - Objeto con identidad="com.videoclub.pojo.User:13" borrado de la Cache de nivel 1
15:04:03,086 (main) DEBUG [DataNucleus.Transaction] - Transacción committed en 0 ms
15:04:03,086 (main) DEBUG [DataNucleus.Persistence] - ExecutionContext "org.datanucleus.ExecutionContextImpl@6680f714" se cerró
15:04:03,086 (main) DEBUG [DataNucleus.Persistence] - ExecutionContext "org.datanucleus.ExecutionContextImpl@6680f714" se abrió para la base de datos "org.datanucleus.store.rdbms.RDBMSStoreManager@1084f78c" con transaccion="org.datanucleus.transaction.TransactionImpl@27a6fef2"
15:04:03,086 (main) DEBUG [DataNucleus.Transaction] - Transaction created [DataNucleus Transaction, ID=1792540124-11, enlisted resources=[]]
15:04:03,086 (main) DEBUG [DataNucleus.Transaction] - Transacción empezada para el ExecutionContext org.datanucleus.ExecutionContextImpl@6680f714 (optimistic=false)
* Storing a class com.videoclub.pojo.Movie : Movie [title=Movie1, genre=COMEDY, duration=90, year=2023, director=paco, rentalPrice=19.9]
15:04:03,100 (main) DEBUG [DataNucleus.Persistence] - Haciendo el objeto persistente : "com.videoclub.pojo.Movie@74c9e11"
15:04:03,100 (main) DEBUG [DataNucleus.Datastore.Schema] - Attempt to find JDBC driver 'typeInfo' for jdbc-type=VARCHAR but sql-type=VARCHAR is not found. Using default sql-type for this jdbc-type.
15:04:03,103 (main) DEBUG [DataNucleus.Connection] - ManagedConnection ABIERTO : "org.datanucleus.store.rdbms.ConnectionFactoryImpl$ManagedConnectionImpl@9fe720a [conn=org.datanucleus.store.rdbms.datasource.dbcp2.PoolingDataSource$PoolGuardConnectionWrapper@149274cb, commitOnRelease=true, closeOnRelease=true, closeOnTxnEnd=true]" en resource "nontx" con isolación "read-committed" y auto-commit=false
15:04:03,103 (main) DEBUG [DataNucleus.Datastore.Schema] - Check of existence of videoclubdb.`SEQUENCE_TABLE` returned table type of TABLE
15:04:03,103 (main) DEBUG [DataNucleus.Datastore] - Utilizando PreparedStatement "com.mysql.cj.jdbc.ClientPreparedStatement: SELECT `NEXT_VAL` FROM videoclubdb.`SEQUENCE_TABLE` WHERE `SEQUENCE_NAME`=** NOT SPECIFIED ** FOR UPDATE" para la conneccion "org.datanucleus.store.rdbms.datasource.dbcp2.PoolingDataSource$PoolGuardConnectionWrapper@149274cb"
15:04:03,103 (main) DEBUG [DataNucleus.Datastore.Native] - SELECT `NEXT_VAL` FROM videoclubdb.`SEQUENCE_TABLE` WHERE `SEQUENCE_NAME`=? FOR UPDATE
15:04:03,103 (main) DEBUG [DataNucleus.Datastore.Retrieve] - SQL Tiempo de cumplir = 0 ms
15:04:03,103 (main) DEBUG [DataNucleus.Datastore] - Utilizando PreparedStatement "com.mysql.cj.jdbc.ClientPreparedStatement: UPDATE videoclubdb.`SEQUENCE_TABLE` SET `NEXT_VAL`=(`NEXT_VAL`+** NOT SPECIFIED **) WHERE `SEQUENCE_NAME`=** NOT SPECIFIED **" para la conneccion "org.datanucleus.store.rdbms.datasource.dbcp2.PoolingDataSource$PoolGuardConnectionWrapper@149274cb"
15:04:03,103 (main) DEBUG [DataNucleus.Datastore.Native] - UPDATE videoclubdb.`SEQUENCE_TABLE` SET `NEXT_VAL`=(`NEXT_VAL`+?) WHERE `SEQUENCE_NAME`=?
15:04:03,103 (main) DEBUG [DataNucleus.Datastore.Persist] - SQL Tiempo de cumplir = 0 ms (numero de lineas cambiado = 1) con el PreparedStatement "org.datanucleus.store.rdbms.datasource.dbcp2.DelegatingPreparedStatement@118acf70"
15:04:03,103 (main) DEBUG [DataNucleus.Datastore] - Cerrando PreparedStatement "org.datanucleus.store.rdbms.datasource.dbcp2.DelegatingPreparedStatement@118acf70"
15:04:03,103 (main) DEBUG [DataNucleus.Datastore] - Cerrando PreparedStatement "org.datanucleus.store.rdbms.datasource.dbcp2.DelegatingPreparedStatement@f723cdb"
15:04:03,103 (main) DEBUG [DataNucleus.ValueGeneration] - Hemos reservado un bloque de 10 valores
15:04:03,103 (main) DEBUG [DataNucleus.Connection] - ManagedConnection VA A COMMIT : "org.datanucleus.store.rdbms.ConnectionFactoryImpl$ManagedConnectionImpl@9fe720a [conn=org.datanucleus.store.rdbms.datasource.dbcp2.PoolingDataSource$PoolGuardConnectionWrapper@149274cb, commitOnRelease=true, closeOnRelease=true, closeOnTxnEnd=true]"
15:04:03,103 (main) DEBUG [DataNucleus.Connection] - ManagedConnection CERRADO : "org.datanucleus.store.rdbms.ConnectionFactoryImpl$ManagedConnectionImpl@9fe720a [conn=org.datanucleus.store.rdbms.datasource.dbcp2.PoolingDataSource$PoolGuardConnectionWrapper@149274cb, commitOnRelease=true, closeOnRelease=true, closeOnTxnEnd=true]" 
15:04:03,103 (main) DEBUG [DataNucleus.ValueGeneration] - Valor generado para el campo "com.videoclub.pojo.Movie.code" con estrategia="increment" (Generador="org.datanucleus.store.rdbms.valuegenerator.TableGenerator") : valor=11
15:04:03,103 (main) DEBUG [DataNucleus.Cache] - Objeto con identidad "com.videoclub.pojo.Movie:11" añadido a la Cache de nivel 1 (loadedFlags="[YYYYYYY]")
15:04:03,103 (main) DEBUG [DataNucleus.Transaction] - Objeto con identidad "com.videoclub.pojo.Movie:11" ha sido puesto en la cache transaccional
15:04:03,103 (main) DEBUG [DataNucleus.Persistence] - Objeto "com.videoclub.pojo.Movie@74c9e11" va a ser añadido a la tabla "`MOVIE`"
15:04:03,103 (main) DEBUG [DataNucleus.Connection] - ManagedConnection ABIERTO : "org.datanucleus.store.rdbms.ConnectionFactoryImpl$ManagedConnectionImpl@11f23203 [conn=org.datanucleus.store.rdbms.datasource.dbcp2.PoolingDataSource$PoolGuardConnectionWrapper@101bdd1c, commitOnRelease=false, closeOnRelease=false, closeOnTxnEnd=true]" en resource "tx" con isolación "read-committed" y auto-commit=false
15:04:03,103 (main) DEBUG [DataNucleus.Transaction] - Running enlist operation on resource: org.datanucleus.store.rdbms.ConnectionFactoryImpl$EmulatedXAResource@e91af20, error code TMNOFLAGS and transaction [DataNucleus Transaction, ID=1792540124-11, enlisted resources=[]]
15:04:03,103 (main) DEBUG [DataNucleus.Datastore] - Utilizando PreparedStatement "com.mysql.cj.jdbc.ClientPreparedStatement: INSERT INTO `MOVIE` (`DIRECTOR`,`DURATION`,`GENRE`,`RENTALPRICE`,`TITLE`,`YEAR`,`CODE`) VALUES (** NOT SPECIFIED **,** NOT SPECIFIED **,** NOT SPECIFIED **,** NOT SPECIFIED **,** NOT SPECIFIED **,** NOT SPECIFIED **,** NOT SPECIFIED **)" para la conneccion "org.datanucleus.store.rdbms.datasource.dbcp2.PoolingDataSource$PoolGuardConnectionWrapper@101bdd1c"
15:04:03,103 (main) DEBUG [DataNucleus.Datastore.Persist] - El statement "INSERT INTO `MOVIE` (`DIRECTOR`,`DURATION`,`GENRE`,`RENTALPRICE`,`TITLE`,`YEAR`,`CODE`) VALUES (?,?,?,?,?,?,?)" ya es batchable
15:04:03,103 (main) DEBUG [DataNucleus.Datastore.Persist] - Añadiendo statement "INSERT INTO `MOVIE` (`DIRECTOR`,`DURATION`,`GENRE`,`RENTALPRICE`,`TITLE`,`YEAR`,`CODE`) VALUES (?,?,?,?,?,?,?)" al batch para procesar (tamaño de batch = 1)
15:04:03,103 (main) DEBUG [DataNucleus.Datastore.Native] - INSERT INTO `MOVIE` (`DIRECTOR`,`DURATION`,`GENRE`,`RENTALPRICE`,`TITLE`,`YEAR`,`CODE`) VALUES (?,?,?,?,?,?,?)
15:04:03,103 (main) DEBUG [DataNucleus.Datastore] - SQL Tiempo de cumplir = 0 ms (numero de lineas cambiado = [1]) con el PreparedStatement "org.datanucleus.store.rdbms.datasource.dbcp2.DelegatingPreparedStatement@2cfe272f"
15:04:03,103 (main) DEBUG [DataNucleus.Transaction] - Haciendo commit de la transaacción para el ExecutionContext org.datanucleus.ExecutionContextImpl@6680f714
15:04:03,103 (main) DEBUG [DataNucleus.Persistence] - ExecutionContext.internalFlush() empezado con flush ordenado - 1 objetos registrados
15:04:03,103 (main) DEBUG [DataNucleus.Persistence] - ExecutionContext.internalFlush() terminado
15:04:03,103 (main) DEBUG [DataNucleus.Persistence] - Persistence-By-Reachability (commit) : EMPIEZA
15:04:03,103 (main) DEBUG [DataNucleus.Persistence] - Haciendo la calculación de alcanzables con objeto con identidad "com.videoclub.pojo.Movie:11"
15:04:03,103 (main) DEBUG [DataNucleus.Cache] - Objeto con identidad "com.videoclub.pojo.Movie:11" obtenido de la Cache nivel 1 (loadedFlags="[YYYYYYY]")
15:04:03,103 (main) DEBUG [DataNucleus.Persistence] - Object con id "com.videoclub.pojo.Movie:11" y estado de vida "P_NEW" añadido a la lista de alcanzables al commit.
15:04:03,103 (main) DEBUG [DataNucleus.Persistence] - ExecutionContext.internalFlush() empezado con flush ordenado - 0 objetos registrados
15:04:03,103 (main) DEBUG [DataNucleus.Persistence] - ExecutionContext.internalFlush() terminado
15:04:03,103 (main) DEBUG [DataNucleus.Persistence] - Persistence-By-Reachability (commit) : TERMINADO
15:04:03,103 (main) DEBUG [DataNucleus.Cache] - Objeto con identidad "com.videoclub.pojo.Movie:11" añadido a la Cache de nivel 2 (campos="[0, 1, 2, 3, 4, 5, 6]", version="")
15:04:03,103 (main) DEBUG [DataNucleus.Cache] - El objeto con identidad "com.videoclub.pojo.Movie:11" va a tener los campos siguientes almacendados en el objeto de Level 2 cache : [0, 1, 2, 3, 4, 5, 6]
15:04:03,118 (main) DEBUG [DataNucleus.Transaction] - Committing [DataNucleus Transaction, ID=1792540124-11, enlisted resources=[org.datanucleus.store.rdbms.ConnectionFactoryImpl$EmulatedXAResource@e91af20]]
15:04:03,118 (main) DEBUG [DataNucleus.Connection] - ManagedConnection VA A COMMIT : "org.datanucleus.store.rdbms.ConnectionFactoryImpl$ManagedConnectionImpl@11f23203 [conn=org.datanucleus.store.rdbms.datasource.dbcp2.PoolingDataSource$PoolGuardConnectionWrapper@101bdd1c, commitOnRelease=false, closeOnRelease=false, closeOnTxnEnd=true]"
15:04:03,118 (main) DEBUG [DataNucleus.Connection] - ManagedConnection CERRADO : "org.datanucleus.store.rdbms.ConnectionFactoryImpl$ManagedConnectionImpl@11f23203 [conn=org.datanucleus.store.rdbms.datasource.dbcp2.PoolingDataSource$PoolGuardConnectionWrapper@101bdd1c, commitOnRelease=false, closeOnRelease=false, closeOnTxnEnd=true]" 
15:04:03,118 (main) DEBUG [DataNucleus.Persistence] - Haciendo el objeto detachado : "com.videoclub.pojo.Movie@74c9e11" (profundidad=0)
15:04:03,118 (main) DEBUG [DataNucleus.Persistence] - Objeto con identidad "com.videoclub.pojo.Movie:11" tiene cambio de lifeycle : "P_NEW"->"DETACHED_CLEAN"
15:04:03,118 (main) DEBUG [DataNucleus.Transaction] - Objeto con identidad "com.videoclub.pojo.Movie:11" fue borrado de la cache transactional
15:04:03,118 (main) DEBUG [DataNucleus.Persistence] - Disconectando objeto con identidad "com.videoclub.pojo.Movie:11" de StateManager[pc=com.videoclub.pojo.Movie@74c9e11, lifecycle=DETACHED_CLEAN]
15:04:03,118 (main) DEBUG [DataNucleus.Cache] - Objeto con identidad="com.videoclub.pojo.Movie:11" borrado de la Cache de nivel 1
15:04:03,118 (main) DEBUG [DataNucleus.Transaction] - Transacción committed en 15 ms
15:04:03,118 (main) DEBUG [DataNucleus.Persistence] - ExecutionContext "org.datanucleus.ExecutionContextImpl@6680f714" se cerró
15:04:03,118 (main) DEBUG [DataNucleus.Persistence] - ExecutionContext "org.datanucleus.ExecutionContextImpl@6680f714" se abrió para la base de datos "org.datanucleus.store.rdbms.RDBMSStoreManager@1084f78c" con transaccion="org.datanucleus.transaction.TransactionImpl@4052b19f"
15:04:03,118 (main) DEBUG [DataNucleus.Transaction] - Transaction created [DataNucleus Transaction, ID=1792540124-12, enlisted resources=[]]
15:04:03,118 (main) DEBUG [DataNucleus.Transaction] - Transacción empezada para el ExecutionContext org.datanucleus.ExecutionContextImpl@6680f714 (optimistic=false)
* Storing a class com.videoclub.pojo.Movie : Movie [title=Movie2, genre=DETECTIVE, duration=180, year=1989, director=luis, rentalPrice=5.74]
15:04:03,118 (main) DEBUG [DataNucleus.Persistence] - Haciendo el objeto persistente : "com.videoclub.pojo.Movie@60dc1a4e"
15:04:03,118 (main) DEBUG [DataNucleus.ValueGeneration] - Valor generado para el campo "com.videoclub.pojo.Movie.code" con estrategia="increment" (Generador="org.datanucleus.store.rdbms.valuegenerator.TableGenerator") : valor=12
15:04:03,118 (main) DEBUG [DataNucleus.Cache] - Objeto con identidad "com.videoclub.pojo.Movie:12" añadido a la Cache de nivel 1 (loadedFlags="[YYYYYYY]")
15:04:03,118 (main) DEBUG [DataNucleus.Transaction] - Objeto con identidad "com.videoclub.pojo.Movie:12" ha sido puesto en la cache transaccional
15:04:03,118 (main) DEBUG [DataNucleus.Persistence] - Objeto "com.videoclub.pojo.Movie@60dc1a4e" va a ser añadido a la tabla "`MOVIE`"
15:04:03,118 (main) DEBUG [DataNucleus.Connection] - ManagedConnection ABIERTO : "org.datanucleus.store.rdbms.ConnectionFactoryImpl$ManagedConnectionImpl@31efacad [conn=org.datanucleus.store.rdbms.datasource.dbcp2.PoolingDataSource$PoolGuardConnectionWrapper@380ce5a3, commitOnRelease=false, closeOnRelease=false, closeOnTxnEnd=true]" en resource "tx" con isolación "read-committed" y auto-commit=false
15:04:03,118 (main) DEBUG [DataNucleus.Transaction] - Running enlist operation on resource: org.datanucleus.store.rdbms.ConnectionFactoryImpl$EmulatedXAResource@38029686, error code TMNOFLAGS and transaction [DataNucleus Transaction, ID=1792540124-12, enlisted resources=[]]
15:04:03,118 (main) DEBUG [DataNucleus.Datastore] - Utilizando PreparedStatement "com.mysql.cj.jdbc.ClientPreparedStatement: INSERT INTO `MOVIE` (`DIRECTOR`,`DURATION`,`GENRE`,`RENTALPRICE`,`TITLE`,`YEAR`,`CODE`) VALUES (** NOT SPECIFIED **,** NOT SPECIFIED **,** NOT SPECIFIED **,** NOT SPECIFIED **,** NOT SPECIFIED **,** NOT SPECIFIED **,** NOT SPECIFIED **)" para la conneccion "org.datanucleus.store.rdbms.datasource.dbcp2.PoolingDataSource$PoolGuardConnectionWrapper@380ce5a3"
15:04:03,118 (main) DEBUG [DataNucleus.Datastore.Persist] - El statement "INSERT INTO `MOVIE` (`DIRECTOR`,`DURATION`,`GENRE`,`RENTALPRICE`,`TITLE`,`YEAR`,`CODE`) VALUES (?,?,?,?,?,?,?)" ya es batchable
15:04:03,118 (main) DEBUG [DataNucleus.Datastore.Persist] - Añadiendo statement "INSERT INTO `MOVIE` (`DIRECTOR`,`DURATION`,`GENRE`,`RENTALPRICE`,`TITLE`,`YEAR`,`CODE`) VALUES (?,?,?,?,?,?,?)" al batch para procesar (tamaño de batch = 1)
15:04:03,118 (main) DEBUG [DataNucleus.Datastore.Native] - INSERT INTO `MOVIE` (`DIRECTOR`,`DURATION`,`GENRE`,`RENTALPRICE`,`TITLE`,`YEAR`,`CODE`) VALUES (?,?,?,?,?,?,?)
15:04:03,118 (main) DEBUG [DataNucleus.Datastore] - SQL Tiempo de cumplir = 0 ms (numero de lineas cambiado = [1]) con el PreparedStatement "org.datanucleus.store.rdbms.datasource.dbcp2.DelegatingPreparedStatement@6e24ce51"
15:04:03,118 (main) DEBUG [DataNucleus.Transaction] - Haciendo commit de la transaacción para el ExecutionContext org.datanucleus.ExecutionContextImpl@6680f714
15:04:03,118 (main) DEBUG [DataNucleus.Persistence] - ExecutionContext.internalFlush() empezado con flush ordenado - 1 objetos registrados
15:04:03,118 (main) DEBUG [DataNucleus.Persistence] - ExecutionContext.internalFlush() terminado
15:04:03,118 (main) DEBUG [DataNucleus.Persistence] - Persistence-By-Reachability (commit) : EMPIEZA
15:04:03,118 (main) DEBUG [DataNucleus.Persistence] - Haciendo la calculación de alcanzables con objeto con identidad "com.videoclub.pojo.Movie:12"
15:04:03,118 (main) DEBUG [DataNucleus.Cache] - Objeto con identidad "com.videoclub.pojo.Movie:12" obtenido de la Cache nivel 1 (loadedFlags="[YYYYYYY]")
15:04:03,118 (main) DEBUG [DataNucleus.Persistence] - Object con id "com.videoclub.pojo.Movie:12" y estado de vida "P_NEW" añadido a la lista de alcanzables al commit.
15:04:03,118 (main) DEBUG [DataNucleus.Persistence] - ExecutionContext.internalFlush() empezado con flush ordenado - 0 objetos registrados
15:04:03,118 (main) DEBUG [DataNucleus.Persistence] - ExecutionContext.internalFlush() terminado
15:04:03,118 (main) DEBUG [DataNucleus.Persistence] - Persistence-By-Reachability (commit) : TERMINADO
15:04:03,118 (main) DEBUG [DataNucleus.Cache] - Objeto con identidad "com.videoclub.pojo.Movie:12" añadido a la Cache de nivel 2 (campos="[0, 1, 2, 3, 4, 5, 6]", version="")
15:04:03,118 (main) DEBUG [DataNucleus.Cache] - El objeto con identidad "com.videoclub.pojo.Movie:12" va a tener los campos siguientes almacendados en el objeto de Level 2 cache : [0, 1, 2, 3, 4, 5, 6]
15:04:03,118 (main) DEBUG [DataNucleus.Transaction] - Committing [DataNucleus Transaction, ID=1792540124-12, enlisted resources=[org.datanucleus.store.rdbms.ConnectionFactoryImpl$EmulatedXAResource@38029686]]
15:04:03,118 (main) DEBUG [DataNucleus.Connection] - ManagedConnection VA A COMMIT : "org.datanucleus.store.rdbms.ConnectionFactoryImpl$ManagedConnectionImpl@31efacad [conn=org.datanucleus.store.rdbms.datasource.dbcp2.PoolingDataSource$PoolGuardConnectionWrapper@380ce5a3, commitOnRelease=false, closeOnRelease=false, closeOnTxnEnd=true]"
15:04:03,118 (main) DEBUG [DataNucleus.Connection] - ManagedConnection CERRADO : "org.datanucleus.store.rdbms.ConnectionFactoryImpl$ManagedConnectionImpl@31efacad [conn=org.datanucleus.store.rdbms.datasource.dbcp2.PoolingDataSource$PoolGuardConnectionWrapper@380ce5a3, commitOnRelease=false, closeOnRelease=false, closeOnTxnEnd=true]" 
15:04:03,118 (main) DEBUG [DataNucleus.Persistence] - Haciendo el objeto detachado : "com.videoclub.pojo.Movie@60dc1a4e" (profundidad=0)
15:04:03,118 (main) DEBUG [DataNucleus.Persistence] - Objeto con identidad "com.videoclub.pojo.Movie:12" tiene cambio de lifeycle : "P_NEW"->"DETACHED_CLEAN"
15:04:03,118 (main) DEBUG [DataNucleus.Transaction] - Objeto con identidad "com.videoclub.pojo.Movie:12" fue borrado de la cache transactional
15:04:03,118 (main) DEBUG [DataNucleus.Persistence] - Disconectando objeto con identidad "com.videoclub.pojo.Movie:12" de StateManager[pc=com.videoclub.pojo.Movie@60dc1a4e, lifecycle=DETACHED_CLEAN]
15:04:03,118 (main) DEBUG [DataNucleus.Cache] - Objeto con identidad="com.videoclub.pojo.Movie:12" borrado de la Cache de nivel 1
15:04:03,118 (main) DEBUG [DataNucleus.Transaction] - Transacción committed en 0 ms
15:04:03,118 (main) DEBUG [DataNucleus.Persistence] - ExecutionContext "org.datanucleus.ExecutionContextImpl@6680f714" se cerró
15:04:03,118 (main) DEBUG [DataNucleus.Persistence] - ExecutionContext "org.datanucleus.ExecutionContextImpl@6680f714" se abrió para la base de datos "org.datanucleus.store.rdbms.RDBMSStoreManager@1084f78c" con transaccion="org.datanucleus.transaction.TransactionImpl@5d124d29"
15:04:03,118 (main) DEBUG [DataNucleus.Transaction] - Transaction created [DataNucleus Transaction, ID=1792540124-13, enlisted resources=[]]
15:04:03,118 (main) DEBUG [DataNucleus.Transaction] - Transacción empezada para el ExecutionContext org.datanucleus.ExecutionContextImpl@6680f714 (optimistic=false)
* Storing a class com.videoclub.pojo.Movie : Movie [title=Movie3, genre=DRAMA, duration=90, year=2012, director=luis, rentalPrice=4.25]
15:04:03,118 (main) DEBUG [DataNucleus.Persistence] - Haciendo el objeto persistente : "com.videoclub.pojo.Movie@74960e9d"
15:04:03,134 (main) DEBUG [DataNucleus.ValueGeneration] - Valor generado para el campo "com.videoclub.pojo.Movie.code" con estrategia="increment" (Generador="org.datanucleus.store.rdbms.valuegenerator.TableGenerator") : valor=13
15:04:03,134 (main) DEBUG [DataNucleus.Cache] - Objeto con identidad "com.videoclub.pojo.Movie:13" añadido a la Cache de nivel 1 (loadedFlags="[YYYYYYY]")
15:04:03,134 (main) DEBUG [DataNucleus.Transaction] - Objeto con identidad "com.videoclub.pojo.Movie:13" ha sido puesto en la cache transaccional
15:04:03,134 (main) DEBUG [DataNucleus.Persistence] - Objeto "com.videoclub.pojo.Movie@74960e9d" va a ser añadido a la tabla "`MOVIE`"
15:04:03,134 (main) DEBUG [DataNucleus.Connection] - ManagedConnection ABIERTO : "org.datanucleus.store.rdbms.ConnectionFactoryImpl$ManagedConnectionImpl@fb5aeed [conn=org.datanucleus.store.rdbms.datasource.dbcp2.PoolingDataSource$PoolGuardConnectionWrapper@73893ec1, commitOnRelease=false, closeOnRelease=false, closeOnTxnEnd=true]" en resource "tx" con isolación "read-committed" y auto-commit=false
15:04:03,134 (main) DEBUG [DataNucleus.Transaction] - Running enlist operation on resource: org.datanucleus.store.rdbms.ConnectionFactoryImpl$EmulatedXAResource@37af24cb, error code TMNOFLAGS and transaction [DataNucleus Transaction, ID=1792540124-13, enlisted resources=[]]
15:04:03,134 (main) DEBUG [DataNucleus.Datastore] - Utilizando PreparedStatement "com.mysql.cj.jdbc.ClientPreparedStatement: INSERT INTO `MOVIE` (`DIRECTOR`,`DURATION`,`GENRE`,`RENTALPRICE`,`TITLE`,`YEAR`,`CODE`) VALUES (** NOT SPECIFIED **,** NOT SPECIFIED **,** NOT SPECIFIED **,** NOT SPECIFIED **,** NOT SPECIFIED **,** NOT SPECIFIED **,** NOT SPECIFIED **)" para la conneccion "org.datanucleus.store.rdbms.datasource.dbcp2.PoolingDataSource$PoolGuardConnectionWrapper@73893ec1"
15:04:03,134 (main) DEBUG [DataNucleus.Datastore.Persist] - El statement "INSERT INTO `MOVIE` (`DIRECTOR`,`DURATION`,`GENRE`,`RENTALPRICE`,`TITLE`,`YEAR`,`CODE`) VALUES (?,?,?,?,?,?,?)" ya es batchable
15:04:03,134 (main) DEBUG [DataNucleus.Datastore.Persist] - Añadiendo statement "INSERT INTO `MOVIE` (`DIRECTOR`,`DURATION`,`GENRE`,`RENTALPRICE`,`TITLE`,`YEAR`,`CODE`) VALUES (?,?,?,?,?,?,?)" al batch para procesar (tamaño de batch = 1)
15:04:03,134 (main) DEBUG [DataNucleus.Datastore.Native] - INSERT INTO `MOVIE` (`DIRECTOR`,`DURATION`,`GENRE`,`RENTALPRICE`,`TITLE`,`YEAR`,`CODE`) VALUES (?,?,?,?,?,?,?)
15:04:03,134 (main) DEBUG [DataNucleus.Datastore] - SQL Tiempo de cumplir = 0 ms (numero de lineas cambiado = [1]) con el PreparedStatement "org.datanucleus.store.rdbms.datasource.dbcp2.DelegatingPreparedStatement@61037caf"
15:04:03,134 (main) DEBUG [DataNucleus.Transaction] - Haciendo commit de la transaacción para el ExecutionContext org.datanucleus.ExecutionContextImpl@6680f714
15:04:03,134 (main) DEBUG [DataNucleus.Persistence] - ExecutionContext.internalFlush() empezado con flush ordenado - 1 objetos registrados
15:04:03,134 (main) DEBUG [DataNucleus.Persistence] - ExecutionContext.internalFlush() terminado
15:04:03,134 (main) DEBUG [DataNucleus.Persistence] - Persistence-By-Reachability (commit) : EMPIEZA
15:04:03,134 (main) DEBUG [DataNucleus.Persistence] - Haciendo la calculación de alcanzables con objeto con identidad "com.videoclub.pojo.Movie:13"
15:04:03,134 (main) DEBUG [DataNucleus.Cache] - Objeto con identidad "com.videoclub.pojo.Movie:13" obtenido de la Cache nivel 1 (loadedFlags="[YYYYYYY]")
15:04:03,134 (main) DEBUG [DataNucleus.Persistence] - Object con id "com.videoclub.pojo.Movie:13" y estado de vida "P_NEW" añadido a la lista de alcanzables al commit.
15:04:03,134 (main) DEBUG [DataNucleus.Persistence] - ExecutionContext.internalFlush() empezado con flush ordenado - 0 objetos registrados
15:04:03,134 (main) DEBUG [DataNucleus.Persistence] - ExecutionContext.internalFlush() terminado
15:04:03,134 (main) DEBUG [DataNucleus.Persistence] - Persistence-By-Reachability (commit) : TERMINADO
15:04:03,134 (main) DEBUG [DataNucleus.Cache] - Objeto con identidad "com.videoclub.pojo.Movie:13" añadido a la Cache de nivel 2 (campos="[0, 1, 2, 3, 4, 5, 6]", version="")
15:04:03,134 (main) DEBUG [DataNucleus.Cache] - El objeto con identidad "com.videoclub.pojo.Movie:13" va a tener los campos siguientes almacendados en el objeto de Level 2 cache : [0, 1, 2, 3, 4, 5, 6]
15:04:03,134 (main) DEBUG [DataNucleus.Transaction] - Committing [DataNucleus Transaction, ID=1792540124-13, enlisted resources=[org.datanucleus.store.rdbms.ConnectionFactoryImpl$EmulatedXAResource@37af24cb]]
15:04:03,140 (main) DEBUG [DataNucleus.Connection] - ManagedConnection VA A COMMIT : "org.datanucleus.store.rdbms.ConnectionFactoryImpl$ManagedConnectionImpl@fb5aeed [conn=org.datanucleus.store.rdbms.datasource.dbcp2.PoolingDataSource$PoolGuardConnectionWrapper@73893ec1, commitOnRelease=false, closeOnRelease=false, closeOnTxnEnd=true]"
15:04:03,140 (main) DEBUG [DataNucleus.Connection] - ManagedConnection CERRADO : "org.datanucleus.store.rdbms.ConnectionFactoryImpl$ManagedConnectionImpl@fb5aeed [conn=org.datanucleus.store.rdbms.datasource.dbcp2.PoolingDataSource$PoolGuardConnectionWrapper@73893ec1, commitOnRelease=false, closeOnRelease=false, closeOnTxnEnd=true]" 
15:04:03,140 (main) DEBUG [DataNucleus.Persistence] - Haciendo el objeto detachado : "com.videoclub.pojo.Movie@74960e9d" (profundidad=0)
15:04:03,140 (main) DEBUG [DataNucleus.Persistence] - Objeto con identidad "com.videoclub.pojo.Movie:13" tiene cambio de lifeycle : "P_NEW"->"DETACHED_CLEAN"
15:04:03,140 (main) DEBUG [DataNucleus.Transaction] - Objeto con identidad "com.videoclub.pojo.Movie:13" fue borrado de la cache transactional
15:04:03,140 (main) DEBUG [DataNucleus.Persistence] - Disconectando objeto con identidad "com.videoclub.pojo.Movie:13" de StateManager[pc=com.videoclub.pojo.Movie@74960e9d, lifecycle=DETACHED_CLEAN]
15:04:03,140 (main) DEBUG [DataNucleus.Cache] - Objeto con identidad="com.videoclub.pojo.Movie:13" borrado de la Cache de nivel 1
15:04:03,140 (main) DEBUG [DataNucleus.Transaction] - Transacción committed en 6 ms
15:04:03,140 (main) DEBUG [DataNucleus.Persistence] - ExecutionContext "org.datanucleus.ExecutionContextImpl@6680f714" se cerró
15:04:03,140 (main) DEBUG [DataNucleus.Persistence] - ExecutionContext "org.datanucleus.ExecutionContextImpl@6680f714" se abrió para la base de datos "org.datanucleus.store.rdbms.RDBMSStoreManager@1084f78c" con transaccion="org.datanucleus.transaction.TransactionImpl@670342a2"
15:04:03,140 (main) DEBUG [DataNucleus.Transaction] - Transaction created [DataNucleus Transaction, ID=1792540124-14, enlisted resources=[]]
15:04:03,140 (main) DEBUG [DataNucleus.Transaction] - Transacción empezada para el ExecutionContext org.datanucleus.ExecutionContextImpl@6680f714 (optimistic=false)
* Storing a class com.videoclub.pojo.Movie : Movie [title=Movie4, genre=COMEDY, duration=160, year=2004, director=juana, rentalPrice=14.34]
15:04:03,140 (main) DEBUG [DataNucleus.Persistence] - Haciendo el objeto persistente : "com.videoclub.pojo.Movie@7742a45c"
15:04:03,140 (main) DEBUG [DataNucleus.ValueGeneration] - Valor generado para el campo "com.videoclub.pojo.Movie.code" con estrategia="increment" (Generador="org.datanucleus.store.rdbms.valuegenerator.TableGenerator") : valor=14
15:04:03,140 (main) DEBUG [DataNucleus.Cache] - Objeto con identidad "com.videoclub.pojo.Movie:14" añadido a la Cache de nivel 1 (loadedFlags="[YYYYYYY]")
15:04:03,140 (main) DEBUG [DataNucleus.Transaction] - Objeto con identidad "com.videoclub.pojo.Movie:14" ha sido puesto en la cache transaccional
15:04:03,140 (main) DEBUG [DataNucleus.Persistence] - Objeto "com.videoclub.pojo.Movie@7742a45c" va a ser añadido a la tabla "`MOVIE`"
15:04:03,140 (main) DEBUG [DataNucleus.Connection] - ManagedConnection ABIERTO : "org.datanucleus.store.rdbms.ConnectionFactoryImpl$ManagedConnectionImpl@14fc9bd [conn=org.datanucleus.store.rdbms.datasource.dbcp2.PoolingDataSource$PoolGuardConnectionWrapper@7ed49a7f, commitOnRelease=false, closeOnRelease=false, closeOnTxnEnd=true]" en resource "tx" con isolación "read-committed" y auto-commit=false
15:04:03,140 (main) DEBUG [DataNucleus.Transaction] - Running enlist operation on resource: org.datanucleus.store.rdbms.ConnectionFactoryImpl$EmulatedXAResource@1cd6b1bd, error code TMNOFLAGS and transaction [DataNucleus Transaction, ID=1792540124-14, enlisted resources=[]]
15:04:03,148 (main) DEBUG [DataNucleus.Datastore] - Utilizando PreparedStatement "com.mysql.cj.jdbc.ClientPreparedStatement: INSERT INTO `MOVIE` (`DIRECTOR`,`DURATION`,`GENRE`,`RENTALPRICE`,`TITLE`,`YEAR`,`CODE`) VALUES (** NOT SPECIFIED **,** NOT SPECIFIED **,** NOT SPECIFIED **,** NOT SPECIFIED **,** NOT SPECIFIED **,** NOT SPECIFIED **,** NOT SPECIFIED **)" para la conneccion "org.datanucleus.store.rdbms.datasource.dbcp2.PoolingDataSource$PoolGuardConnectionWrapper@7ed49a7f"
15:04:03,148 (main) DEBUG [DataNucleus.Datastore.Persist] - El statement "INSERT INTO `MOVIE` (`DIRECTOR`,`DURATION`,`GENRE`,`RENTALPRICE`,`TITLE`,`YEAR`,`CODE`) VALUES (?,?,?,?,?,?,?)" ya es batchable
15:04:03,148 (main) DEBUG [DataNucleus.Datastore.Persist] - Añadiendo statement "INSERT INTO `MOVIE` (`DIRECTOR`,`DURATION`,`GENRE`,`RENTALPRICE`,`TITLE`,`YEAR`,`CODE`) VALUES (?,?,?,?,?,?,?)" al batch para procesar (tamaño de batch = 1)
15:04:03,148 (main) DEBUG [DataNucleus.Datastore.Native] - INSERT INTO `MOVIE` (`DIRECTOR`,`DURATION`,`GENRE`,`RENTALPRICE`,`TITLE`,`YEAR`,`CODE`) VALUES (?,?,?,?,?,?,?)
15:04:03,148 (main) DEBUG [DataNucleus.Datastore] - SQL Tiempo de cumplir = 0 ms (numero de lineas cambiado = [1]) con el PreparedStatement "org.datanucleus.store.rdbms.datasource.dbcp2.DelegatingPreparedStatement@619c93ca"
15:04:03,148 (main) DEBUG [DataNucleus.Transaction] - Haciendo commit de la transaacción para el ExecutionContext org.datanucleus.ExecutionContextImpl@6680f714
15:04:03,148 (main) DEBUG [DataNucleus.Persistence] - ExecutionContext.internalFlush() empezado con flush ordenado - 1 objetos registrados
15:04:03,148 (main) DEBUG [DataNucleus.Persistence] - ExecutionContext.internalFlush() terminado
15:04:03,148 (main) DEBUG [DataNucleus.Persistence] - Persistence-By-Reachability (commit) : EMPIEZA
15:04:03,148 (main) DEBUG [DataNucleus.Persistence] - Haciendo la calculación de alcanzables con objeto con identidad "com.videoclub.pojo.Movie:14"
15:04:03,148 (main) DEBUG [DataNucleus.Cache] - Objeto con identidad "com.videoclub.pojo.Movie:14" obtenido de la Cache nivel 1 (loadedFlags="[YYYYYYY]")
15:04:03,148 (main) DEBUG [DataNucleus.Persistence] - Object con id "com.videoclub.pojo.Movie:14" y estado de vida "P_NEW" añadido a la lista de alcanzables al commit.
15:04:03,148 (main) DEBUG [DataNucleus.Persistence] - ExecutionContext.internalFlush() empezado con flush ordenado - 0 objetos registrados
15:04:03,148 (main) DEBUG [DataNucleus.Persistence] - ExecutionContext.internalFlush() terminado
15:04:03,148 (main) DEBUG [DataNucleus.Persistence] - Persistence-By-Reachability (commit) : TERMINADO
15:04:03,148 (main) DEBUG [DataNucleus.Cache] - Objeto con identidad "com.videoclub.pojo.Movie:14" añadido a la Cache de nivel 2 (campos="[0, 1, 2, 3, 4, 5, 6]", version="")
15:04:03,148 (main) DEBUG [DataNucleus.Cache] - El objeto con identidad "com.videoclub.pojo.Movie:14" va a tener los campos siguientes almacendados en el objeto de Level 2 cache : [0, 1, 2, 3, 4, 5, 6]
15:04:03,150 (main) DEBUG [DataNucleus.Transaction] - Committing [DataNucleus Transaction, ID=1792540124-14, enlisted resources=[org.datanucleus.store.rdbms.ConnectionFactoryImpl$EmulatedXAResource@1cd6b1bd]]
15:04:03,150 (main) DEBUG [DataNucleus.Connection] - ManagedConnection VA A COMMIT : "org.datanucleus.store.rdbms.ConnectionFactoryImpl$ManagedConnectionImpl@14fc9bd [conn=org.datanucleus.store.rdbms.datasource.dbcp2.PoolingDataSource$PoolGuardConnectionWrapper@7ed49a7f, commitOnRelease=false, closeOnRelease=false, closeOnTxnEnd=true]"
15:04:03,150 (main) DEBUG [DataNucleus.Connection] - ManagedConnection CERRADO : "org.datanucleus.store.rdbms.ConnectionFactoryImpl$ManagedConnectionImpl@14fc9bd [conn=org.datanucleus.store.rdbms.datasource.dbcp2.PoolingDataSource$PoolGuardConnectionWrapper@7ed49a7f, commitOnRelease=false, closeOnRelease=false, closeOnTxnEnd=true]" 
15:04:03,150 (main) DEBUG [DataNucleus.Persistence] - Haciendo el objeto detachado : "com.videoclub.pojo.Movie@7742a45c" (profundidad=0)
15:04:03,150 (main) DEBUG [DataNucleus.Persistence] - Objeto con identidad "com.videoclub.pojo.Movie:14" tiene cambio de lifeycle : "P_NEW"->"DETACHED_CLEAN"
15:04:03,150 (main) DEBUG [DataNucleus.Transaction] - Objeto con identidad "com.videoclub.pojo.Movie:14" fue borrado de la cache transactional
15:04:03,150 (main) DEBUG [DataNucleus.Persistence] - Disconectando objeto con identidad "com.videoclub.pojo.Movie:14" de StateManager[pc=com.videoclub.pojo.Movie@7742a45c, lifecycle=DETACHED_CLEAN]
15:04:03,150 (main) DEBUG [DataNucleus.Cache] - Objeto con identidad="com.videoclub.pojo.Movie:14" borrado de la Cache de nivel 1
15:04:03,150 (main) DEBUG [DataNucleus.Transaction] - Transacción committed en 2 ms
15:04:03,150 (main) DEBUG [DataNucleus.Persistence] - ExecutionContext "org.datanucleus.ExecutionContextImpl@6680f714" se cerró
15:04:03,150 (main) DEBUG [DataNucleus.Persistence] - ExecutionContext "org.datanucleus.ExecutionContextImpl@6680f714" se abrió para la base de datos "org.datanucleus.store.rdbms.RDBMSStoreManager@1084f78c" con transaccion="org.datanucleus.transaction.TransactionImpl@6aa5974e"
15:04:03,150 (main) DEBUG [DataNucleus.Transaction] - Transaction created [DataNucleus Transaction, ID=1792540124-15, enlisted resources=[]]
15:04:03,150 (main) DEBUG [DataNucleus.Transaction] - Transacción empezada para el ExecutionContext org.datanucleus.ExecutionContextImpl@6680f714 (optimistic=false)
* Storing a class com.videoclub.pojo.Movie : Movie [title=Movie5, genre=MUSICAL, duration=90, year=1997, director=paco, rentalPrice=9.25]
15:04:03,150 (main) DEBUG [DataNucleus.Persistence] - Haciendo el objeto persistente : "com.videoclub.pojo.Movie@5bda157e"
15:04:03,150 (main) DEBUG [DataNucleus.ValueGeneration] - Valor generado para el campo "com.videoclub.pojo.Movie.code" con estrategia="increment" (Generador="org.datanucleus.store.rdbms.valuegenerator.TableGenerator") : valor=15
15:04:03,150 (main) DEBUG [DataNucleus.Cache] - Objeto con identidad "com.videoclub.pojo.Movie:15" añadido a la Cache de nivel 1 (loadedFlags="[YYYYYYY]")
15:04:03,150 (main) DEBUG [DataNucleus.Transaction] - Objeto con identidad "com.videoclub.pojo.Movie:15" ha sido puesto en la cache transaccional
15:04:03,150 (main) DEBUG [DataNucleus.Persistence] - Objeto "com.videoclub.pojo.Movie@5bda157e" va a ser añadido a la tabla "`MOVIE`"
15:04:03,150 (main) DEBUG [DataNucleus.Connection] - ManagedConnection ABIERTO : "org.datanucleus.store.rdbms.ConnectionFactoryImpl$ManagedConnectionImpl@21390938 [conn=org.datanucleus.store.rdbms.datasource.dbcp2.PoolingDataSource$PoolGuardConnectionWrapper@1129829c, commitOnRelease=false, closeOnRelease=false, closeOnTxnEnd=true]" en resource "tx" con isolación "read-committed" y auto-commit=false
15:04:03,150 (main) DEBUG [DataNucleus.Transaction] - Running enlist operation on resource: org.datanucleus.store.rdbms.ConnectionFactoryImpl$EmulatedXAResource@1a531422, error code TMNOFLAGS and transaction [DataNucleus Transaction, ID=1792540124-15, enlisted resources=[]]
15:04:03,150 (main) DEBUG [DataNucleus.Datastore] - Utilizando PreparedStatement "com.mysql.cj.jdbc.ClientPreparedStatement: INSERT INTO `MOVIE` (`DIRECTOR`,`DURATION`,`GENRE`,`RENTALPRICE`,`TITLE`,`YEAR`,`CODE`) VALUES (** NOT SPECIFIED **,** NOT SPECIFIED **,** NOT SPECIFIED **,** NOT SPECIFIED **,** NOT SPECIFIED **,** NOT SPECIFIED **,** NOT SPECIFIED **)" para la conneccion "org.datanucleus.store.rdbms.datasource.dbcp2.PoolingDataSource$PoolGuardConnectionWrapper@1129829c"
15:04:03,150 (main) DEBUG [DataNucleus.Datastore.Persist] - El statement "INSERT INTO `MOVIE` (`DIRECTOR`,`DURATION`,`GENRE`,`RENTALPRICE`,`TITLE`,`YEAR`,`CODE`) VALUES (?,?,?,?,?,?,?)" ya es batchable
15:04:03,150 (main) DEBUG [DataNucleus.Datastore.Persist] - Añadiendo statement "INSERT INTO `MOVIE` (`DIRECTOR`,`DURATION`,`GENRE`,`RENTALPRICE`,`TITLE`,`YEAR`,`CODE`) VALUES (?,?,?,?,?,?,?)" al batch para procesar (tamaño de batch = 1)
15:04:03,150 (main) DEBUG [DataNucleus.Datastore.Native] - INSERT INTO `MOVIE` (`DIRECTOR`,`DURATION`,`GENRE`,`RENTALPRICE`,`TITLE`,`YEAR`,`CODE`) VALUES (?,?,?,?,?,?,?)
15:04:03,150 (main) DEBUG [DataNucleus.Datastore] - SQL Tiempo de cumplir = 0 ms (numero de lineas cambiado = [1]) con el PreparedStatement "org.datanucleus.store.rdbms.datasource.dbcp2.DelegatingPreparedStatement@4e4162bc"
15:04:03,150 (main) DEBUG [DataNucleus.Transaction] - Haciendo commit de la transaacción para el ExecutionContext org.datanucleus.ExecutionContextImpl@6680f714
15:04:03,150 (main) DEBUG [DataNucleus.Persistence] - ExecutionContext.internalFlush() empezado con flush ordenado - 1 objetos registrados
15:04:03,150 (main) DEBUG [DataNucleus.Persistence] - ExecutionContext.internalFlush() terminado
15:04:03,150 (main) DEBUG [DataNucleus.Persistence] - Persistence-By-Reachability (commit) : EMPIEZA
15:04:03,150 (main) DEBUG [DataNucleus.Persistence] - Haciendo la calculación de alcanzables con objeto con identidad "com.videoclub.pojo.Movie:15"
15:04:03,150 (main) DEBUG [DataNucleus.Cache] - Objeto con identidad "com.videoclub.pojo.Movie:15" obtenido de la Cache nivel 1 (loadedFlags="[YYYYYYY]")
15:04:03,150 (main) DEBUG [DataNucleus.Persistence] - Object con id "com.videoclub.pojo.Movie:15" y estado de vida "P_NEW" añadido a la lista de alcanzables al commit.
15:04:03,150 (main) DEBUG [DataNucleus.Persistence] - ExecutionContext.internalFlush() empezado con flush ordenado - 0 objetos registrados
15:04:03,150 (main) DEBUG [DataNucleus.Persistence] - ExecutionContext.internalFlush() terminado
15:04:03,150 (main) DEBUG [DataNucleus.Persistence] - Persistence-By-Reachability (commit) : TERMINADO
15:04:03,150 (main) DEBUG [DataNucleus.Cache] - Objeto con identidad "com.videoclub.pojo.Movie:15" añadido a la Cache de nivel 2 (campos="[0, 1, 2, 3, 4, 5, 6]", version="")
15:04:03,150 (main) DEBUG [DataNucleus.Cache] - El objeto con identidad "com.videoclub.pojo.Movie:15" va a tener los campos siguientes almacendados en el objeto de Level 2 cache : [0, 1, 2, 3, 4, 5, 6]
15:04:03,150 (main) DEBUG [DataNucleus.Transaction] - Committing [DataNucleus Transaction, ID=1792540124-15, enlisted resources=[org.datanucleus.store.rdbms.ConnectionFactoryImpl$EmulatedXAResource@1a531422]]
15:04:03,150 (main) DEBUG [DataNucleus.Connection] - ManagedConnection VA A COMMIT : "org.datanucleus.store.rdbms.ConnectionFactoryImpl$ManagedConnectionImpl@21390938 [conn=org.datanucleus.store.rdbms.datasource.dbcp2.PoolingDataSource$PoolGuardConnectionWrapper@1129829c, commitOnRelease=false, closeOnRelease=false, closeOnTxnEnd=true]"
15:04:03,150 (main) DEBUG [DataNucleus.Connection] - ManagedConnection CERRADO : "org.datanucleus.store.rdbms.ConnectionFactoryImpl$ManagedConnectionImpl@21390938 [conn=org.datanucleus.store.rdbms.datasource.dbcp2.PoolingDataSource$PoolGuardConnectionWrapper@1129829c, commitOnRelease=false, closeOnRelease=false, closeOnTxnEnd=true]" 
15:04:03,150 (main) DEBUG [DataNucleus.Persistence] - Haciendo el objeto detachado : "com.videoclub.pojo.Movie@5bda157e" (profundidad=0)
15:04:03,150 (main) DEBUG [DataNucleus.Persistence] - Objeto con identidad "com.videoclub.pojo.Movie:15" tiene cambio de lifeycle : "P_NEW"->"DETACHED_CLEAN"
15:04:03,150 (main) DEBUG [DataNucleus.Transaction] - Objeto con identidad "com.videoclub.pojo.Movie:15" fue borrado de la cache transactional
15:04:03,150 (main) DEBUG [DataNucleus.Persistence] - Disconectando objeto con identidad "com.videoclub.pojo.Movie:15" de StateManager[pc=com.videoclub.pojo.Movie@5bda157e, lifecycle=DETACHED_CLEAN]
15:04:03,150 (main) DEBUG [DataNucleus.Cache] - Objeto con identidad="com.videoclub.pojo.Movie:15" borrado de la Cache de nivel 1
15:04:03,150 (main) DEBUG [DataNucleus.Transaction] - Transacción committed en 0 ms
15:04:03,150 (main) DEBUG [DataNucleus.Persistence] - ExecutionContext "org.datanucleus.ExecutionContextImpl@6680f714" se cerró
15:04:03,150 (main) DEBUG [DataNucleus.Persistence] - ExecutionContext "org.datanucleus.ExecutionContextImpl@6680f714" se abrió para la base de datos "org.datanucleus.store.rdbms.RDBMSStoreManager@1084f78c" con transaccion="org.datanucleus.transaction.TransactionImpl@72fbf94d"
15:04:03,150 (main) DEBUG [DataNucleus.Transaction] - Transaction created [DataNucleus Transaction, ID=1792540124-16, enlisted resources=[]]
15:04:03,150 (main) DEBUG [DataNucleus.Transaction] - Transacción empezada para el ExecutionContext org.datanucleus.ExecutionContextImpl@6680f714 (optimistic=false)
* Storing a class com.videoclub.pojo.Movie : Movie [title=Movie6, genre=FANTASY, duration=120, year=2015, director=juana, rentalPrice=6.74]
15:04:03,150 (main) DEBUG [DataNucleus.Persistence] - Haciendo el objeto persistente : "com.videoclub.pojo.Movie@2d28fb02"
15:04:03,150 (main) DEBUG [DataNucleus.ValueGeneration] - Valor generado para el campo "com.videoclub.pojo.Movie.code" con estrategia="increment" (Generador="org.datanucleus.store.rdbms.valuegenerator.TableGenerator") : valor=16
15:04:03,150 (main) DEBUG [DataNucleus.Cache] - Objeto con identidad "com.videoclub.pojo.Movie:16" añadido a la Cache de nivel 1 (loadedFlags="[YYYYYYY]")
15:04:03,150 (main) DEBUG [DataNucleus.Transaction] - Objeto con identidad "com.videoclub.pojo.Movie:16" ha sido puesto en la cache transaccional
15:04:03,150 (main) DEBUG [DataNucleus.Persistence] - Objeto "com.videoclub.pojo.Movie@2d28fb02" va a ser añadido a la tabla "`MOVIE`"
15:04:03,150 (main) DEBUG [DataNucleus.Connection] - ManagedConnection ABIERTO : "org.datanucleus.store.rdbms.ConnectionFactoryImpl$ManagedConnectionImpl@402f8592 [conn=org.datanucleus.store.rdbms.datasource.dbcp2.PoolingDataSource$PoolGuardConnectionWrapper@61b65d54, commitOnRelease=false, closeOnRelease=false, closeOnTxnEnd=true]" en resource "tx" con isolación "read-committed" y auto-commit=false
15:04:03,150 (main) DEBUG [DataNucleus.Transaction] - Running enlist operation on resource: org.datanucleus.store.rdbms.ConnectionFactoryImpl$EmulatedXAResource@b2c4a8b, error code TMNOFLAGS and transaction [DataNucleus Transaction, ID=1792540124-16, enlisted resources=[]]
15:04:03,150 (main) DEBUG [DataNucleus.Datastore] - Utilizando PreparedStatement "com.mysql.cj.jdbc.ClientPreparedStatement: INSERT INTO `MOVIE` (`DIRECTOR`,`DURATION`,`GENRE`,`RENTALPRICE`,`TITLE`,`YEAR`,`CODE`) VALUES (** NOT SPECIFIED **,** NOT SPECIFIED **,** NOT SPECIFIED **,** NOT SPECIFIED **,** NOT SPECIFIED **,** NOT SPECIFIED **,** NOT SPECIFIED **)" para la conneccion "org.datanucleus.store.rdbms.datasource.dbcp2.PoolingDataSource$PoolGuardConnectionWrapper@61b65d54"
15:04:03,150 (main) DEBUG [DataNucleus.Datastore.Persist] - El statement "INSERT INTO `MOVIE` (`DIRECTOR`,`DURATION`,`GENRE`,`RENTALPRICE`,`TITLE`,`YEAR`,`CODE`) VALUES (?,?,?,?,?,?,?)" ya es batchable
15:04:03,150 (main) DEBUG [DataNucleus.Datastore.Persist] - Añadiendo statement "INSERT INTO `MOVIE` (`DIRECTOR`,`DURATION`,`GENRE`,`RENTALPRICE`,`TITLE`,`YEAR`,`CODE`) VALUES (?,?,?,?,?,?,?)" al batch para procesar (tamaño de batch = 1)
15:04:03,150 (main) DEBUG [DataNucleus.Datastore.Native] - INSERT INTO `MOVIE` (`DIRECTOR`,`DURATION`,`GENRE`,`RENTALPRICE`,`TITLE`,`YEAR`,`CODE`) VALUES (?,?,?,?,?,?,?)
15:04:03,150 (main) DEBUG [DataNucleus.Datastore] - SQL Tiempo de cumplir = 0 ms (numero de lineas cambiado = [1]) con el PreparedStatement "org.datanucleus.store.rdbms.datasource.dbcp2.DelegatingPreparedStatement@101cf747"
15:04:03,150 (main) DEBUG [DataNucleus.Transaction] - Haciendo commit de la transaacción para el ExecutionContext org.datanucleus.ExecutionContextImpl@6680f714
15:04:03,150 (main) DEBUG [DataNucleus.Persistence] - ExecutionContext.internalFlush() empezado con flush ordenado - 1 objetos registrados
15:04:03,150 (main) DEBUG [DataNucleus.Persistence] - ExecutionContext.internalFlush() terminado
15:04:03,150 (main) DEBUG [DataNucleus.Persistence] - Persistence-By-Reachability (commit) : EMPIEZA
15:04:03,150 (main) DEBUG [DataNucleus.Persistence] - Haciendo la calculación de alcanzables con objeto con identidad "com.videoclub.pojo.Movie:16"
15:04:03,150 (main) DEBUG [DataNucleus.Cache] - Objeto con identidad "com.videoclub.pojo.Movie:16" obtenido de la Cache nivel 1 (loadedFlags="[YYYYYYY]")
15:04:03,150 (main) DEBUG [DataNucleus.Persistence] - Object con id "com.videoclub.pojo.Movie:16" y estado de vida "P_NEW" añadido a la lista de alcanzables al commit.
15:04:03,150 (main) DEBUG [DataNucleus.Persistence] - ExecutionContext.internalFlush() empezado con flush ordenado - 0 objetos registrados
15:04:03,150 (main) DEBUG [DataNucleus.Persistence] - ExecutionContext.internalFlush() terminado
15:04:03,150 (main) DEBUG [DataNucleus.Persistence] - Persistence-By-Reachability (commit) : TERMINADO
15:04:03,150 (main) DEBUG [DataNucleus.Cache] - Objeto con identidad "com.videoclub.pojo.Movie:16" añadido a la Cache de nivel 2 (campos="[0, 1, 2, 3, 4, 5, 6]", version="")
15:04:03,150 (main) DEBUG [DataNucleus.Cache] - El objeto con identidad "com.videoclub.pojo.Movie:16" va a tener los campos siguientes almacendados en el objeto de Level 2 cache : [0, 1, 2, 3, 4, 5, 6]
15:04:03,150 (main) DEBUG [DataNucleus.Transaction] - Committing [DataNucleus Transaction, ID=1792540124-16, enlisted resources=[org.datanucleus.store.rdbms.ConnectionFactoryImpl$EmulatedXAResource@b2c4a8b]]
15:04:03,150 (main) DEBUG [DataNucleus.Connection] - ManagedConnection VA A COMMIT : "org.datanucleus.store.rdbms.ConnectionFactoryImpl$ManagedConnectionImpl@402f8592 [conn=org.datanucleus.store.rdbms.datasource.dbcp2.PoolingDataSource$PoolGuardConnectionWrapper@61b65d54, commitOnRelease=false, closeOnRelease=false, closeOnTxnEnd=true]"
15:04:03,166 (main) DEBUG [DataNucleus.Connection] - ManagedConnection CERRADO : "org.datanucleus.store.rdbms.ConnectionFactoryImpl$ManagedConnectionImpl@402f8592 [conn=org.datanucleus.store.rdbms.datasource.dbcp2.PoolingDataSource$PoolGuardConnectionWrapper@61b65d54, commitOnRelease=false, closeOnRelease=false, closeOnTxnEnd=true]" 
15:04:03,166 (main) DEBUG [DataNucleus.Persistence] - Haciendo el objeto detachado : "com.videoclub.pojo.Movie@2d28fb02" (profundidad=0)
15:04:03,166 (main) DEBUG [DataNucleus.Persistence] - Objeto con identidad "com.videoclub.pojo.Movie:16" tiene cambio de lifeycle : "P_NEW"->"DETACHED_CLEAN"
15:04:03,166 (main) DEBUG [DataNucleus.Transaction] - Objeto con identidad "com.videoclub.pojo.Movie:16" fue borrado de la cache transactional
15:04:03,166 (main) DEBUG [DataNucleus.Persistence] - Disconectando objeto con identidad "com.videoclub.pojo.Movie:16" de StateManager[pc=com.videoclub.pojo.Movie@2d28fb02, lifecycle=DETACHED_CLEAN]
15:04:03,166 (main) DEBUG [DataNucleus.Cache] - Objeto con identidad="com.videoclub.pojo.Movie:16" borrado de la Cache de nivel 1
15:04:03,166 (main) DEBUG [DataNucleus.Transaction] - Transacción committed en 16 ms
15:04:03,166 (main) DEBUG [DataNucleus.Persistence] - ExecutionContext "org.datanucleus.ExecutionContextImpl@6680f714" se cerró
15:04:03,166 (main) DEBUG [DataNucleus.Persistence] - ExecutionContext "org.datanucleus.ExecutionContextImpl@6680f714" se abrió para la base de datos "org.datanucleus.store.rdbms.RDBMSStoreManager@1084f78c" con transaccion="org.datanucleus.transaction.TransactionImpl@6403a4a5"
15:04:03,166 (main) DEBUG [DataNucleus.Transaction] - Transaction created [DataNucleus Transaction, ID=1792540124-17, enlisted resources=[]]
15:04:03,166 (main) DEBUG [DataNucleus.Transaction] - Transacción empezada para el ExecutionContext org.datanucleus.ExecutionContextImpl@6680f714 (optimistic=false)
* Storing a class com.videoclub.pojo.Movie : Movie [title=Movie7, genre=THRILLER, duration=90, year=1990, director=paco, rentalPrice=6.75]
15:04:03,166 (main) DEBUG [DataNucleus.Persistence] - Haciendo el objeto persistente : "com.videoclub.pojo.Movie@4a6c0f38"
15:04:03,166 (main) DEBUG [DataNucleus.ValueGeneration] - Valor generado para el campo "com.videoclub.pojo.Movie.code" con estrategia="increment" (Generador="org.datanucleus.store.rdbms.valuegenerator.TableGenerator") : valor=17
15:04:03,166 (main) DEBUG [DataNucleus.Cache] - Objeto con identidad "com.videoclub.pojo.Movie:17" añadido a la Cache de nivel 1 (loadedFlags="[YYYYYYY]")
15:04:03,166 (main) DEBUG [DataNucleus.Transaction] - Objeto con identidad "com.videoclub.pojo.Movie:17" ha sido puesto en la cache transaccional
15:04:03,166 (main) DEBUG [DataNucleus.Persistence] - Objeto "com.videoclub.pojo.Movie@4a6c0f38" va a ser añadido a la tabla "`MOVIE`"
15:04:03,166 (main) DEBUG [DataNucleus.Connection] - ManagedConnection ABIERTO : "org.datanucleus.store.rdbms.ConnectionFactoryImpl$ManagedConnectionImpl@26d5a317 [conn=org.datanucleus.store.rdbms.datasource.dbcp2.PoolingDataSource$PoolGuardConnectionWrapper@70b6db83, commitOnRelease=false, closeOnRelease=false, closeOnTxnEnd=true]" en resource "tx" con isolación "read-committed" y auto-commit=false
15:04:03,166 (main) DEBUG [DataNucleus.Transaction] - Running enlist operation on resource: org.datanucleus.store.rdbms.ConnectionFactoryImpl$EmulatedXAResource@5a090f62, error code TMNOFLAGS and transaction [DataNucleus Transaction, ID=1792540124-17, enlisted resources=[]]
15:04:03,166 (main) DEBUG [DataNucleus.Datastore] - Utilizando PreparedStatement "com.mysql.cj.jdbc.ClientPreparedStatement: INSERT INTO `MOVIE` (`DIRECTOR`,`DURATION`,`GENRE`,`RENTALPRICE`,`TITLE`,`YEAR`,`CODE`) VALUES (** NOT SPECIFIED **,** NOT SPECIFIED **,** NOT SPECIFIED **,** NOT SPECIFIED **,** NOT SPECIFIED **,** NOT SPECIFIED **,** NOT SPECIFIED **)" para la conneccion "org.datanucleus.store.rdbms.datasource.dbcp2.PoolingDataSource$PoolGuardConnectionWrapper@70b6db83"
15:04:03,166 (main) DEBUG [DataNucleus.Datastore.Persist] - El statement "INSERT INTO `MOVIE` (`DIRECTOR`,`DURATION`,`GENRE`,`RENTALPRICE`,`TITLE`,`YEAR`,`CODE`) VALUES (?,?,?,?,?,?,?)" ya es batchable
15:04:03,166 (main) DEBUG [DataNucleus.Datastore.Persist] - Añadiendo statement "INSERT INTO `MOVIE` (`DIRECTOR`,`DURATION`,`GENRE`,`RENTALPRICE`,`TITLE`,`YEAR`,`CODE`) VALUES (?,?,?,?,?,?,?)" al batch para procesar (tamaño de batch = 1)
15:04:03,166 (main) DEBUG [DataNucleus.Datastore.Native] - INSERT INTO `MOVIE` (`DIRECTOR`,`DURATION`,`GENRE`,`RENTALPRICE`,`TITLE`,`YEAR`,`CODE`) VALUES (?,?,?,?,?,?,?)
15:04:03,166 (main) DEBUG [DataNucleus.Datastore] - SQL Tiempo de cumplir = 0 ms (numero de lineas cambiado = [1]) con el PreparedStatement "org.datanucleus.store.rdbms.datasource.dbcp2.DelegatingPreparedStatement@18709cb2"
15:04:03,166 (main) DEBUG [DataNucleus.Transaction] - Haciendo commit de la transaacción para el ExecutionContext org.datanucleus.ExecutionContextImpl@6680f714
15:04:03,166 (main) DEBUG [DataNucleus.Persistence] - ExecutionContext.internalFlush() empezado con flush ordenado - 1 objetos registrados
15:04:03,166 (main) DEBUG [DataNucleus.Persistence] - ExecutionContext.internalFlush() terminado
15:04:03,166 (main) DEBUG [DataNucleus.Persistence] - Persistence-By-Reachability (commit) : EMPIEZA
15:04:03,166 (main) DEBUG [DataNucleus.Persistence] - Haciendo la calculación de alcanzables con objeto con identidad "com.videoclub.pojo.Movie:17"
15:04:03,166 (main) DEBUG [DataNucleus.Cache] - Objeto con identidad "com.videoclub.pojo.Movie:17" obtenido de la Cache nivel 1 (loadedFlags="[YYYYYYY]")
15:04:03,166 (main) DEBUG [DataNucleus.Persistence] - Object con id "com.videoclub.pojo.Movie:17" y estado de vida "P_NEW" añadido a la lista de alcanzables al commit.
15:04:03,166 (main) DEBUG [DataNucleus.Persistence] - ExecutionContext.internalFlush() empezado con flush ordenado - 0 objetos registrados
15:04:03,166 (main) DEBUG [DataNucleus.Persistence] - ExecutionContext.internalFlush() terminado
15:04:03,166 (main) DEBUG [DataNucleus.Persistence] - Persistence-By-Reachability (commit) : TERMINADO
15:04:03,166 (main) DEBUG [DataNucleus.Cache] - Objeto con identidad "com.videoclub.pojo.Movie:17" añadido a la Cache de nivel 2 (campos="[0, 1, 2, 3, 4, 5, 6]", version="")
15:04:03,166 (main) DEBUG [DataNucleus.Cache] - El objeto con identidad "com.videoclub.pojo.Movie:17" va a tener los campos siguientes almacendados en el objeto de Level 2 cache : [0, 1, 2, 3, 4, 5, 6]
15:04:03,166 (main) DEBUG [DataNucleus.Transaction] - Committing [DataNucleus Transaction, ID=1792540124-17, enlisted resources=[org.datanucleus.store.rdbms.ConnectionFactoryImpl$EmulatedXAResource@5a090f62]]
15:04:03,166 (main) DEBUG [DataNucleus.Connection] - ManagedConnection VA A COMMIT : "org.datanucleus.store.rdbms.ConnectionFactoryImpl$ManagedConnectionImpl@26d5a317 [conn=org.datanucleus.store.rdbms.datasource.dbcp2.PoolingDataSource$PoolGuardConnectionWrapper@70b6db83, commitOnRelease=false, closeOnRelease=false, closeOnTxnEnd=true]"
15:04:03,166 (main) DEBUG [DataNucleus.Connection] - ManagedConnection CERRADO : "org.datanucleus.store.rdbms.ConnectionFactoryImpl$ManagedConnectionImpl@26d5a317 [conn=org.datanucleus.store.rdbms.datasource.dbcp2.PoolingDataSource$PoolGuardConnectionWrapper@70b6db83, commitOnRelease=false, closeOnRelease=false, closeOnTxnEnd=true]" 
15:04:03,166 (main) DEBUG [DataNucleus.Persistence] - Haciendo el objeto detachado : "com.videoclub.pojo.Movie@4a6c0f38" (profundidad=0)
15:04:03,166 (main) DEBUG [DataNucleus.Persistence] - Objeto con identidad "com.videoclub.pojo.Movie:17" tiene cambio de lifeycle : "P_NEW"->"DETACHED_CLEAN"
15:04:03,166 (main) DEBUG [DataNucleus.Transaction] - Objeto con identidad "com.videoclub.pojo.Movie:17" fue borrado de la cache transactional
15:04:03,166 (main) DEBUG [DataNucleus.Persistence] - Disconectando objeto con identidad "com.videoclub.pojo.Movie:17" de StateManager[pc=com.videoclub.pojo.Movie@4a6c0f38, lifecycle=DETACHED_CLEAN]
15:04:03,166 (main) DEBUG [DataNucleus.Cache] - Objeto con identidad="com.videoclub.pojo.Movie:17" borrado de la Cache de nivel 1
15:04:03,166 (main) DEBUG [DataNucleus.Transaction] - Transacción committed en 0 ms
15:04:03,166 (main) DEBUG [DataNucleus.Persistence] - ExecutionContext "org.datanucleus.ExecutionContextImpl@6680f714" se cerró
15:04:03,166 (main) DEBUG [DataNucleus.Persistence] - ExecutionContext "org.datanucleus.ExecutionContextImpl@6680f714" se abrió para la base de datos "org.datanucleus.store.rdbms.RDBMSStoreManager@1084f78c" con transaccion="org.datanucleus.transaction.TransactionImpl@89caf47"
15:04:03,166 (main) DEBUG [DataNucleus.Transaction] - Transaction created [DataNucleus Transaction, ID=1792540124-18, enlisted resources=[]]
15:04:03,166 (main) DEBUG [DataNucleus.Transaction] - Transacción empezada para el ExecutionContext org.datanucleus.ExecutionContextImpl@6680f714 (optimistic=false)
* Storing a class com.videoclub.pojo.Rental : Rental [id=0, title=Movie2, movie=Movie [title=Movie2, genre=DETECTIVE, duration=180, year=1989, director=luis, rentalPrice=5.74], code=13, customer=User [code=13, username=client,type=CLIENT, password=948fe603f61dc036b5c596dc09fe3ce3f3d30dc90f024c85f3c82db2ccab679d, email=client@email.com, name=ClientName, surname=ClientSurname], rentalDate=Mon May 22 15:04:03 CEST 2023, returnDate=Mon May 22 15:04:03 CEST 2023]
15:04:03,184 (main) DEBUG [DataNucleus.Persistence] - Haciendo el objeto persistente : "com.videoclub.pojo.Rental@39ab5ef7"
15:04:03,184 (main) DEBUG [DataNucleus.Datastore.Schema] - Attempt to find JDBC driver 'typeInfo' for jdbc-type=VARCHAR but sql-type=VARCHAR is not found. Using default sql-type for this jdbc-type.
15:04:03,184 (main) DEBUG [DataNucleus.Connection] - ManagedConnection ABIERTO : "org.datanucleus.store.rdbms.ConnectionFactoryImpl$ManagedConnectionImpl@517704 [conn=org.datanucleus.store.rdbms.datasource.dbcp2.PoolingDataSource$PoolGuardConnectionWrapper@77cca767, commitOnRelease=true, closeOnRelease=true, closeOnTxnEnd=true]" en resource "nontx" con isolación "read-committed" y auto-commit=false
15:04:03,184 (main) DEBUG [DataNucleus.Datastore.Schema] - Check of existence of videoclubdb.`SEQUENCE_TABLE` returned table type of TABLE
15:04:03,184 (main) DEBUG [DataNucleus.Datastore] - Utilizando PreparedStatement "com.mysql.cj.jdbc.ClientPreparedStatement: SELECT `NEXT_VAL` FROM videoclubdb.`SEQUENCE_TABLE` WHERE `SEQUENCE_NAME`=** NOT SPECIFIED ** FOR UPDATE" para la conneccion "org.datanucleus.store.rdbms.datasource.dbcp2.PoolingDataSource$PoolGuardConnectionWrapper@77cca767"
15:04:03,184 (main) DEBUG [DataNucleus.Datastore.Native] - SELECT `NEXT_VAL` FROM videoclubdb.`SEQUENCE_TABLE` WHERE `SEQUENCE_NAME`=? FOR UPDATE
15:04:03,184 (main) DEBUG [DataNucleus.Datastore.Retrieve] - SQL Tiempo de cumplir = 0 ms
[...]
15:04:03,437 (main) DEBUG [DataNucleus.Query] - Query de JDOQL : Compilación (base de datos) de "SELECT UNIQUE FROM com.videoclub.pojo.User WHERE email == 'admin@email.com'"
15:04:03,437 (main) DEBUG [DataNucleus.Query] - Compile of JDOQL into SQL - JoinType : navigation(default=(using nullability), filter=(using nullability))
15:04:03,437 (main) DEBUG [DataNucleus.Query] - Query de JDOQL : Tiempo de compilar (base de datos) = 0
15:04:03,437 (main) DEBUG [DataNucleus.Connection] - ManagedConnection ABIERTO : "org.datanucleus.store.rdbms.ConnectionFactoryImpl$ManagedConnectionImpl@119290b9 [conn=org.datanucleus.store.rdbms.datasource.dbcp2.PoolingDataSource$PoolGuardConnectionWrapper@640d604, commitOnRelease=false, closeOnRelease=false, closeOnTxnEnd=true]" en resource "tx" con isolación "read-committed" y auto-commit=false
15:04:03,437 (main) DEBUG [DataNucleus.Transaction] - Running enlist operation on resource: org.datanucleus.store.rdbms.ConnectionFactoryImpl$EmulatedXAResource@62cbc478, error code TMNOFLAGS and transaction [DataNucleus Transaction, ID=1792540124-45, enlisted resources=[]]
15:04:03,437 (main) DEBUG [DataNucleus.Query] - Query de JDOQL : Ejecucion de "SELECT UNIQUE FROM com.videoclub.pojo.User WHERE email == 'admin@email.com'" ...
15:04:03,437 (main) DEBUG [DataNucleus.Datastore] - Utilizando PreparedStatement "com.mysql.cj.jdbc.ClientPreparedStatement: SELECT 'com.videoclub.pojo.User' AS `DN_TYPE`,`A0`.`CODE`,`A0`.`EMAIL`,`A0`.`NAME`,`A0`.`PASSWORD`,`A0`.`SURNAME`,`A0`.`TYPE`,`A0`.`USERNAME` FROM `USER` `A0` WHERE `A0`.`EMAIL` = 'admin@email.com'" para la conneccion "org.datanucleus.store.rdbms.datasource.dbcp2.PoolingDataSource$PoolGuardConnectionWrapper@640d604"
15:04:03,437 (main) DEBUG [DataNucleus.Datastore.Native] - SELECT 'com.videoclub.pojo.User' AS `DN_TYPE`,`A0`.`CODE`,`A0`.`EMAIL`,`A0`.`NAME`,`A0`.`PASSWORD`,`A0`.`SURNAME`,`A0`.`TYPE`,`A0`.`USERNAME` FROM `USER` `A0` WHERE `A0`.`EMAIL` = 'admin@email.com'
15:04:03,437 (main) DEBUG [DataNucleus.Datastore.Retrieve] - SQL Tiempo de cumplir = 0 ms
15:04:03,437 (main) DEBUG [DataNucleus.Query] - Query de JDOQL : Tiempo de ejecutar = 0 ms
15:04:03,437 (main) DEBUG [DataNucleus.Cache] - Objeto con identidad "com.videoclub.pojo.User:11" no esta en la Cache de nivel 1
15:04:03,437 (main) DEBUG [DataNucleus.Cache] - Objeto con identidad "com.videoclub.pojo.User:11" añadido a la Cache de nivel 1 (loadedFlags="[YNNNNNN]")
15:04:03,437 (main) DEBUG [DataNucleus.Transaction] - Objeto con identidad "com.videoclub.pojo.User:11" ha sido puesto en la cache transaccional
15:04:03,437 (main) DEBUG [DataNucleus.Cache] - Objeto con identidad "com.videoclub.pojo.User:11" obtenido de la Cache nivel 2 (campos="[0, 1, 2, 3, 4, 5, 6]", version="") - representado como "com.videoclub.pojo.User@512abf25"
15:04:03,437 (main) DEBUG [DataNucleus.Persistence] - Detachando una copia del objeto "com.videoclub.pojo.User@512abf25" (profundidad=0) como "com.videoclub.pojo.User@7e7740a5" - campos-detachados=[0, 1, 2, 3, 4, 5, 6], campos-para-obtener=null
15:04:03,437 (main) DEBUG [DataNucleus.Transaction] - Haciendo commit de la transaacción para el ExecutionContext org.datanucleus.ExecutionContextImpl@6680f714
15:04:03,437 (main) DEBUG [DataNucleus.Persistence] - ExecutionContext.internalFlush() empezado con flush ordenado - 0 objetos registrados
15:04:03,437 (main) DEBUG [DataNucleus.Persistence] - ExecutionContext.internalFlush() terminado
15:04:03,437 (main) DEBUG [DataNucleus.Persistence] - Persistence-By-Reachability (commit) : EMPIEZA
15:04:03,437 (main) DEBUG [DataNucleus.Persistence] - Persistence-By-Reachability (commit) : TERMINADO
15:04:03,437 (main) DEBUG [DataNucleus.Cache] - El objeto con identidad "com.videoclub.pojo.User:11" va a tener los campos siguientes almacendados en el objeto de Level 2 cache : [0, 1, 2, 3, 4, 5, 6]
15:04:03,437 (main) DEBUG [DataNucleus.Transaction] - Committing [DataNucleus Transaction, ID=1792540124-45, enlisted resources=[org.datanucleus.store.rdbms.ConnectionFactoryImpl$EmulatedXAResource@62cbc478]]
15:04:03,437 (main) DEBUG [DataNucleus.Connection] - ManagedConnection VA A COMMIT : "org.datanucleus.store.rdbms.ConnectionFactoryImpl$ManagedConnectionImpl@119290b9 [conn=org.datanucleus.store.rdbms.datasource.dbcp2.PoolingDataSource$PoolGuardConnectionWrapper@640d604, commitOnRelease=false, closeOnRelease=false, closeOnTxnEnd=true]"
15:04:03,437 (main) DEBUG [DataNucleus.Connection] - ManagedConnection CERRADO : "org.datanucleus.store.rdbms.ConnectionFactoryImpl$ManagedConnectionImpl@119290b9 [conn=org.datanucleus.store.rdbms.datasource.dbcp2.PoolingDataSource$PoolGuardConnectionWrapper@640d604, commitOnRelease=false, closeOnRelease=false, closeOnTxnEnd=true]" 
15:04:03,437 (main) DEBUG [DataNucleus.Persistence] - Haciendo el objeto detachado : "com.videoclub.pojo.User@512abf25" (profundidad=0)
15:04:03,437 (main) DEBUG [DataNucleus.Persistence] - Objeto con identidad "com.videoclub.pojo.User:11" tiene cambio de lifeycle : "P_CLEAN"->"DETACHED_CLEAN"
15:04:03,437 (main) DEBUG [DataNucleus.Transaction] - Objeto con identidad "com.videoclub.pojo.User:11" fue borrado de la cache transactional
15:04:03,437 (main) DEBUG [DataNucleus.Persistence] - Disconectando objeto con identidad "com.videoclub.pojo.User:11" de StateManager[pc=com.videoclub.pojo.User@512abf25, lifecycle=DETACHED_CLEAN]
15:04:03,437 (main) DEBUG [DataNucleus.Cache] - Objeto con identidad="com.videoclub.pojo.User:11" borrado de la Cache de nivel 1
15:04:03,437 (main) DEBUG [DataNucleus.Transaction] - Transacción committed en 0 ms
15:04:03,437 (main) DEBUG [DataNucleus.Persistence] - ExecutionContext "org.datanucleus.ExecutionContextImpl@6680f714" se cerró
15:04:03,437 (main) DEBUG [DataNucleus.Persistence] - ExecutionContext "org.datanucleus.ExecutionContextImpl@6680f714" se abrió para la base de datos "org.datanucleus.store.rdbms.RDBMSStoreManager@1084f78c" con transaccion="org.datanucleus.transaction.TransactionImpl@7e61e25c"
15:04:03,437 (main) DEBUG [DataNucleus.Transaction] - Transaction created [DataNucleus Transaction, ID=1792540124-46, enlisted resources=[]]
15:04:03,437 (main) DEBUG [DataNucleus.Transaction] - Transacción empezada para el ExecutionContext org.datanucleus.ExecutionContextImpl@6680f714 (optimistic=false)
15:04:03,437 (main) DEBUG [DataNucleus.Query] - JDOQL Single-String de "SELECT FROM com.videoclub.pojo.User WHERE email == 'asier.account@email.com'"
15:04:03,437 (main) DEBUG [DataNucleus.Query] - Query de JDOQL : Compilación (generic) de "SELECT UNIQUE FROM com.videoclub.pojo.User WHERE email == 'asier.account@email.com'"
15:04:03,437 (main) DEBUG [DataNucleus.Query] - Query de JDOQL : Tiempo de compilar (generic) = 0 ms
15:04:03,437 (main) DEBUG [DataNucleus.Query] - QueryCompilation:
  [filter:DyadicExpression{PrimaryExpression{email}  =  Literal{asier.account@email.com}}]
  [symbols: this type=com.videoclub.pojo.User]
15:04:03,437 (main) DEBUG [DataNucleus.Query] - Query de JDOQL : Compilación (base de datos) de "SELECT UNIQUE FROM com.videoclub.pojo.User WHERE email == 'asier.account@email.com'"
15:04:03,437 (main) DEBUG [DataNucleus.Query] - Compile of JDOQL into SQL - JoinType : navigation(default=(using nullability), filter=(using nullability))
15:04:03,437 (main) DEBUG [DataNucleus.Query] - Query de JDOQL : Tiempo de compilar (base de datos) = 0
15:04:03,437 (main) DEBUG [DataNucleus.Connection] - ManagedConnection ABIERTO : "org.datanucleus.store.rdbms.ConnectionFactoryImpl$ManagedConnectionImpl@5fef0c19 [conn=org.datanucleus.store.rdbms.datasource.dbcp2.PoolingDataSource$PoolGuardConnectionWrapper@2e6d76ba, commitOnRelease=false, closeOnRelease=false, closeOnTxnEnd=true]" en resource "tx" con isolación "read-committed" y auto-commit=false
15:04:03,437 (main) DEBUG [DataNucleus.Transaction] - Running enlist operation on resource: org.datanucleus.store.rdbms.ConnectionFactoryImpl$EmulatedXAResource@22a6d75c, error code TMNOFLAGS and transaction [DataNucleus Transaction, ID=1792540124-46, enlisted resources=[]]
15:04:03,437 (main) DEBUG [DataNucleus.Query] - Query de JDOQL : Ejecucion de "SELECT UNIQUE FROM com.videoclub.pojo.User WHERE email == 'asier.account@email.com'" ...
15:04:03,437 (main) DEBUG [DataNucleus.Datastore] - Utilizando PreparedStatement "com.mysql.cj.jdbc.ClientPreparedStatement: SELECT 'com.videoclub.pojo.User' AS `DN_TYPE`,`A0`.`CODE`,`A0`.`EMAIL`,`A0`.`NAME`,`A0`.`PASSWORD`,`A0`.`SURNAME`,`A0`.`TYPE`,`A0`.`USERNAME` FROM `USER` `A0` WHERE `A0`.`EMAIL` = 'asier.account@email.com'" para la conneccion "org.datanucleus.store.rdbms.datasource.dbcp2.PoolingDataSource$PoolGuardConnectionWrapper@2e6d76ba"
15:04:03,437 (main) DEBUG [DataNucleus.Datastore.Native] - SELECT 'com.videoclub.pojo.User' AS `DN_TYPE`,`A0`.`CODE`,`A0`.`EMAIL`,`A0`.`NAME`,`A0`.`PASSWORD`,`A0`.`SURNAME`,`A0`.`TYPE`,`A0`.`USERNAME` FROM `USER` `A0` WHERE `A0`.`EMAIL` = 'asier.account@email.com'
15:04:03,454 (main) DEBUG [DataNucleus.Datastore.Retrieve] - SQL Tiempo de cumplir = 17 ms
15:04:03,454 (main) DEBUG [DataNucleus.Query] - Query de JDOQL : Tiempo de ejecutar = 17 ms
15:04:03,454 (main) DEBUG [DataNucleus.Cache] - Objeto con identidad "com.videoclub.pojo.User:12" no esta en la Cache de nivel 1
15:04:03,454 (main) DEBUG [DataNucleus.Cache] - Objeto con identidad "com.videoclub.pojo.User:12" añadido a la Cache de nivel 1 (loadedFlags="[YNNNNNN]")
15:04:03,454 (main) DEBUG [DataNucleus.Transaction] - Objeto con identidad "com.videoclub.pojo.User:12" ha sido puesto en la cache transaccional
15:04:03,454 (main) DEBUG [DataNucleus.Cache] - Objeto con identidad "com.videoclub.pojo.User:12" obtenido de la Cache nivel 2 (campos="[0, 1, 2, 3, 4, 5, 6]", version="") - representado como "com.videoclub.pojo.User@7d30007d"
15:04:03,454 (main) DEBUG [DataNucleus.Persistence] - Detachando una copia del objeto "com.videoclub.pojo.User@7d30007d" (profundidad=0) como "com.videoclub.pojo.User@34a20f16" - campos-detachados=[0, 1, 2, 3, 4, 5, 6], campos-para-obtener=null
15:04:03,454 (main) DEBUG [DataNucleus.Transaction] - Haciendo commit de la transaacción para el ExecutionContext org.datanucleus.ExecutionContextImpl@6680f714
15:04:03,454 (main) DEBUG [DataNucleus.Persistence] - ExecutionContext.internalFlush() empezado con flush ordenado - 0 objetos registrados
15:04:03,454 (main) DEBUG [DataNucleus.Persistence] - ExecutionContext.internalFlush() terminado
15:04:03,454 (main) DEBUG [DataNucleus.Persistence] - Persistence-By-Reachability (commit) : EMPIEZA
15:04:03,454 (main) DEBUG [DataNucleus.Persistence] - Persistence-By-Reachability (commit) : TERMINADO
15:04:03,454 (main) DEBUG [DataNucleus.Cache] - El objeto con identidad "com.videoclub.pojo.User:12" va a tener los campos siguientes almacendados en el objeto de Level 2 cache : [0, 1, 2, 3, 4, 5, 6]
15:04:03,454 (main) DEBUG [DataNucleus.Transaction] - Committing [DataNucleus Transaction, ID=1792540124-46, enlisted resources=[org.datanucleus.store.rdbms.ConnectionFactoryImpl$EmulatedXAResource@22a6d75c]]
15:04:03,454 (main) DEBUG [DataNucleus.Connection] - ManagedConnection VA A COMMIT : "org.datanucleus.store.rdbms.ConnectionFactoryImpl$ManagedConnectionImpl@5fef0c19 [conn=org.datanucleus.store.rdbms.datasource.dbcp2.PoolingDataSource$PoolGuardConnectionWrapper@2e6d76ba, commitOnRelease=false, closeOnRelease=false, closeOnTxnEnd=true]"
15:04:03,454 (main) DEBUG [DataNucleus.Connection] - ManagedConnection CERRADO : "org.datanucleus.store.rdbms.ConnectionFactoryImpl$ManagedConnectionImpl@5fef0c19 [conn=org.datanucleus.store.rdbms.datasource.dbcp2.PoolingDataSource$PoolGuardConnectionWrapper@2e6d76ba, commitOnRelease=false, closeOnRelease=false, closeOnTxnEnd=true]" 
15:04:03,454 (main) DEBUG [DataNucleus.Persistence] - Haciendo el objeto detachado : "com.videoclub.pojo.User@7d30007d" (profundidad=0)
15:04:03,454 (main) DEBUG [DataNucleus.Persistence] - Objeto con identidad "com.videoclub.pojo.User:12" tiene cambio de lifeycle : "P_CLEAN"->"DETACHED_CLEAN"
15:04:03,454 (main) DEBUG [DataNucleus.Transaction] - Objeto con identidad "com.videoclub.pojo.User:12" fue borrado de la cache transactional
15:04:03,454 (main) DEBUG [DataNucleus.Persistence] - Disconectando objeto con identidad "com.videoclub.pojo.User:12" de StateManager[pc=com.videoclub.pojo.User@7d30007d, lifecycle=DETACHED_CLEAN]
15:04:03,454 (main) DEBUG [DataNucleus.Cache] - Objeto con identidad="com.videoclub.pojo.User:12" borrado de la Cache de nivel 1
15:04:03,454 (main) DEBUG [DataNucleus.Transaction] - Transacción committed en 0 ms
15:04:03,454 (main) DEBUG [DataNucleus.Persistence] - ExecutionContext "org.datanucleus.ExecutionContextImpl@6680f714" se cerró
15:04:03,454 (main) DEBUG [DataNucleus.Persistence] - ExecutionContext "org.datanucleus.ExecutionContextImpl@6680f714" se abrió para la base de datos "org.datanucleus.store.rdbms.RDBMSStoreManager@1084f78c" con transaccion="org.datanucleus.transaction.TransactionImpl@1a1c21b4"
15:04:03,454 (main) DEBUG [DataNucleus.Transaction] - Transaction created [DataNucleus Transaction, ID=1792540124-47, enlisted resources=[]]
15:04:03,454 (main) DEBUG [DataNucleus.Transaction] - Transacción empezada para el ExecutionContext org.datanucleus.ExecutionContextImpl@6680f714 (optimistic=false)
15:04:03,454 (main) DEBUG [DataNucleus.Query] - JDOQL Single-String de "SELECT FROM com.videoclub.pojo.User WHERE email == 'client@email.com'"
15:04:03,454 (main) DEBUG [DataNucleus.Query] - Query de JDOQL : Compilación (generic) de "SELECT UNIQUE FROM com.videoclub.pojo.User WHERE email == 'client@email.com'"
15:04:03,454 (main) DEBUG [DataNucleus.Query] - Query de JDOQL : Tiempo de compilar (generic) = 0 ms
15:04:03,454 (main) DEBUG [DataNucleus.Query] - QueryCompilation:
  [filter:DyadicExpression{PrimaryExpression{email}  =  Literal{client@email.com}}]
  [symbols: this type=com.videoclub.pojo.User]
15:04:03,454 (main) DEBUG [DataNucleus.Query] - Query de JDOQL : Compilación (base de datos) de "SELECT UNIQUE FROM com.videoclub.pojo.User WHERE email == 'client@email.com'"
15:04:03,454 (main) DEBUG [DataNucleus.Query] - Compile of JDOQL into SQL - JoinType : navigation(default=(using nullability), filter=(using nullability))
15:04:03,454 (main) DEBUG [DataNucleus.Query] - Query de JDOQL : Tiempo de compilar (base de datos) = 0
15:04:03,454 (main) DEBUG [DataNucleus.Connection] - ManagedConnection ABIERTO : "org.datanucleus.store.rdbms.ConnectionFactoryImpl$ManagedConnectionImpl@17ff8810 [conn=org.datanucleus.store.rdbms.datasource.dbcp2.PoolingDataSource$PoolGuardConnectionWrapper@6c951ada, commitOnRelease=false, closeOnRelease=false, closeOnTxnEnd=true]" en resource "tx" con isolación "read-committed" y auto-commit=false
15:04:03,454 (main) DEBUG [DataNucleus.Transaction] - Running enlist operation on resource: org.datanucleus.store.rdbms.ConnectionFactoryImpl$EmulatedXAResource@67b61834, error code TMNOFLAGS and transaction [DataNucleus Transaction, ID=1792540124-47, enlisted resources=[]]
15:04:03,454 (main) DEBUG [DataNucleus.Query] - Query de JDOQL : Ejecucion de "SELECT UNIQUE FROM com.videoclub.pojo.User WHERE email == 'client@email.com'" ...
15:04:03,454 (main) DEBUG [DataNucleus.Datastore] - Utilizando PreparedStatement "com.mysql.cj.jdbc.ClientPreparedStatement: SELECT 'com.videoclub.pojo.User' AS `DN_TYPE`,`A0`.`CODE`,`A0`.`EMAIL`,`A0`.`NAME`,`A0`.`PASSWORD`,`A0`.`SURNAME`,`A0`.`TYPE`,`A0`.`USERNAME` FROM `USER` `A0` WHERE `A0`.`EMAIL` = 'client@email.com'" para la conneccion "org.datanucleus.store.rdbms.datasource.dbcp2.PoolingDataSource$PoolGuardConnectionWrapper@6c951ada"
15:04:03,454 (main) DEBUG [DataNucleus.Datastore.Native] - SELECT 'com.videoclub.pojo.User' AS `DN_TYPE`,`A0`.`CODE`,`A0`.`EMAIL`,`A0`.`NAME`,`A0`.`PASSWORD`,`A0`.`SURNAME`,`A0`.`TYPE`,`A0`.`USERNAME` FROM `USER` `A0` WHERE `A0`.`EMAIL` = 'client@email.com'
15:04:03,454 (main) DEBUG [DataNucleus.Datastore.Retrieve] - SQL Tiempo de cumplir = 0 ms
15:04:03,454 (main) DEBUG [DataNucleus.Query] - Query de JDOQL : Tiempo de ejecutar = 0 ms
15:04:03,454 (main) DEBUG [DataNucleus.Cache] - Objeto con identidad "com.videoclub.pojo.User:13" no esta en la Cache de nivel 1
15:04:03,454 (main) DEBUG [DataNucleus.Cache] - Objeto con identidad "com.videoclub.pojo.User:13" añadido a la Cache de nivel 1 (loadedFlags="[YNNNNNN]")
15:04:03,454 (main) DEBUG [DataNucleus.Transaction] - Objeto con identidad "com.videoclub.pojo.User:13" ha sido puesto en la cache transaccional
15:04:03,454 (main) DEBUG [DataNucleus.Cache] - Objeto con identidad "com.videoclub.pojo.User:13" obtenido de la Cache nivel 2 (campos="[0, 1, 2, 3, 4, 5, 6]", version="") - representado como "com.videoclub.pojo.User@50598a1a"
15:04:03,454 (main) DEBUG [DataNucleus.Persistence] - Detachando una copia del objeto "com.videoclub.pojo.User@50598a1a" (profundidad=0) como "com.videoclub.pojo.User@11f23038" - campos-detachados=[0, 1, 2, 3, 4, 5, 6], campos-para-obtener=null
15:04:03,454 (main) DEBUG [DataNucleus.Transaction] - Haciendo commit de la transaacción para el ExecutionContext org.datanucleus.ExecutionContextImpl@6680f714
15:04:03,454 (main) DEBUG [DataNucleus.Persistence] - ExecutionContext.internalFlush() empezado con flush ordenado - 0 objetos registrados
15:04:03,454 (main) DEBUG [DataNucleus.Persistence] - ExecutionContext.internalFlush() terminado
15:04:03,454 (main) DEBUG [DataNucleus.Persistence] - Persistence-By-Reachability (commit) : EMPIEZA
15:04:03,454 (main) DEBUG [DataNucleus.Persistence] - Persistence-By-Reachability (commit) : TERMINADO
15:04:03,454 (main) DEBUG [DataNucleus.Cache] - El objeto con identidad "com.videoclub.pojo.User:13" va a tener los campos siguientes almacendados en el objeto de Level 2 cache : [0, 1, 2, 3, 4, 5, 6]
15:04:03,454 (main) DEBUG [DataNucleus.Transaction] - Committing [DataNucleus Transaction, ID=1792540124-47, enlisted resources=[org.datanucleus.store.rdbms.ConnectionFactoryImpl$EmulatedXAResource@67b61834]]
15:04:03,454 (main) DEBUG [DataNucleus.Connection] - ManagedConnection VA A COMMIT : "org.datanucleus.store.rdbms.ConnectionFactoryImpl$ManagedConnectionImpl@17ff8810 [conn=org.datanucleus.store.rdbms.datasource.dbcp2.PoolingDataSource$PoolGuardConnectionWrapper@6c951ada, commitOnRelease=false, closeOnRelease=false, closeOnTxnEnd=true]"
15:04:03,454 (main) DEBUG [DataNucleus.Connection] - ManagedConnection CERRADO : "org.datanucleus.store.rdbms.ConnectionFactoryImpl$ManagedConnectionImpl@17ff8810 [conn=org.datanucleus.store.rdbms.datasource.dbcp2.PoolingDataSource$PoolGuardConnectionWrapper@6c951ada, commitOnRelease=false, closeOnRelease=false, closeOnTxnEnd=true]" 
15:04:03,454 (main) DEBUG [DataNucleus.Persistence] - Haciendo el objeto detachado : "com.videoclub.pojo.User@50598a1a" (profundidad=0)
15:04:03,454 (main) DEBUG [DataNucleus.Persistence] - Objeto con identidad "com.videoclub.pojo.User:13" tiene cambio de lifeycle : "P_CLEAN"->"DETACHED_CLEAN"
15:04:03,454 (main) DEBUG [DataNucleus.Transaction] - Objeto con identidad "com.videoclub.pojo.User:13" fue borrado de la cache transactional
15:04:03,454 (main) DEBUG [DataNucleus.Persistence] - Disconectando objeto con identidad "com.videoclub.pojo.User:13" de StateManager[pc=com.videoclub.pojo.User@50598a1a, lifecycle=DETACHED_CLEAN]
15:04:03,454 (main) DEBUG [DataNucleus.Cache] - Objeto con identidad="com.videoclub.pojo.User:13" borrado de la Cache de nivel 1
15:04:03,454 (main) DEBUG [DataNucleus.Transaction] - Transacción committed en 0 ms
15:04:03,454 (main) DEBUG [DataNucleus.Persistence] - ExecutionContext "org.datanucleus.ExecutionContextImpl@6680f714" se cerró
User [code=11, username=admin,type=ADMIN, password=8c6976e5b5410415bde908bd4dee15dfb167a9c873fc4bb8a81f6f2ab448a918, email=admin@email.com, name=AdminName, surname=AdminSurname] - User [code=11, username=admin,type=ADMIN, password=8c6976e5b5410415bde908bd4dee15dfb167a9c873fc4bb8a81f6f2ab448a918, email=admin@email.com, name=AdminName, surname=AdminSurname]
]]></system-out>
  </testcase>
</testsuite>