<?xml version="1.0" encoding="UTF-8"?>
<testsuite xmlns:xsi="http://www.w3.org/2001/XMLSchema-instance" xsi:noNamespaceSchemaLocation="https://maven.apache.org/surefire/maven-surefire-plugin/xsd/surefire-test-report-3.0.xsd" version="3.0" name="com.videoclub.testing.IntegrationIT" time="4.479" tests="9" errors="0" skipped="0" failures="0">
  <properties>
[...]
</properties>
  <testcase name="UserListResource" classname="com.videoclub.testing.IntegrationIT" time="3.459">
    <system-out><![CDATA[15:04:00,993 (main) DEBUG [DataNucleus.General] - Using PluginRegistry org.datanucleus.plugin.NonManagedPluginRegistry
15:04:01,024 (main) DEBUG [DataNucleus.General] - Registering bundle org.datanucleus version 6.0.4 at URL file:/C:/Users/Aritz%20Candina/.m2/repository/org/datanucleus/datanucleus-core/6.0.4/datanucleus-core-6.0.4.jar.
15:04:01,040 (main) DEBUG [DataNucleus.General] - Leyendo extension-points y extensiones del archivo de plug-in jar:file:/C:/Users/Aritz%20Candina/.m2/repository/org/datanucleus/datanucleus-core/6.0.4/datanucleus-core-6.0.4.jar!/plugin.xml.
15:04:01,056 (main) DEBUG [DataNucleus.General] - Registering bundle org.datanucleus.api.jdo version 6.0.1 at URL file:/C:/Users/Aritz%20Candina/.m2/repository/org/datanucleus/datanucleus-api-jdo/6.0.1/datanucleus-api-jdo-6.0.1.jar.
15:04:01,056 (main) DEBUG [DataNucleus.General] - Leyendo extension-points y extensiones del archivo de plug-in jar:file:/C:/Users/Aritz%20Candina/.m2/repository/org/datanucleus/datanucleus-api-jdo/6.0.1/datanucleus-api-jdo-6.0.1.jar!/plugin.xml.
15:04:01,056 (main) DEBUG [DataNucleus.General] - Registering bundle org.datanucleus.store.rdbms version 6.0.4 at URL file:/C:/Users/Aritz%20Candina/.m2/repository/org/datanucleus/datanucleus-rdbms/6.0.4/datanucleus-rdbms-6.0.4.jar.
15:04:01,056 (main) DEBUG [DataNucleus.General] - Leyendo extension-points y extensiones del archivo de plug-in jar:file:/C:/Users/Aritz%20Candina/.m2/repository/org/datanucleus/datanucleus-rdbms/6.0.4/datanucleus-rdbms-6.0.4.jar!/plugin.xml.
15:04:01,056 (main) DEBUG [DataNucleus.General] - Registering bundle org.sonatype.inject version 2.3.0 at URL file:/C:/Users/Aritz%20Candina/.m2/repository/org/sonatype/sisu/sisu-inject-bean/2.3.0/sisu-inject-bean-2.3.0.jar.
15:04:01,072 (main) DEBUG [DataNucleus.General] - Leyendo extension-points y extensiones del archivo de plug-in jar:file:/C:/Users/Aritz%20Candina/.m2/repository/org/sonatype/sisu/sisu-inject-bean/2.3.0/sisu-inject-bean-2.3.0.jar!/plugin.xml.
15:04:01,072 (main) INFO  [DataNucleus.Persistence] - Propiedad datanucleus.metadata.validate desconocida - vamos a ignorarla
15:04:01,088 (main) DEBUG [DataNucleus.Persistence] - Tipos de Java inicializando ...
15:04:01,104 (main) DEBUG [DataNucleus.Persistence] - Soporte para tipos de Java listo : tipos soportados = [B, [C, [D, [F, [I, [J, [Ljava.lang.Boolean;, [Ljava.lang.Byte;, [Ljava.lang.Character;, [Ljava.lang.Double;, [Ljava.lang.Enum;, [Ljava.lang.Float;, [Ljava.lang.Integer;, [Ljava.lang.Long;, [Ljava.lang.Number;, [Ljava.lang.Object;, [Ljava.lang.Short;, [Ljava.lang.String;, [Ljava.math.BigDecimal;, [Ljava.math.BigInteger;, [Ljava.util.Date;, [Ljava.util.Locale;, [S, [Z, boolean, byte, char, double, float, int, java.awt.Color, java.awt.image.BufferedImage, java.lang.Boolean, java.lang.Byte, java.lang.Character, java.lang.Class, java.lang.Double, java.lang.Enum, java.lang.Float, java.lang.Integer, java.lang.Long, java.lang.Number, java.lang.Short, java.lang.String, java.lang.StringBuffer, java.lang.StringBuilder, java.math.BigDecimal, java.math.BigInteger, java.net.URI, java.net.URL, java.sql.Date, java.sql.Time, java.sql.Timestamp, java.time.Duration, java.time.Instant, java.time.LocalDate, java.time.LocalDateTime, java.time.LocalTime, java.time.MonthDay, java.time.OffsetDateTime, java.time.OffsetTime, java.time.Period, java.time.Year, java.time.YearMonth, java.time.ZonedDateTime, java.time.ZoneId, java.time.ZoneOffset, java.util.ArrayList, java.util.Arrays$ArrayList, java.util.BitSet, java.util.Calendar, java.util.Collection, java.util.Currency, java.util.Date, java.util.GregorianCalendar, java.util.HashMap, java.util.HashSet, java.util.Hashtable, java.util.LinkedHashMap, java.util.LinkedHashSet, java.util.LinkedList, java.util.List, java.util.Locale, java.util.Map, java.util.Optional, java.util.PriorityQueue, java.util.Properties, java.util.Queue, java.util.Set, java.util.SortedMap, java.util.SortedSet, java.util.Stack, java.util.TimeZone, java.util.TreeMap, java.util.TreeSet, java.util.UUID, java.util.Vector, long, short
15:04:01,104 (main) DEBUG [DataNucleus.Persistence] - Inicializando TypeConverters ...
15:04:01,120 (main) DEBUG [DataNucleus.Persistence] - TypeConverters listo
15:04:01,136 (main) DEBUG [DataNucleus.Persistence] - TypeConverter(s) available for byte[] to : java.nio.ByteBuffer
15:04:01,136 (main) DEBUG [DataNucleus.Persistence] - TypeConverter(s) available for char[] to : java.nio.ByteBuffer
15:04:01,136 (main) DEBUG [DataNucleus.Persistence] - TypeConverter(s) available for double[] to : java.nio.ByteBuffer
15:04:01,136 (main) DEBUG [DataNucleus.Persistence] - TypeConverter(s) available for float[] to : java.nio.ByteBuffer
15:04:01,136 (main) DEBUG [DataNucleus.Persistence] - TypeConverter(s) available for int[] to : java.nio.ByteBuffer
15:04:01,136 (main) DEBUG [DataNucleus.Persistence] - TypeConverter(s) available for long[] to : java.nio.ByteBuffer
15:04:01,136 (main) DEBUG [DataNucleus.Persistence] - TypeConverter(s) available for [Ljava.math.BigDecimal; to : java.nio.ByteBuffer
15:04:01,136 (main) DEBUG [DataNucleus.Persistence] - TypeConverter(s) available for [Ljava.math.BigInteger; to : java.nio.ByteBuffer
15:04:01,136 (main) DEBUG [DataNucleus.Persistence] - TypeConverter(s) available for short[] to : java.nio.ByteBuffer
15:04:01,136 (main) DEBUG [DataNucleus.Persistence] - TypeConverter(s) available for boolean[] to : java.nio.ByteBuffer
15:04:01,136 (main) DEBUG [DataNucleus.Persistence] - TypeConverter(s) available for java.awt.Color to : java.lang.String,int[]
15:04:01,136 (main) DEBUG [DataNucleus.Persistence] - TypeConverter(s) available for java.awt.image.BufferedImage to : byte[],java.nio.ByteBuffer
15:04:01,136 (main) DEBUG [DataNucleus.Persistence] - TypeConverter(s) available for java.io.Serializable to : java.lang.String,byte[],java.nio.ByteBuffer
15:04:01,136 (main) DEBUG [DataNucleus.Persistence] - TypeConverter(s) available for java.lang.Boolean to : java.lang.Character,java.lang.Integer
15:04:01,136 (main) DEBUG [DataNucleus.Persistence] - TypeConverter(s) available for java.lang.Character to : java.lang.String
15:04:01,136 (main) DEBUG [DataNucleus.Persistence] - TypeConverter(s) available for java.lang.Class to : java.lang.String
15:04:01,136 (main) DEBUG [DataNucleus.Persistence] - TypeConverter(s) available for java.lang.Integer to : java.lang.String
15:04:01,136 (main) DEBUG [DataNucleus.Persistence] - TypeConverter(s) available for java.lang.Long to : java.lang.String
15:04:01,136 (main) DEBUG [DataNucleus.Persistence] - TypeConverter(s) available for java.lang.StringBuffer to : java.lang.String
15:04:01,136 (main) DEBUG [DataNucleus.Persistence] - TypeConverter(s) available for java.lang.StringBuilder to : java.lang.String
15:04:01,136 (main) DEBUG [DataNucleus.Persistence] - TypeConverter(s) available for java.math.BigDecimal to : java.lang.Double,java.lang.String
15:04:01,136 (main) DEBUG [DataNucleus.Persistence] - TypeConverter(s) available for java.math.BigInteger to : java.lang.Long,java.lang.String
15:04:01,136 (main) DEBUG [DataNucleus.Persistence] - TypeConverter(s) available for java.net.URI to : java.lang.String
15:04:01,136 (main) DEBUG [DataNucleus.Persistence] - TypeConverter(s) available for java.net.URL to : java.lang.String
15:04:01,136 (main) DEBUG [DataNucleus.Persistence] - TypeConverter(s) available for java.sql.Date to : java.lang.Long,java.lang.String,java.util.Date
15:04:01,136 (main) DEBUG [DataNucleus.Persistence] - TypeConverter(s) available for java.sql.Time to : java.lang.Long,java.lang.String,java.util.Date
15:04:01,136 (main) DEBUG [DataNucleus.Persistence] - TypeConverter(s) available for java.sql.Timestamp to : java.lang.Long,java.lang.String,java.util.Date
15:04:01,136 (main) DEBUG [DataNucleus.Persistence] - TypeConverter(s) available for java.time.Duration to : java.lang.Long,java.lang.Double,java.lang.String
15:04:01,136 (main) DEBUG [DataNucleus.Persistence] - TypeConverter(s) available for java.time.Instant to : java.lang.Long,java.lang.String,java.sql.Timestamp,java.util.Date
15:04:01,136 (main) DEBUG [DataNucleus.Persistence] - TypeConverter(s) available for java.time.LocalDate to : java.lang.String,java.sql.Date,java.util.Date
15:04:01,136 (main) DEBUG [DataNucleus.Persistence] - TypeConverter(s) available for java.time.LocalDateTime to : java.lang.String,java.sql.Timestamp,java.util.Date
15:04:01,136 (main) DEBUG [DataNucleus.Persistence] - TypeConverter(s) available for java.time.LocalTime to : java.lang.Long,java.lang.String,java.sql.Time,java.util.Date
15:04:01,136 (main) DEBUG [DataNucleus.Persistence] - TypeConverter(s) available for java.time.MonthDay to : java.lang.String,int[],java.sql.Date,java.util.Date
15:04:01,136 (main) DEBUG [DataNucleus.Persistence] - TypeConverter(s) available for java.time.OffsetDateTime to : java.lang.String,java.sql.Timestamp,java.util.Date
15:04:01,136 (main) DEBUG [DataNucleus.Persistence] - TypeConverter(s) available for java.time.OffsetTime to : java.lang.Long,java.lang.String,java.sql.Time
15:04:01,136 (main) DEBUG [DataNucleus.Persistence] - TypeConverter(s) available for java.time.Period to : java.lang.String,int[]
15:04:01,136 (main) DEBUG [DataNucleus.Persistence] - TypeConverter(s) available for java.time.Year to : java.lang.String,java.lang.Integer
15:04:01,136 (main) DEBUG [DataNucleus.Persistence] - TypeConverter(s) available for java.time.YearMonth to : java.lang.String,int[],java.sql.Date,java.util.Date
15:04:01,136 (main) DEBUG [DataNucleus.Persistence] - TypeConverter(s) available for java.time.ZonedDateTime to : java.lang.String,java.sql.Timestamp
15:04:01,136 (main) DEBUG [DataNucleus.Persistence] - TypeConverter(s) available for java.time.ZoneId to : java.lang.String
15:04:01,136 (main) DEBUG [DataNucleus.Persistence] - TypeConverter(s) available for java.time.ZoneOffset to : java.lang.String
15:04:01,136 (main) DEBUG [DataNucleus.Persistence] - TypeConverter(s) available for java.util.BitSet to : java.lang.String
15:04:01,136 (main) DEBUG [DataNucleus.Persistence] - TypeConverter(s) available for java.util.Calendar to : java.lang.String,[Ljava.lang.Object;,java.sql.Timestamp,java.util.Date
15:04:01,136 (main) DEBUG [DataNucleus.Persistence] - TypeConverter(s) available for java.util.Currency to : java.lang.String
15:04:01,136 (main) DEBUG [DataNucleus.Persistence] - TypeConverter(s) available for java.util.Date to : java.lang.Long,java.lang.String
15:04:01,136 (main) DEBUG [DataNucleus.Persistence] - TypeConverter(s) available for java.util.Locale to : java.lang.String
15:04:01,136 (main) DEBUG [DataNucleus.Persistence] - TypeConverter(s) available for java.util.TimeZone to : java.lang.String
15:04:01,136 (main) DEBUG [DataNucleus.Persistence] - TypeConverter(s) available for java.util.UUID to : java.lang.String
15:04:01,136 (main) DEBUG [DataNucleus.MetaData] - MetaDataManager : Input=(XML,Annotations), XML-Validation=false, XML-Suffices=(persistence=*.jdo, orm=orm, query=*.jdoquery), JDO-listener=true
15:04:01,136 (main) DEBUG [DataNucleus.MetaData] - Registering listener for metadata initialisation
15:04:01,136 (main) DEBUG [DataNucleus.MetaData] - Listener found initialisation for persistable class com.videoclub.pojo.Movie
15:04:01,136 (main) DEBUG [DataNucleus.MetaData] - No encontramos el MetaData del tipo "jdo" por la clase "com.videoclub.pojo.Movie" en /META-INF/package.jdo
15:04:01,136 (main) DEBUG [DataNucleus.MetaData] - No encontramos el MetaData del tipo "jdo" por la clase "com.videoclub.pojo.Movie" en /WEB-INF/package.jdo
15:04:01,136 (main) DEBUG [DataNucleus.MetaData] - No encontramos el MetaData del tipo "jdo" por la clase "com.videoclub.pojo.Movie" en /package.jdo
15:04:01,136 (main) DEBUG [DataNucleus.MetaData] - No encontramos el MetaData del tipo "jdo" por la clase "com.videoclub.pojo.Movie" en /com/package.jdo
15:04:01,136 (main) DEBUG [DataNucleus.MetaData] - No encontramos el MetaData del tipo "jdo" por la clase "com.videoclub.pojo.Movie" en /com/videoclub/package.jdo
15:04:01,136 (main) DEBUG [DataNucleus.MetaData] - No encontramos el MetaData del tipo "jdo" por la clase "com.videoclub.pojo.Movie" en /com/videoclub/pojo/package.jdo
15:04:01,136 (main) DEBUG [DataNucleus.MetaData] - No encontramos el MetaData del tipo "jdo" por la clase "com.videoclub.pojo.Movie" en /com/videoclub/pojo/Movie.jdo
15:04:01,136 (main) DEBUG [DataNucleus.MetaData] - No hemos encontrado el MetaData del tipo "jdo" por la clase "com.videoclub.pojo.Movie"
15:04:01,167 (main) DEBUG [DataNucleus.MetaData] - Clase "com.videoclub.pojo.Movie" tiene anotaciones de JDO y vamos a usarlas.
15:04:01,167 (main) DEBUG [DataNucleus.MetaData] - Clase "com.videoclub.pojo.Movie" : Populando Meta-Data
15:04:01,167 (main) DEBUG [DataNucleus.MetaData] - No encontramos el MetaData del tipo "orm" por la clase "com.videoclub.pojo.Movie" en /META-INF/package.orm
15:04:01,167 (main) DEBUG [DataNucleus.MetaData] - No encontramos el MetaData del tipo "orm" por la clase "com.videoclub.pojo.Movie" en /WEB-INF/package.orm
15:04:01,167 (main) DEBUG [DataNucleus.MetaData] - No encontramos el MetaData del tipo "orm" por la clase "com.videoclub.pojo.Movie" en /package.orm
15:04:01,167 (main) DEBUG [DataNucleus.MetaData] - No encontramos el MetaData del tipo "orm" por la clase "com.videoclub.pojo.Movie" en /com/package.orm
15:04:01,167 (main) DEBUG [DataNucleus.MetaData] - No encontramos el MetaData del tipo "orm" por la clase "com.videoclub.pojo.Movie" en /com/videoclub/package.orm
15:04:01,167 (main) DEBUG [DataNucleus.MetaData] - No encontramos el MetaData del tipo "orm" por la clase "com.videoclub.pojo.Movie" en /com/videoclub/pojo/package.orm
15:04:01,167 (main) DEBUG [DataNucleus.MetaData] - No encontramos el MetaData del tipo "orm" por la clase "com.videoclub.pojo.Movie" en /com/videoclub/pojo/Movie.orm
15:04:01,167 (main) DEBUG [DataNucleus.MetaData] - No hemos encontrado el MetaData del tipo "orm" por la clase "com.videoclub.pojo.Movie"
15:04:01,167 (main) DEBUG [DataNucleus.MetaData] - Clase "com.videoclub.pojo.Movie" campo "genre" : añadiendo el Meta-Data por el campo como no estaba en la definición de Meta-Data.
15:04:01,167 (main) DEBUG [DataNucleus.MetaData] - Clase "com.videoclub.pojo.Movie" campo "duration" : añadiendo el Meta-Data por el campo como no estaba en la definición de Meta-Data.
15:04:01,167 (main) DEBUG [DataNucleus.MetaData] - Clase "com.videoclub.pojo.Movie" campo "year" : añadiendo el Meta-Data por el campo como no estaba en la definición de Meta-Data.
15:04:01,167 (main) DEBUG [DataNucleus.MetaData] - Clase "com.videoclub.pojo.Movie" campo "director" : añadiendo el Meta-Data por el campo como no estaba en la definición de Meta-Data.
15:04:01,167 (main) DEBUG [DataNucleus.MetaData] - Clase "com.videoclub.pojo.Movie" campo "rentalPrice" : añadiendo el Meta-Data por el campo como no estaba en la definición de Meta-Data.
15:04:01,167 (main) DEBUG [DataNucleus.Persistence] - Tipo de Java com.videoclub.pojo.MovieGenre como el tipo de Java java.lang.Enum
15:04:01,167 (main) DEBUG [DataNucleus.MetaData] - No encontramos el MetaData del tipo "jdo" por la clase "com.videoclub.pojo.MovieGenre" en /META-INF/package.jdo
15:04:01,167 (main) DEBUG [DataNucleus.MetaData] - No encontramos el MetaData del tipo "jdo" por la clase "com.videoclub.pojo.MovieGenre" en /WEB-INF/package.jdo
15:04:01,167 (main) DEBUG [DataNucleus.MetaData] - No encontramos el MetaData del tipo "jdo" por la clase "com.videoclub.pojo.MovieGenre" en /package.jdo
15:04:01,167 (main) DEBUG [DataNucleus.MetaData] - No encontramos el MetaData del tipo "jdo" por la clase "com.videoclub.pojo.MovieGenre" en /com/package.jdo
15:04:01,167 (main) DEBUG [DataNucleus.MetaData] - No encontramos el MetaData del tipo "jdo" por la clase "com.videoclub.pojo.MovieGenre" en /com/videoclub/package.jdo
15:04:01,167 (main) DEBUG [DataNucleus.MetaData] - No encontramos el MetaData del tipo "jdo" por la clase "com.videoclub.pojo.MovieGenre" en /com/videoclub/pojo/package.jdo
15:04:01,167 (main) DEBUG [DataNucleus.MetaData] - No encontramos el MetaData del tipo "jdo" por la clase "com.videoclub.pojo.MovieGenre" en /com/videoclub/pojo/MovieGenre.jdo
15:04:01,167 (main) DEBUG [DataNucleus.MetaData] - No hemos encontrado el MetaData del tipo "jdo" por la clase "com.videoclub.pojo.MovieGenre"
15:04:01,167 (main) DEBUG [DataNucleus.MetaData] - Registrando la clase "com.videoclub.pojo.MovieGenre" no tener Meta-Data
15:04:01,167 (main) DEBUG [DataNucleus.MetaData] - Clase "com.videoclub.pojo.Movie" : Inicializando Meta-Data
15:04:01,167 (main) DEBUG [DataNucleus.MetaData] - Listener found initialisation for persistable class com.videoclub.pojo.User
15:04:01,167 (main) DEBUG [DataNucleus.MetaData] - No encontramos el MetaData del tipo "jdo" por la clase "com.videoclub.pojo.User" en /META-INF/package.jdo
15:04:01,183 (main) DEBUG [DataNucleus.MetaData] - No encontramos el MetaData del tipo "jdo" por la clase "com.videoclub.pojo.User" en /WEB-INF/package.jdo
15:04:01,183 (main) DEBUG [DataNucleus.MetaData] - No encontramos el MetaData del tipo "jdo" por la clase "com.videoclub.pojo.User" en /package.jdo
15:04:01,183 (main) DEBUG [DataNucleus.MetaData] - No encontramos el MetaData del tipo "jdo" por la clase "com.videoclub.pojo.User" en /com/package.jdo
15:04:01,183 (main) DEBUG [DataNucleus.MetaData] - No encontramos el MetaData del tipo "jdo" por la clase "com.videoclub.pojo.User" en /com/videoclub/package.jdo
15:04:01,183 (main) DEBUG [DataNucleus.MetaData] - No encontramos el MetaData del tipo "jdo" por la clase "com.videoclub.pojo.User" en /com/videoclub/pojo/package.jdo
15:04:01,183 (main) DEBUG [DataNucleus.MetaData] - No encontramos el MetaData del tipo "jdo" por la clase "com.videoclub.pojo.User" en /com/videoclub/pojo/User.jdo
15:04:01,183 (main) DEBUG [DataNucleus.MetaData] - No hemos encontrado el MetaData del tipo "jdo" por la clase "com.videoclub.pojo.User"
15:04:01,183 (main) DEBUG [DataNucleus.MetaData] - Clase "com.videoclub.pojo.User" tiene anotaciones de JDO y vamos a usarlas.
15:04:01,183 (main) DEBUG [DataNucleus.MetaData] - Clase "com.videoclub.pojo.User" : Populando Meta-Data
15:04:01,183 (main) DEBUG [DataNucleus.MetaData] - No encontramos el MetaData del tipo "orm" por la clase "com.videoclub.pojo.User" en /META-INF/package.orm
15:04:01,183 (main) DEBUG [DataNucleus.MetaData] - No encontramos el MetaData del tipo "orm" por la clase "com.videoclub.pojo.User" en /WEB-INF/package.orm
15:04:01,183 (main) DEBUG [DataNucleus.MetaData] - No encontramos el MetaData del tipo "orm" por la clase "com.videoclub.pojo.User" en /package.orm
15:04:01,183 (main) DEBUG [DataNucleus.MetaData] - No encontramos el MetaData del tipo "orm" por la clase "com.videoclub.pojo.User" en /com/package.orm
15:04:01,183 (main) DEBUG [DataNucleus.MetaData] - No encontramos el MetaData del tipo "orm" por la clase "com.videoclub.pojo.User" en /com/videoclub/package.orm
15:04:01,183 (main) DEBUG [DataNucleus.MetaData] - No encontramos el MetaData del tipo "orm" por la clase "com.videoclub.pojo.User" en /com/videoclub/pojo/package.orm
15:04:01,183 (main) DEBUG [DataNucleus.MetaData] - No encontramos el MetaData del tipo "orm" por la clase "com.videoclub.pojo.User" en /com/videoclub/pojo/User.orm
15:04:01,183 (main) DEBUG [DataNucleus.MetaData] - No hemos encontrado el MetaData del tipo "orm" por la clase "com.videoclub.pojo.User"
15:04:01,183 (main) DEBUG [DataNucleus.MetaData] - Clase "com.videoclub.pojo.User" campo "type" : añadiendo el Meta-Data por el campo como no estaba en la definición de Meta-Data.
15:04:01,183 (main) DEBUG [DataNucleus.MetaData] - Clase "com.videoclub.pojo.User" campo "password" : añadiendo el Meta-Data por el campo como no estaba en la definición de Meta-Data.
15:04:01,183 (main) DEBUG [DataNucleus.MetaData] - Clase "com.videoclub.pojo.User" campo "email" : añadiendo el Meta-Data por el campo como no estaba en la definición de Meta-Data.
15:04:01,183 (main) DEBUG [DataNucleus.MetaData] - Clase "com.videoclub.pojo.User" campo "name" : añadiendo el Meta-Data por el campo como no estaba en la definición de Meta-Data.
15:04:01,183 (main) DEBUG [DataNucleus.MetaData] - Clase "com.videoclub.pojo.User" campo "surname" : añadiendo el Meta-Data por el campo como no estaba en la definición de Meta-Data.
15:04:01,183 (main) DEBUG [DataNucleus.Persistence] - Tipo de Java com.videoclub.pojo.typeUser como el tipo de Java java.lang.Enum
15:04:01,183 (main) DEBUG [DataNucleus.MetaData] - No encontramos el MetaData del tipo "jdo" por la clase "com.videoclub.pojo.typeUser" en /META-INF/package.jdo
15:04:01,183 (main) DEBUG [DataNucleus.MetaData] - No encontramos el MetaData del tipo "jdo" por la clase "com.videoclub.pojo.typeUser" en /WEB-INF/package.jdo
15:04:01,183 (main) DEBUG [DataNucleus.MetaData] - No encontramos el MetaData del tipo "jdo" por la clase "com.videoclub.pojo.typeUser" en /package.jdo
15:04:01,183 (main) DEBUG [DataNucleus.MetaData] - No encontramos el MetaData del tipo "jdo" por la clase "com.videoclub.pojo.typeUser" en /com/package.jdo
15:04:01,183 (main) DEBUG [DataNucleus.MetaData] - No encontramos el MetaData del tipo "jdo" por la clase "com.videoclub.pojo.typeUser" en /com/videoclub/package.jdo
15:04:01,183 (main) DEBUG [DataNucleus.MetaData] - No encontramos el MetaData del tipo "jdo" por la clase "com.videoclub.pojo.typeUser" en /com/videoclub/pojo/package.jdo
15:04:01,183 (main) DEBUG [DataNucleus.MetaData] - No encontramos el MetaData del tipo "jdo" por la clase "com.videoclub.pojo.typeUser" en /com/videoclub/pojo/typeUser.jdo
15:04:01,183 (main) DEBUG [DataNucleus.MetaData] - No hemos encontrado el MetaData del tipo "jdo" por la clase "com.videoclub.pojo.typeUser"
15:04:01,183 (main) DEBUG [DataNucleus.MetaData] - Registrando la clase "com.videoclub.pojo.typeUser" no tener Meta-Data
15:04:01,183 (main) DEBUG [DataNucleus.MetaData] - Clase "com.videoclub.pojo.User" : Inicializando Meta-Data
15:04:01,183 (main) DEBUG [DataNucleus.MetaData] - Listener found initialisation for persistable class com.videoclub.pojo.Rental
15:04:01,183 (main) DEBUG [DataNucleus.MetaData] - No encontramos el MetaData del tipo "jdo" por la clase "com.videoclub.pojo.Rental" en /META-INF/package.jdo
15:04:01,183 (main) DEBUG [DataNucleus.MetaData] - No encontramos el MetaData del tipo "jdo" por la clase "com.videoclub.pojo.Rental" en /WEB-INF/package.jdo
15:04:01,183 (main) DEBUG [DataNucleus.MetaData] - No encontramos el MetaData del tipo "jdo" por la clase "com.videoclub.pojo.Rental" en /package.jdo
15:04:01,183 (main) DEBUG [DataNucleus.MetaData] - No encontramos el MetaData del tipo "jdo" por la clase "com.videoclub.pojo.Rental" en /com/package.jdo
15:04:01,183 (main) DEBUG [DataNucleus.MetaData] - No encontramos el MetaData del tipo "jdo" por la clase "com.videoclub.pojo.Rental" en /com/videoclub/package.jdo
15:04:01,183 (main) DEBUG [DataNucleus.MetaData] - No encontramos el MetaData del tipo "jdo" por la clase "com.videoclub.pojo.Rental" en /com/videoclub/pojo/package.jdo
15:04:01,183 (main) DEBUG [DataNucleus.MetaData] - No encontramos el MetaData del tipo "jdo" por la clase "com.videoclub.pojo.Rental" en /com/videoclub/pojo/Rental.jdo
15:04:01,183 (main) DEBUG [DataNucleus.MetaData] - No hemos encontrado el MetaData del tipo "jdo" por la clase "com.videoclub.pojo.Rental"
15:04:01,183 (main) DEBUG [DataNucleus.MetaData] - Clase "com.videoclub.pojo.Rental" tiene anotaciones de JDO y vamos a usarlas.
15:04:01,183 (main) DEBUG [DataNucleus.MetaData] - Clase "com.videoclub.pojo.Rental" : Populando Meta-Data
15:04:01,183 (main) DEBUG [DataNucleus.MetaData] - No encontramos el MetaData del tipo "orm" por la clase "com.videoclub.pojo.Rental" en /META-INF/package.orm
15:04:01,183 (main) DEBUG [DataNucleus.MetaData] - No encontramos el MetaData del tipo "orm" por la clase "com.videoclub.pojo.Rental" en /WEB-INF/package.orm
15:04:01,183 (main) DEBUG [DataNucleus.MetaData] - No encontramos el MetaData del tipo "orm" por la clase "com.videoclub.pojo.Rental" en /package.orm
15:04:01,183 (main) DEBUG [DataNucleus.MetaData] - No encontramos el MetaData del tipo "orm" por la clase "com.videoclub.pojo.Rental" en /com/package.orm
15:04:01,183 (main) DEBUG [DataNucleus.MetaData] - No encontramos el MetaData del tipo "orm" por la clase "com.videoclub.pojo.Rental" en /com/videoclub/package.orm
15:04:01,183 (main) DEBUG [DataNucleus.MetaData] - No encontramos el MetaData del tipo "orm" por la clase "com.videoclub.pojo.Rental" en /com/videoclub/pojo/package.orm
15:04:01,183 (main) DEBUG [DataNucleus.MetaData] - No encontramos el MetaData del tipo "orm" por la clase "com.videoclub.pojo.Rental" en /com/videoclub/pojo/Rental.orm
15:04:01,183 (main) DEBUG [DataNucleus.MetaData] - No hemos encontrado el MetaData del tipo "orm" por la clase "com.videoclub.pojo.Rental"
15:04:01,183 (main) DEBUG [DataNucleus.MetaData] - Clase "com.videoclub.pojo.Rental" campo "title" : añadiendo el Meta-Data por el campo como no estaba en la definición de Meta-Data.
15:04:01,183 (main) DEBUG [DataNucleus.MetaData] - Clase "com.videoclub.pojo.Rental" campo "code" : añadiendo el Meta-Data por el campo como no estaba en la definición de Meta-Data.
15:04:01,183 (main) DEBUG [DataNucleus.MetaData] - Clase "com.videoclub.pojo.Rental" campo "rentalDate" : añadiendo el Meta-Data por el campo como no estaba en la definición de Meta-Data.
15:04:01,183 (main) DEBUG [DataNucleus.MetaData] - Clase "com.videoclub.pojo.Rental" campo "returnDate" : añadiendo el Meta-Data por el campo como no estaba en la definición de Meta-Data.
15:04:01,183 (main) DEBUG [DataNucleus.MetaData] - Clase "com.videoclub.pojo.Rental" : Inicializando Meta-Data
15:04:01,183 (main) DEBUG [DataNucleus.Datastore] - Creating StoreManager for datastore
15:04:01,232 (main) DEBUG [DataNucleus.Connection] - Creado ConnectionPool "tx" con data source de tipo dbcp2-builtin
15:04:01,232 (main) DEBUG [DataNucleus.Connection] - Registrado la factoria de connecciones transaccionales bajo el nombre "rdbms/tx"
15:04:01,232 (main) DEBUG [DataNucleus.Connection] - Registrado la factoria de connecciones nontransaccionales bajo el nombre "rdbms/nontx"
15:04:01,247 (main) DEBUG [DataNucleus.Connection] - Creado ConnectionPool "nontx" con data source de tipo dbcp2-builtin
15:04:01,657 (main) DEBUG [DataNucleus.Connection] - ManagedConnection ABIERTO : "org.datanucleus.store.rdbms.ConnectionFactoryImpl$ManagedConnectionImpl@3dc95b8b [conn=null, commitOnRelease=true, closeOnRelease=true, closeOnTxnEnd=true]" en resource "nontx"
15:04:01,752 (main) DEBUG [DataNucleus.Datastore] - No Soportando el tipo RDBMS de Java java.lang.Float, jdbc-type=REAL
15:04:01,752 (main) DEBUG [DataNucleus.Datastore] - No Soportando el tipo RDBMS de Java java.lang.String, jdbc-type=NVARCHAR
15:04:01,752 (main) DEBUG [DataNucleus.Datastore] - No Soportando el tipo RDBMS de Java java.lang.String, jdbc-type=NCHAR
15:04:01,752 (main) DEBUG [DataNucleus.Datastore] - Soporte de RDBMS configurado para el tipo "[B" con jdbc-types=[BLOB, BINARY, VARBINARY, LONGVARBINARY], sql-types=[BLOB, BINARY, VARBINARY, LONGVARBINARY] y defecto (jdbc-type=LONGVARBINARY, sql-type=LONGVARBINARY)
15:04:01,752 (main) DEBUG [DataNucleus.Datastore] - Soporte de RDBMS configurado para el tipo "java.io.File" con jdbc-types=[LONGVARBINARY], sql-types=[LONGVARBINARY] y defecto (jdbc-type=LONGVARBINARY, sql-type=LONGVARBINARY)
15:04:01,752 (main) DEBUG [DataNucleus.Datastore] - Soporte de RDBMS configurado para el tipo "java.io.Serializable" con jdbc-types=[BLOB, BINARY, VARBINARY, LONGVARBINARY], sql-types=[BLOB, BINARY, VARBINARY, LONGVARBINARY] y defecto (jdbc-type=LONGVARBINARY, sql-type=LONGVARBINARY)
15:04:01,752 (main) DEBUG [DataNucleus.Datastore] - Soporte de RDBMS configurado para el tipo "java.lang.Boolean" con jdbc-types=[SMALLINT, CHAR, BIT, BOOLEAN, TINYINT], sql-types=[SMALLINT, CHAR, BIT, BOOLEAN, TINYINT] y defecto (jdbc-type=BIT, sql-type=BIT)
15:04:01,752 (main) DEBUG [DataNucleus.Datastore] - Soporte de RDBMS configurado para el tipo "java.lang.Byte" con jdbc-types=[SMALLINT, TINYINT], sql-types=[SMALLINT, TINYINT] y defecto (jdbc-type=TINYINT, sql-type=TINYINT)
15:04:01,752 (main) DEBUG [DataNucleus.Datastore] - Soporte de RDBMS configurado para el tipo "java.lang.Character" con jdbc-types=[CHAR, INTEGER], sql-types=[CHAR, INTEGER] y defecto (jdbc-type=CHAR, sql-type=CHAR)
15:04:01,752 (main) DEBUG [DataNucleus.Datastore] - Soporte de RDBMS configurado para el tipo "java.lang.Double" con jdbc-types=[DECIMAL, DOUBLE], sql-types=[DECIMAL, DOUBLE] y defecto (jdbc-type=DOUBLE, sql-type=DOUBLE)
15:04:01,752 (main) DEBUG [DataNucleus.Datastore] - Soporte de RDBMS configurado para el tipo "java.lang.Float" con jdbc-types=[FLOAT, DECIMAL, DOUBLE], sql-types=[FLOAT, DECIMAL, DOUBLE] y defecto (jdbc-type=FLOAT, sql-type=FLOAT)
15:04:01,752 (main) DEBUG [DataNucleus.Datastore] - Soporte de RDBMS configurado para el tipo "java.lang.Integer" con jdbc-types=[NUMERIC, SMALLINT, BIGINT, TINYINT, INTEGER], sql-types=[NUMERIC, SMALLINT, BIGINT, TINYINT, INTEGER] y defecto (jdbc-type=INTEGER, sql-type=INTEGER)
15:04:01,752 (main) DEBUG [DataNucleus.Datastore] - Soporte de RDBMS configurado para el tipo "java.lang.Long" con jdbc-types=[NUMERIC, SMALLINT, BIGINT, TINYINT, INTEGER], sql-types=[NUMERIC, SMALLINT, BIGINT, INT, TINYINT] y defecto (jdbc-type=BIGINT, sql-type=BIGINT)
15:04:01,752 (main) DEBUG [DataNucleus.Datastore] - Soporte de RDBMS configurado para el tipo "java.lang.Short" con jdbc-types=[SMALLINT, TINYINT, INTEGER], sql-types=[SMALLINT, TINYINT, INTEGER] y defecto (jdbc-type=SMALLINT, sql-type=SMALLINT)
15:04:01,752 (main) DEBUG [DataNucleus.Datastore] - Soporte de RDBMS configurado para el tipo "java.lang.String" con jdbc-types=[BLOB, LONGVARCHAR, CLOB, VARCHAR, CHAR, BIGINT], sql-types=[BLOB, LONGVARCHAR, CLOB, LONGTEXT, CHAR, BIGINT, TEXT, MEDIUMTEXT, MEDIUMBLOB, VARCHAR, LONGBLOB] y defecto (jdbc-type=VARCHAR, sql-type=VARCHAR)
15:04:01,752 (main) DEBUG [DataNucleus.Datastore] - Soporte de RDBMS configurado para el tipo "java.math.BigDecimal" con jdbc-types=[NUMERIC, DECIMAL], sql-types=[NUMERIC, DECIMAL] y defecto (jdbc-type=DECIMAL, sql-type=DECIMAL)
15:04:01,752 (main) DEBUG [DataNucleus.Datastore] - Soporte de RDBMS configurado para el tipo "java.math.BigInteger" con jdbc-types=[NUMERIC, BIGINT], sql-types=[NUMERIC, BIGINT] y defecto (jdbc-type=NUMERIC, sql-type=NUMERIC)
15:04:01,752 (main) DEBUG [DataNucleus.Datastore] - Soporte de RDBMS configurado para el tipo "java.sql.Date" con jdbc-types=[DATE, TIMESTAMP, VARCHAR, CHAR, BIGINT], sql-types=[DATE, TIMESTAMP, VARCHAR, CHAR, BIGINT] y defecto (jdbc-type=DATE, sql-type=DATE)
15:04:01,752 (main) DEBUG [DataNucleus.Datastore] - Soporte de RDBMS configurado para el tipo "java.sql.Time" con jdbc-types=[TIMESTAMP, VARCHAR, CHAR, TIME, BIGINT], sql-types=[TIMESTAMP, VARCHAR, CHAR, TIME, BIGINT] y defecto (jdbc-type=TIME, sql-type=TIME)
15:04:01,752 (main) DEBUG [DataNucleus.Datastore] - Soporte de RDBMS configurado para el tipo "java.sql.Timestamp" con jdbc-types=[DATE, TIMESTAMP, VARCHAR, CHAR, TIME], sql-types=[DATE, TIMESTAMP, VARCHAR, CHAR, TIME] y defecto (jdbc-type=TIMESTAMP, sql-type=TIMESTAMP)
15:04:01,752 (main) DEBUG [DataNucleus.Datastore] - Soporte de RDBMS configurado para el tipo "java.util.Date" con jdbc-types=[DATE, TIMESTAMP, VARCHAR, CHAR, TIME, BIGINT], sql-types=[DATE, TIMESTAMP, VARCHAR, CHAR, TIME, BIGINT] y defecto (jdbc-type=TIMESTAMP, sql-type=TIMESTAMP)
15:04:01,752 (main) DEBUG [DataNucleus.Datastore] - Soporte de RDBMS configurado para el tipo "org.datanucleus.identity.DatastoreId" con jdbc-types=[NUMERIC, VARCHAR, CHAR, BIGINT, INTEGER], sql-types=[NUMERIC, VARCHAR, CHAR, BIGINT, INTEGER] y defecto (jdbc-type=BIGINT, sql-type=BIGINT)
15:04:01,767 (main) DEBUG [DataNucleus.Datastore.Schema] - Vamos a añadir/drop una tabla para determinar el catalogo/esquema para el datasource. Pon "datanucleus.mapping.Catalog"/"datanucleus.mapping.Schema" para evitarlo
15:04:01,783 (main) DEBUG [DataNucleus.Datastore.Schema] - CREATE TABLE `DELETEME1684760641767`
(
    `UNUSED` INTEGER NOT NULL
) ENGINE=INNODB
15:04:01,799 (main) DEBUG [DataNucleus.Datastore.Schema] - SQL Tiempo de cumplir = 16 ms
15:04:01,814 (main) DEBUG [DataNucleus.Datastore.Schema] - No era posible determinar el nombre del esquema por este DataStore
15:04:01,814 (main) DEBUG [DataNucleus.Datastore.Schema] - DROP TABLE `DELETEME1684760641767` CASCADE
15:04:01,830 (main) DEBUG [DataNucleus.Datastore.Schema] - SQL Tiempo de cumplir = 16 ms
15:04:01,830 (main) DEBUG [DataNucleus.Datastore] - ======================= Datastore =========================
15:04:01,830 (main) DEBUG [DataNucleus.Datastore] - StoreManager : "rdbms" (org.datanucleus.store.rdbms.RDBMSStoreManager)
15:04:01,830 (main) DEBUG [DataNucleus.Datastore] - Datastore : read-write
15:04:01,830 (main) DEBUG [DataNucleus.Datastore] - Schema Control : AutoCreate(Tables,Columns,Constraints), Validate(None)
15:04:01,830 (main) DEBUG [DataNucleus.Datastore] - Schema : NamingFactory=datanucleus2 identifierCase=null
15:04:01,830 (main) DEBUG [DataNucleus.Datastore] - Query Languages : JDOQL, JPQL, STOREDPROC, SQL
15:04:01,830 (main) DEBUG [DataNucleus.Datastore] - Queries : Timeout=0
15:04:01,830 (main) DEBUG [DataNucleus.Datastore] - ===========================================================
15:04:01,830 (main) DEBUG [DataNucleus.Datastore] - Datastore Adapter : org.datanucleus.store.rdbms.adapter.MySQLAdapter
15:04:01,830 (main) DEBUG [DataNucleus.Datastore] - Datastore : name="MySQL" version="8.0.32"
15:04:01,830 (main) DEBUG [DataNucleus.Datastore] - Datastore Driver : name="MySQL Connector/J" version="mysql-connector-java-8.0.29 (Revision: dd61577595edad45c398af508cf91ad26fc4144f)"
15:04:01,830 (main) DEBUG [DataNucleus.Datastore] - Primary Connection Factory : URL[jdbc:mysql://localhost/videoclubdb]
15:04:01,830 (main) DEBUG [DataNucleus.Datastore] - Secondary Connection Factory : URL[jdbc:mysql://localhost/videoclubdb]
15:04:01,830 (main) DEBUG [DataNucleus.Datastore] - Datastore Identifiers : factory="datanucleus2" case="UPPERCASE" catalog=videoclubdb
15:04:01,830 (main) DEBUG [DataNucleus.Datastore] - Supported Identifier Cases : lowercase "lowercase" "UPPERCASE" 
15:04:01,845 (main) DEBUG [DataNucleus.Datastore] - Supported Identifier Lengths (max) : Table=64 Column=64 Constraint=64 Index=64 Delimiter=`
15:04:01,845 (main) DEBUG [DataNucleus.Datastore] - Support for Identifiers in DDL : catalog=true schema=false
15:04:01,845 (main) DEBUG [DataNucleus.Datastore] - Datastore : rdbmsConstraintCreateMode=DataNucleus, initialiseColumnInfo=ALL, checkTableViewExistence
15:04:01,845 (main) DEBUG [DataNucleus.Datastore] - Support Statement Batching : yes (max-batch-size=50)
15:04:01,845 (main) DEBUG [DataNucleus.Datastore] - Queries : Results direction=forward, type=forward-only, concurrency=read-only
15:04:01,845 (main) DEBUG [DataNucleus.Datastore] - Java-Types : string-default-length=255
15:04:01,845 (main) DEBUG [DataNucleus.Datastore] - JDBC-Types : VARCHAR, LONGVARCHAR, BOOLEAN, BINARY, VARBINARY, LONGVARBINARY, BIGINT, TINYINT, BIT, CHAR, NUMERIC, DECIMAL, INTEGER, CLOB, SMALLINT, BLOB, FLOAT, DOUBLE, DATE, TIME, TIMESTAMP
15:04:01,845 (main) DEBUG [DataNucleus.Datastore] - ===========================================================
15:04:01,845 (main) DEBUG [DataNucleus.Connection] - ManagedConnection CERRADO : "org.datanucleus.store.rdbms.ConnectionFactoryImpl$ManagedConnectionImpl@3dc95b8b [conn=org.datanucleus.store.rdbms.datasource.dbcp2.PoolingDataSource$PoolGuardConnectionWrapper@2f382a5e, commitOnRelease=true, closeOnRelease=true, closeOnTxnEnd=true]" 
15:04:01,845 (main) DEBUG [DataNucleus.Datastore] - StoreManager now created
15:04:01,845 (main) DEBUG [DataNucleus.Persistence] - Started pool of ExecutionContext (maxPool=20, reaperThread=false)
15:04:01,845 (main) DEBUG [DataNucleus.Persistence] - ================= NucleusContext ===============
15:04:01,845 (main) DEBUG [DataNucleus.Persistence] - DataNucleus Context : Versión: "6.0.4" con JRE "20.0.1" en "Windows 11"
15:04:01,845 (main) DEBUG [DataNucleus.Persistence] - Persistence API : JDO
15:04:01,845 (main) DEBUG [DataNucleus.Persistence] - Plugin Registry : org.datanucleus.plugin.NonManagedPluginRegistry
15:04:01,845 (main) DEBUG [DataNucleus.Persistence] - ClassLoading : default
15:04:01,862 (main) DEBUG [DataNucleus.Persistence] - Persistence : pm-singlethreaded, nontransactional-read, nontransactional-write, reachability-at-commit, detach-all-on-commit, copy-on-attach, managed-relations(checked), deletion-policy=JDO2, serverTimeZone=Europe/Madrid
15:04:01,862 (main) DEBUG [DataNucleus.Persistence] - Transactions : type=RESOURCE_LOCAL, mode=datastore, isolation=read-committed
15:04:01,862 (main) DEBUG [DataNucleus.Persistence] - ValueGeneration : txn-isolation=read-committed connection=New
15:04:01,862 (main) DEBUG [DataNucleus.Persistence] - Cache : Level1 (soft), Level2 (soft, mode=UNSPECIFIED), QueryResults (soft), Collections/Maps 
15:04:01,862 (main) DEBUG [DataNucleus.Persistence] - ================================================
15:04:01,877 (main) DEBUG [DataNucleus.Persistence] - ExecutionContext "org.datanucleus.ExecutionContextImpl@6680f714" se abrió para la base de datos "org.datanucleus.store.rdbms.RDBMSStoreManager@1084f78c" con transaccion="org.datanucleus.transaction.TransactionImpl@53b1a3f8"
15:04:01,877 (main) DEBUG [DataNucleus.Transaction] - Transaction created [DataNucleus Transaction, ID=1792540124-1, enlisted resources=[]]
15:04:01,877 (main) DEBUG [DataNucleus.Transaction] - Transacción empezada para el ExecutionContext org.datanucleus.ExecutionContextImpl@6680f714 (optimistic=false)
15:04:01,893 (main) DEBUG [DataNucleus.Query] - Query de JDOQL : Compilación (generic) de "SELECT FROM com.videoclub.pojo.User"
15:04:01,893 (main) DEBUG [DataNucleus.Query] - Query de JDOQL : Tiempo de compilar (generic) = 0 ms
15:04:01,893 (main) DEBUG [DataNucleus.Query] - QueryCompilation:
  [symbols: this type=com.videoclub.pojo.User]
15:04:01,893 (main) DEBUG [DataNucleus.Query] - Query de JDOQL : Compilación (base de datos) de "SELECT FROM com.videoclub.pojo.User"
15:04:01,924 (main) DEBUG [DataNucleus.Persistence] - Va a manjejar la persistencia de Clase : com.videoclub.pojo.User [Tabla : `USER`, Estrategia de heredar : new-table]
15:04:01,924 (main) DEBUG [DataNucleus.Datastore.Schema] - Campo [com.videoclub.pojo.User.code] -> Columnas [`USER`.`CODE`] usando mapping del tipo "org.datanucleus.store.rdbms.mapping.java.IntegerMapping" (org.datanucleus.store.rdbms.mapping.column.IntegerColumnMapping)
15:04:01,924 (main) DEBUG [DataNucleus.Datastore.Schema] - La tabla `USER` va a manejar la persistencia de los campos de la clase com.videoclub.pojo.User (estrategia de heredar="new-table")
15:04:01,924 (main) DEBUG [DataNucleus.Datastore.Schema] - Attempt to find JDBC driver 'typeInfo' for jdbc-type=VARCHAR but sql-type=VARCHAR is not found. Using default sql-type for this jdbc-type.
15:04:01,924 (main) DEBUG [DataNucleus.Datastore.Schema] - Campo [com.videoclub.pojo.User.email] -> Columnas [`USER`.`EMAIL`] usando mapping del tipo "org.datanucleus.store.rdbms.mapping.java.StringMapping" (org.datanucleus.store.rdbms.mapping.column.VarCharColumnMapping)
15:04:01,924 (main) DEBUG [DataNucleus.Datastore.Schema] - Attempt to find JDBC driver 'typeInfo' for jdbc-type=VARCHAR but sql-type=VARCHAR is not found. Using default sql-type for this jdbc-type.
15:04:01,924 (main) DEBUG [DataNucleus.Datastore.Schema] - Campo [com.videoclub.pojo.User.name] -> Columnas [`USER`.`NAME`] usando mapping del tipo "org.datanucleus.store.rdbms.mapping.java.StringMapping" (org.datanucleus.store.rdbms.mapping.column.VarCharColumnMapping)
15:04:01,924 (main) DEBUG [DataNucleus.Datastore.Schema] - Attempt to find JDBC driver 'typeInfo' for jdbc-type=VARCHAR but sql-type=VARCHAR is not found. Using default sql-type for this jdbc-type.
15:04:01,924 (main) DEBUG [DataNucleus.Datastore.Schema] - Campo [com.videoclub.pojo.User.password] -> Columnas [`USER`.`PASSWORD`] usando mapping del tipo "org.datanucleus.store.rdbms.mapping.java.StringMapping" (org.datanucleus.store.rdbms.mapping.column.VarCharColumnMapping)
15:04:01,924 (main) DEBUG [DataNucleus.Datastore.Schema] - Attempt to find JDBC driver 'typeInfo' for jdbc-type=VARCHAR but sql-type=VARCHAR is not found. Using default sql-type for this jdbc-type.
15:04:01,924 (main) DEBUG [DataNucleus.Datastore.Schema] - Campo [com.videoclub.pojo.User.surname] -> Columnas [`USER`.`SURNAME`] usando mapping del tipo "org.datanucleus.store.rdbms.mapping.java.StringMapping" (org.datanucleus.store.rdbms.mapping.column.VarCharColumnMapping)
15:04:01,924 (main) DEBUG [DataNucleus.Datastore.Schema] - Campo [com.videoclub.pojo.User.type] -> Columnas [`USER`.`TYPE`] usando mapping del tipo "org.datanucleus.store.rdbms.mapping.java.EnumMapping" (org.datanucleus.store.rdbms.mapping.column.VarCharColumnMapping)
15:04:01,924 (main) DEBUG [DataNucleus.Datastore.Schema] - Attempt to find JDBC driver 'typeInfo' for jdbc-type=VARCHAR but sql-type=VARCHAR is not found. Using default sql-type for this jdbc-type.
15:04:01,924 (main) DEBUG [DataNucleus.Datastore.Schema] - Campo [com.videoclub.pojo.User.username] -> Columnas [`USER`.`USERNAME`] usando mapping del tipo "org.datanucleus.store.rdbms.mapping.java.StringMapping" (org.datanucleus.store.rdbms.mapping.column.VarCharColumnMapping)
15:04:01,924 (main) DEBUG [DataNucleus.Datastore.Schema] - Table/View `USER` ha sido inicializado
15:04:01,924 (main) DEBUG [DataNucleus.Connection] - ManagedConnection ABIERTO : "org.datanucleus.store.rdbms.ConnectionFactoryImpl$ManagedConnectionImpl@d4df0e [conn=org.datanucleus.store.rdbms.datasource.dbcp2.PoolingDataSource$PoolGuardConnectionWrapper@7ae0cc89, commitOnRelease=true, closeOnRelease=true, closeOnTxnEnd=true]" en resource "nontx" con isolación "serializable" y auto-commit=false
15:04:01,924 (main) DEBUG [DataNucleus.Datastore.Schema] - Empezando transaccion del esquema con conneccion "org.datanucleus.store.rdbms.datasource.dbcp2.PoolingDataSource$PoolGuardConnectionWrapper@7ae0cc89" y isolacion "serializable"
15:04:01,941 (main) DEBUG [DataNucleus.Datastore.Schema] - Check of existence of `USER` returned table type of TABLE
15:04:01,941 (main) DEBUG [DataNucleus.Datastore.Schema] - Cargando información de columna para las tablas "user" por el Catalogo "videoclubdb", el Esquema ""
15:04:01,943 (main) DEBUG [DataNucleus.Datastore.Schema] - Información de columna cargado por el Catalogo "videoclubdb", el Esquema "", 1 tablas, tiempo = 2 ms
15:04:01,943 (main) DEBUG [DataNucleus.Datastore.Schema] - Información de columna cargado por la tabla "USER" : hemos encontrado 7 columnas
15:04:01,957 (main) DEBUG [DataNucleus.Datastore.Schema] - Validando 2 indic(es) de la tabla `USER`
15:04:01,957 (main) DEBUG [DataNucleus.Datastore.Schema] - Validando 0 foreign key(s) de la tabla `USER`
15:04:01,957 (main) DEBUG [DataNucleus.Datastore.Schema] - Validando 2 llaves unicas de la tabla `USER`
15:04:01,957 (main) DEBUG [DataNucleus.Datastore.Schema] - Committing transaccion del esquema "org.datanucleus.store.rdbms.datasource.dbcp2.PoolingDataSource$PoolGuardConnectionWrapper@7ae0cc89"
15:04:01,957 (main) DEBUG [DataNucleus.Datastore.Schema] - Cerrando la conneccion de la transaccion del esquema "org.datanucleus.store.rdbms.datasource.dbcp2.PoolingDataSource$PoolGuardConnectionWrapper@7ae0cc89"
15:04:01,972 (main) DEBUG [DataNucleus.Connection] - ManagedConnection VA A COMMIT : "org.datanucleus.store.rdbms.ConnectionFactoryImpl$ManagedConnectionImpl@d4df0e [conn=org.datanucleus.store.rdbms.datasource.dbcp2.PoolingDataSource$PoolGuardConnectionWrapper@7ae0cc89, commitOnRelease=true, closeOnRelease=true, closeOnTxnEnd=true]"
15:04:01,972 (main) DEBUG [DataNucleus.Connection] - ManagedConnection CERRADO : "org.datanucleus.store.rdbms.ConnectionFactoryImpl$ManagedConnectionImpl@d4df0e [conn=org.datanucleus.store.rdbms.datasource.dbcp2.PoolingDataSource$PoolGuardConnectionWrapper@7ae0cc89, commitOnRelease=true, closeOnRelease=true, closeOnTxnEnd=true]" 
15:04:02,003 (main) DEBUG [DataNucleus.Query] - Compile of JDOQL into SQL - JoinType : navigation(default=(using nullability), filter=(using nullability))
15:04:02,003 (main) DEBUG [DataNucleus.Query] - Query de JDOQL : Tiempo de compilar (base de datos) = 110
15:04:02,041 (main) DEBUG [DataNucleus.Connection] - ManagedConnection ABIERTO : "org.datanucleus.store.rdbms.ConnectionFactoryImpl$ManagedConnectionImpl@733ec58b [conn=org.datanucleus.store.rdbms.datasource.dbcp2.PoolingDataSource$PoolGuardConnectionWrapper@723877dd, commitOnRelease=false, closeOnRelease=false, closeOnTxnEnd=true]" en resource "tx" con isolación "read-committed" y auto-commit=false
15:04:02,042 (main) DEBUG [DataNucleus.Transaction] - Running enlist operation on resource: org.datanucleus.store.rdbms.ConnectionFactoryImpl$EmulatedXAResource@1b482cbf, error code TMNOFLAGS and transaction [DataNucleus Transaction, ID=1792540124-1, enlisted resources=[]]
15:04:02,043 (main) DEBUG [DataNucleus.Query] - Query de JDOQL : Ejecucion de "SELECT FROM com.videoclub.pojo.User" ...
15:04:02,044 (main) DEBUG [DataNucleus.Datastore] - Utilizando PreparedStatement "com.mysql.cj.jdbc.ClientPreparedStatement: SELECT 'com.videoclub.pojo.User' AS `DN_TYPE`,`A0`.`CODE`,`A0`.`EMAIL`,`A0`.`NAME`,`A0`.`PASSWORD`,`A0`.`SURNAME`,`A0`.`TYPE`,`A0`.`USERNAME` FROM `USER` `A0`" para la conneccion "org.datanucleus.store.rdbms.datasource.dbcp2.PoolingDataSource$PoolGuardConnectionWrapper@723877dd"
15:04:02,045 (main) DEBUG [DataNucleus.Datastore.Native] - SELECT 'com.videoclub.pojo.User' AS `DN_TYPE`,`A0`.`CODE`,`A0`.`EMAIL`,`A0`.`NAME`,`A0`.`PASSWORD`,`A0`.`SURNAME`,`A0`.`TYPE`,`A0`.`USERNAME` FROM `USER` `A0`
15:04:02,046 (main) DEBUG [DataNucleus.Datastore.Retrieve] - SQL Tiempo de cumplir = 2 ms
15:04:02,050 (main) DEBUG [DataNucleus.Query] - Query de JDOQL : Tiempo de ejecutar = 7 ms
15:04:02,050 (main) DEBUG [DataNucleus.Transaction] - Haciendo commit de la transaacción para el ExecutionContext org.datanucleus.ExecutionContextImpl@6680f714
15:04:02,050 (main) DEBUG [DataNucleus.Persistence] - ExecutionContext.internalFlush() empezado con flush ordenado - 0 objetos registrados
15:04:02,051 (main) DEBUG [DataNucleus.Persistence] - ExecutionContext.internalFlush() terminado
15:04:02,051 (main) DEBUG [DataNucleus.Persistence] - Persistence-By-Reachability (commit) : EMPIEZA
15:04:02,051 (main) DEBUG [DataNucleus.Persistence] - Persistence-By-Reachability (commit) : TERMINADO
15:04:02,051 (main) DEBUG [DataNucleus.Transaction] - Committing [DataNucleus Transaction, ID=1792540124-1, enlisted resources=[org.datanucleus.store.rdbms.ConnectionFactoryImpl$EmulatedXAResource@1b482cbf]]
15:04:02,051 (main) DEBUG [DataNucleus.Connection] - ManagedConnection VA A COMMIT : "org.datanucleus.store.rdbms.ConnectionFactoryImpl$ManagedConnectionImpl@733ec58b [conn=org.datanucleus.store.rdbms.datasource.dbcp2.PoolingDataSource$PoolGuardConnectionWrapper@723877dd, commitOnRelease=false, closeOnRelease=false, closeOnTxnEnd=true]"
15:04:02,052 (main) DEBUG [DataNucleus.Connection] - ManagedConnection CERRADO : "org.datanucleus.store.rdbms.ConnectionFactoryImpl$ManagedConnectionImpl@733ec58b [conn=org.datanucleus.store.rdbms.datasource.dbcp2.PoolingDataSource$PoolGuardConnectionWrapper@723877dd, commitOnRelease=false, closeOnRelease=false, closeOnTxnEnd=true]" 
15:04:02,055 (main) DEBUG [DataNucleus.Transaction] - Transacción committed en 5 ms
15:04:02,056 (main) DEBUG [DataNucleus.Persistence] - ExecutionContext "org.datanucleus.ExecutionContextImpl@6680f714" se cerró
]]></system-out>
  </testcase>
  <testcase name="RentalListResource" classname="com.videoclub.testing.IntegrationIT" time="0.173">
    <system-out><![CDATA[15:04:02,192 (main) DEBUG [DataNucleus.Persistence] - ExecutionContext "org.datanucleus.ExecutionContextImpl@6680f714" se abrió para la base de datos "org.datanucleus.store.rdbms.RDBMSStoreManager@1084f78c" con transaccion="org.datanucleus.transaction.TransactionImpl@66522ead"
15:04:02,192 (main) DEBUG [DataNucleus.Transaction] - Transaction created [DataNucleus Transaction, ID=1792540124-2, enlisted resources=[]]
15:04:02,192 (main) DEBUG [DataNucleus.Transaction] - Transacción empezada para el ExecutionContext org.datanucleus.ExecutionContextImpl@6680f714 (optimistic=false)
15:04:02,192 (main) DEBUG [DataNucleus.Query] - Query de JDOQL : Compilación (generic) de "SELECT FROM com.videoclub.pojo.Rental"
15:04:02,192 (main) DEBUG [DataNucleus.Query] - Query de JDOQL : Tiempo de compilar (generic) = 0 ms
15:04:02,192 (main) DEBUG [DataNucleus.Query] - QueryCompilation:
  [symbols: this type=com.videoclub.pojo.Rental]
15:04:02,192 (main) DEBUG [DataNucleus.Query] - Query de JDOQL : Compilación (base de datos) de "SELECT FROM com.videoclub.pojo.Rental"
15:04:02,192 (main) DEBUG [DataNucleus.Persistence] - Va a manjejar la persistencia de Clase : com.videoclub.pojo.Rental [Tabla : `RENTAL`, Estrategia de heredar : new-table]
15:04:02,192 (main) DEBUG [DataNucleus.Datastore.Schema] - Campo [com.videoclub.pojo.Rental.id] -> Columnas [`RENTAL`.`ID`] usando mapping del tipo "org.datanucleus.store.rdbms.mapping.java.IntegerMapping" (org.datanucleus.store.rdbms.mapping.column.IntegerColumnMapping)
15:04:02,192 (main) DEBUG [DataNucleus.Datastore.Schema] - La tabla `RENTAL` va a manejar la persistencia de los campos de la clase com.videoclub.pojo.Rental (estrategia de heredar="new-table")
15:04:02,192 (main) DEBUG [DataNucleus.Datastore.Schema] - Campo [com.videoclub.pojo.Rental.code] -> Columnas [`RENTAL`.`CODE`] usando mapping del tipo "org.datanucleus.store.rdbms.mapping.java.IntegerMapping" (org.datanucleus.store.rdbms.mapping.column.IntegerColumnMapping)
15:04:02,192 (main) DEBUG [DataNucleus.Datastore.Schema] - Campo [com.videoclub.pojo.Rental.rentalDate] -> Columnas [`RENTAL`.`RENTALDATE`] usando mapping del tipo "org.datanucleus.store.rdbms.mapping.java.DateMapping" (org.datanucleus.store.rdbms.mapping.column.TimestampColumnMapping)
15:04:02,192 (main) DEBUG [DataNucleus.Datastore.Schema] - Campo [com.videoclub.pojo.Rental.returnDate] -> Columnas [`RENTAL`.`RETURNDATE`] usando mapping del tipo "org.datanucleus.store.rdbms.mapping.java.DateMapping" (org.datanucleus.store.rdbms.mapping.column.TimestampColumnMapping)
15:04:02,192 (main) DEBUG [DataNucleus.Datastore.Schema] - Attempt to find JDBC driver 'typeInfo' for jdbc-type=VARCHAR but sql-type=VARCHAR is not found. Using default sql-type for this jdbc-type.
15:04:02,192 (main) DEBUG [DataNucleus.Datastore.Schema] - Campo [com.videoclub.pojo.Rental.title] -> Columnas [`RENTAL`.`TITLE`] usando mapping del tipo "org.datanucleus.store.rdbms.mapping.java.StringMapping" (org.datanucleus.store.rdbms.mapping.column.VarCharColumnMapping)
15:04:02,192 (main) DEBUG [DataNucleus.Datastore.Schema] - Table/View `RENTAL` ha sido inicializado
15:04:02,192 (main) DEBUG [DataNucleus.Connection] - ManagedConnection ABIERTO : "org.datanucleus.store.rdbms.ConnectionFactoryImpl$ManagedConnectionImpl@1a464fa3 [conn=org.datanucleus.store.rdbms.datasource.dbcp2.PoolingDataSource$PoolGuardConnectionWrapper@4215e133, commitOnRelease=true, closeOnRelease=true, closeOnTxnEnd=true]" en resource "nontx" con isolación "serializable" y auto-commit=false
15:04:02,192 (main) DEBUG [DataNucleus.Datastore.Schema] - Empezando transaccion del esquema con conneccion "org.datanucleus.store.rdbms.datasource.dbcp2.PoolingDataSource$PoolGuardConnectionWrapper@4215e133" y isolacion "serializable"
15:04:02,192 (main) DEBUG [DataNucleus.Datastore.Schema] - Check of existence of `RENTAL` returned table type of TABLE
15:04:02,192 (main) DEBUG [DataNucleus.Datastore.Schema] - Cargando información de columna para las tablas "rental" por el Catalogo "videoclubdb", el Esquema ""
15:04:02,208 (main) DEBUG [DataNucleus.Datastore.Schema] - Información de columna cargado por el Catalogo "videoclubdb", el Esquema "", 1 tablas, tiempo = 16 ms
15:04:02,208 (main) DEBUG [DataNucleus.Datastore.Schema] - Información de columna cargado por la tabla "RENTAL" : hemos encontrado 5 columnas
15:04:02,208 (main) DEBUG [DataNucleus.Datastore.Schema] - Validando 1 indic(es) de la tabla `RENTAL`
15:04:02,224 (main) DEBUG [DataNucleus.Datastore.Schema] - Validando 0 foreign key(s) de la tabla `RENTAL`
15:04:02,224 (main) DEBUG [DataNucleus.Datastore.Schema] - Validando 1 llaves unicas de la tabla `RENTAL`
15:04:02,224 (main) DEBUG [DataNucleus.Datastore.Schema] - Committing transaccion del esquema "org.datanucleus.store.rdbms.datasource.dbcp2.PoolingDataSource$PoolGuardConnectionWrapper@4215e133"
15:04:02,224 (main) DEBUG [DataNucleus.Datastore.Schema] - Cerrando la conneccion de la transaccion del esquema "org.datanucleus.store.rdbms.datasource.dbcp2.PoolingDataSource$PoolGuardConnectionWrapper@4215e133"
15:04:02,224 (main) DEBUG [DataNucleus.Connection] - ManagedConnection VA A COMMIT : "org.datanucleus.store.rdbms.ConnectionFactoryImpl$ManagedConnectionImpl@1a464fa3 [conn=org.datanucleus.store.rdbms.datasource.dbcp2.PoolingDataSource$PoolGuardConnectionWrapper@4215e133, commitOnRelease=true, closeOnRelease=true, closeOnTxnEnd=true]"
15:04:02,224 (main) DEBUG [DataNucleus.Connection] - ManagedConnection CERRADO : "org.datanucleus.store.rdbms.ConnectionFactoryImpl$ManagedConnectionImpl@1a464fa3 [conn=org.datanucleus.store.rdbms.datasource.dbcp2.PoolingDataSource$PoolGuardConnectionWrapper@4215e133, commitOnRelease=true, closeOnRelease=true, closeOnTxnEnd=true]" 
15:04:02,224 (main) DEBUG [DataNucleus.Query] - Compile of JDOQL into SQL - JoinType : navigation(default=(using nullability), filter=(using nullability))
15:04:02,224 (main) DEBUG [DataNucleus.Query] - Query de JDOQL : Tiempo de compilar (base de datos) = 32
15:04:02,224 (main) DEBUG [DataNucleus.Connection] - ManagedConnection ABIERTO : "org.datanucleus.store.rdbms.ConnectionFactoryImpl$ManagedConnectionImpl@d88f893 [conn=org.datanucleus.store.rdbms.datasource.dbcp2.PoolingDataSource$PoolGuardConnectionWrapper@259b85d6, commitOnRelease=false, closeOnRelease=false, closeOnTxnEnd=true]" en resource "tx" con isolación "read-committed" y auto-commit=false
15:04:02,224 (main) DEBUG [DataNucleus.Transaction] - Running enlist operation on resource: org.datanucleus.store.rdbms.ConnectionFactoryImpl$EmulatedXAResource@48eaf42f, error code TMNOFLAGS and transaction [DataNucleus Transaction, ID=1792540124-2, enlisted resources=[]]
15:04:02,224 (main) DEBUG [DataNucleus.Query] - Query de JDOQL : Ejecucion de "SELECT FROM com.videoclub.pojo.Rental" ...
15:04:02,224 (main) DEBUG [DataNucleus.Datastore] - Utilizando PreparedStatement "com.mysql.cj.jdbc.ClientPreparedStatement: SELECT 'com.videoclub.pojo.Rental' AS `DN_TYPE`,`A0`.`CODE`,`A0`.`ID`,`A0`.`RENTALDATE`,`A0`.`RETURNDATE`,`A0`.`TITLE` FROM `RENTAL` `A0`" para la conneccion "org.datanucleus.store.rdbms.datasource.dbcp2.PoolingDataSource$PoolGuardConnectionWrapper@259b85d6"
15:04:02,224 (main) DEBUG [DataNucleus.Datastore.Native] - SELECT 'com.videoclub.pojo.Rental' AS `DN_TYPE`,`A0`.`CODE`,`A0`.`ID`,`A0`.`RENTALDATE`,`A0`.`RETURNDATE`,`A0`.`TITLE` FROM `RENTAL` `A0`
15:04:02,224 (main) DEBUG [DataNucleus.Datastore.Retrieve] - SQL Tiempo de cumplir = 0 ms
15:04:02,224 (main) DEBUG [DataNucleus.Query] - Query de JDOQL : Tiempo de ejecutar = 0 ms
15:04:02,224 (main) DEBUG [DataNucleus.Transaction] - Haciendo commit de la transaacción para el ExecutionContext org.datanucleus.ExecutionContextImpl@6680f714
15:04:02,240 (main) DEBUG [DataNucleus.Persistence] - ExecutionContext.internalFlush() empezado con flush ordenado - 0 objetos registrados
15:04:02,240 (main) DEBUG [DataNucleus.Persistence] - ExecutionContext.internalFlush() terminado
15:04:02,240 (main) DEBUG [DataNucleus.Persistence] - Persistence-By-Reachability (commit) : EMPIEZA
15:04:02,240 (main) DEBUG [DataNucleus.Persistence] - Persistence-By-Reachability (commit) : TERMINADO
15:04:02,240 (main) DEBUG [DataNucleus.Transaction] - Committing [DataNucleus Transaction, ID=1792540124-2, enlisted resources=[org.datanucleus.store.rdbms.ConnectionFactoryImpl$EmulatedXAResource@48eaf42f]]
15:04:02,240 (main) DEBUG [DataNucleus.Connection] - ManagedConnection VA A COMMIT : "org.datanucleus.store.rdbms.ConnectionFactoryImpl$ManagedConnectionImpl@d88f893 [conn=org.datanucleus.store.rdbms.datasource.dbcp2.PoolingDataSource$PoolGuardConnectionWrapper@259b85d6, commitOnRelease=false, closeOnRelease=false, closeOnTxnEnd=true]"
15:04:02,240 (main) DEBUG [DataNucleus.Connection] - ManagedConnection CERRADO : "org.datanucleus.store.rdbms.ConnectionFactoryImpl$ManagedConnectionImpl@d88f893 [conn=org.datanucleus.store.rdbms.datasource.dbcp2.PoolingDataSource$PoolGuardConnectionWrapper@259b85d6, commitOnRelease=false, closeOnRelease=false, closeOnTxnEnd=true]" 
15:04:02,240 (main) DEBUG [DataNucleus.Transaction] - Transacción committed en 16 ms
15:04:02,240 (main) DEBUG [DataNucleus.Persistence] - ExecutionContext "org.datanucleus.ExecutionContextImpl@6680f714" se cerró
]]></system-out>
  </testcase>
  <testcase name="DeleteUserResource" classname="com.videoclub.testing.IntegrationIT" time="0.096">
    <system-out><![CDATA[15:04:02,325 (main) DEBUG [DataNucleus.Persistence] - ExecutionContext "org.datanucleus.ExecutionContextImpl@6680f714" se abrió para la base de datos "org.datanucleus.store.rdbms.RDBMSStoreManager@1084f78c" con transaccion="org.datanucleus.transaction.TransactionImpl@5eabff6b"
15:04:02,325 (main) DEBUG [DataNucleus.Transaction] - Transaction created [DataNucleus Transaction, ID=1792540124-3, enlisted resources=[]]
15:04:02,325 (main) DEBUG [DataNucleus.Transaction] - Transacción empezada para el ExecutionContext org.datanucleus.ExecutionContextImpl@6680f714 (optimistic=false)
15:04:02,325 (main) DEBUG [DataNucleus.Query] - Query "SELECT FROM com.videoclub.pojo.User FetchPlan [default]" de lenguaje "JDOQL" existe, por eso utilizamos la compilacion general de antes.
15:04:02,325 (main) DEBUG [DataNucleus.Query] - Query "SELECT FROM com.videoclub.pojo.User FetchPlan [default]" de lenguaje "JDOQL" para la base de datos "rdbms-mysql" existe, por eso utilizamos la compilacion de datastore de antes
15:04:02,325 (main) DEBUG [DataNucleus.Connection] - ManagedConnection ABIERTO : "org.datanucleus.store.rdbms.ConnectionFactoryImpl$ManagedConnectionImpl@7af443a3 [conn=org.datanucleus.store.rdbms.datasource.dbcp2.PoolingDataSource$PoolGuardConnectionWrapper@7b25ab31, commitOnRelease=false, closeOnRelease=false, closeOnTxnEnd=true]" en resource "tx" con isolación "read-committed" y auto-commit=false
15:04:02,325 (main) DEBUG [DataNucleus.Transaction] - Running enlist operation on resource: org.datanucleus.store.rdbms.ConnectionFactoryImpl$EmulatedXAResource@2001e48c, error code TMNOFLAGS and transaction [DataNucleus Transaction, ID=1792540124-3, enlisted resources=[]]
15:04:02,325 (main) DEBUG [DataNucleus.Query] - Query de JDOQL : Ejecucion de "SELECT FROM com.videoclub.pojo.User" ...
15:04:02,325 (main) DEBUG [DataNucleus.Datastore] - Utilizando PreparedStatement "com.mysql.cj.jdbc.ClientPreparedStatement: SELECT 'com.videoclub.pojo.User' AS `DN_TYPE`,`A0`.`CODE`,`A0`.`EMAIL`,`A0`.`NAME`,`A0`.`PASSWORD`,`A0`.`SURNAME`,`A0`.`TYPE`,`A0`.`USERNAME` FROM `USER` `A0`" para la conneccion "org.datanucleus.store.rdbms.datasource.dbcp2.PoolingDataSource$PoolGuardConnectionWrapper@7b25ab31"
15:04:02,325 (main) DEBUG [DataNucleus.Datastore.Native] - SELECT 'com.videoclub.pojo.User' AS `DN_TYPE`,`A0`.`CODE`,`A0`.`EMAIL`,`A0`.`NAME`,`A0`.`PASSWORD`,`A0`.`SURNAME`,`A0`.`TYPE`,`A0`.`USERNAME` FROM `USER` `A0`
15:04:02,325 (main) DEBUG [DataNucleus.Datastore.Retrieve] - SQL Tiempo de cumplir = 0 ms
15:04:02,325 (main) DEBUG [DataNucleus.Query] - Query de JDOQL : Tiempo de ejecutar = 0 ms
15:04:02,325 (main) DEBUG [DataNucleus.Transaction] - Haciendo commit de la transaacción para el ExecutionContext org.datanucleus.ExecutionContextImpl@6680f714
15:04:02,325 (main) DEBUG [DataNucleus.Persistence] - ExecutionContext.internalFlush() empezado con flush ordenado - 0 objetos registrados
15:04:02,325 (main) DEBUG [DataNucleus.Persistence] - ExecutionContext.internalFlush() terminado
15:04:02,325 (main) DEBUG [DataNucleus.Persistence] - Persistence-By-Reachability (commit) : EMPIEZA
15:04:02,325 (main) DEBUG [DataNucleus.Persistence] - Persistence-By-Reachability (commit) : TERMINADO
15:04:02,325 (main) DEBUG [DataNucleus.Transaction] - Committing [DataNucleus Transaction, ID=1792540124-3, enlisted resources=[org.datanucleus.store.rdbms.ConnectionFactoryImpl$EmulatedXAResource@2001e48c]]
15:04:02,325 (main) DEBUG [DataNucleus.Connection] - ManagedConnection VA A COMMIT : "org.datanucleus.store.rdbms.ConnectionFactoryImpl$ManagedConnectionImpl@7af443a3 [conn=org.datanucleus.store.rdbms.datasource.dbcp2.PoolingDataSource$PoolGuardConnectionWrapper@7b25ab31, commitOnRelease=false, closeOnRelease=false, closeOnTxnEnd=true]"
15:04:02,325 (main) DEBUG [DataNucleus.Connection] - ManagedConnection CERRADO : "org.datanucleus.store.rdbms.ConnectionFactoryImpl$ManagedConnectionImpl@7af443a3 [conn=org.datanucleus.store.rdbms.datasource.dbcp2.PoolingDataSource$PoolGuardConnectionWrapper@7b25ab31, commitOnRelease=false, closeOnRelease=false, closeOnTxnEnd=true]" 
15:04:02,325 (main) DEBUG [DataNucleus.Transaction] - Transacción committed en 0 ms
15:04:02,325 (main) DEBUG [DataNucleus.Persistence] - ExecutionContext "org.datanucleus.ExecutionContextImpl@6680f714" se cerró
]]></system-out>
  </testcase>
  <testcase name="AddMovieResource" classname="com.videoclub.testing.IntegrationIT" time="0.21"/>
  <testcase name="AddRentalResource" classname="com.videoclub.testing.IntegrationIT" time="0.032">
    <system-out><![CDATA[15:04:02,578 (main) DEBUG [DataNucleus.Persistence] - ExecutionContext "org.datanucleus.ExecutionContextImpl@6680f714" se abrió para la base de datos "org.datanucleus.store.rdbms.RDBMSStoreManager@1084f78c" con transaccion="org.datanucleus.transaction.TransactionImpl@7e8279e5"
15:04:02,578 (main) DEBUG [DataNucleus.Transaction] - Transaction created [DataNucleus Transaction, ID=1792540124-4, enlisted resources=[]]
15:04:02,578 (main) DEBUG [DataNucleus.Transaction] - Transacción empezada para el ExecutionContext org.datanucleus.ExecutionContextImpl@6680f714 (optimistic=false)
15:04:02,578 (main) DEBUG [DataNucleus.Query] - Query "SELECT FROM com.videoclub.pojo.Rental FetchPlan [default]" de lenguaje "JDOQL" existe, por eso utilizamos la compilacion general de antes.
15:04:02,578 (main) DEBUG [DataNucleus.Query] - Query "SELECT FROM com.videoclub.pojo.Rental FetchPlan [default]" de lenguaje "JDOQL" para la base de datos "rdbms-mysql" existe, por eso utilizamos la compilacion de datastore de antes
15:04:02,578 (main) DEBUG [DataNucleus.Connection] - ManagedConnection ABIERTO : "org.datanucleus.store.rdbms.ConnectionFactoryImpl$ManagedConnectionImpl@3e546734 [conn=org.datanucleus.store.rdbms.datasource.dbcp2.PoolingDataSource$PoolGuardConnectionWrapper@53747c4a, commitOnRelease=false, closeOnRelease=false, closeOnTxnEnd=true]" en resource "tx" con isolación "read-committed" y auto-commit=false
15:04:02,578 (main) DEBUG [DataNucleus.Transaction] - Running enlist operation on resource: org.datanucleus.store.rdbms.ConnectionFactoryImpl$EmulatedXAResource@64b0d1fa, error code TMNOFLAGS and transaction [DataNucleus Transaction, ID=1792540124-4, enlisted resources=[]]
15:04:02,578 (main) DEBUG [DataNucleus.Query] - Query de JDOQL : Ejecucion de "SELECT FROM com.videoclub.pojo.Rental" ...
15:04:02,578 (main) DEBUG [DataNucleus.Datastore] - Utilizando PreparedStatement "com.mysql.cj.jdbc.ClientPreparedStatement: SELECT 'com.videoclub.pojo.Rental' AS `DN_TYPE`,`A0`.`CODE`,`A0`.`ID`,`A0`.`RENTALDATE`,`A0`.`RETURNDATE`,`A0`.`TITLE` FROM `RENTAL` `A0`" para la conneccion "org.datanucleus.store.rdbms.datasource.dbcp2.PoolingDataSource$PoolGuardConnectionWrapper@53747c4a"
15:04:02,578 (main) DEBUG [DataNucleus.Datastore.Native] - SELECT 'com.videoclub.pojo.Rental' AS `DN_TYPE`,`A0`.`CODE`,`A0`.`ID`,`A0`.`RENTALDATE`,`A0`.`RETURNDATE`,`A0`.`TITLE` FROM `RENTAL` `A0`
15:04:02,578 (main) DEBUG [DataNucleus.Datastore.Retrieve] - SQL Tiempo de cumplir = 0 ms
15:04:02,578 (main) DEBUG [DataNucleus.Query] - Query de JDOQL : Tiempo de ejecutar = 0 ms
15:04:02,578 (main) DEBUG [DataNucleus.Transaction] - Haciendo commit de la transaacción para el ExecutionContext org.datanucleus.ExecutionContextImpl@6680f714
15:04:02,578 (main) DEBUG [DataNucleus.Persistence] - ExecutionContext.internalFlush() empezado con flush ordenado - 0 objetos registrados
15:04:02,578 (main) DEBUG [DataNucleus.Persistence] - ExecutionContext.internalFlush() terminado
15:04:02,578 (main) DEBUG [DataNucleus.Persistence] - Persistence-By-Reachability (commit) : EMPIEZA
15:04:02,578 (main) DEBUG [DataNucleus.Persistence] - Persistence-By-Reachability (commit) : TERMINADO
15:04:02,578 (main) DEBUG [DataNucleus.Transaction] - Committing [DataNucleus Transaction, ID=1792540124-4, enlisted resources=[org.datanucleus.store.rdbms.ConnectionFactoryImpl$EmulatedXAResource@64b0d1fa]]
15:04:02,578 (main) DEBUG [DataNucleus.Connection] - ManagedConnection VA A COMMIT : "org.datanucleus.store.rdbms.ConnectionFactoryImpl$ManagedConnectionImpl@3e546734 [conn=org.datanucleus.store.rdbms.datasource.dbcp2.PoolingDataSource$PoolGuardConnectionWrapper@53747c4a, commitOnRelease=false, closeOnRelease=false, closeOnTxnEnd=true]"
15:04:02,578 (main) DEBUG [DataNucleus.Connection] - ManagedConnection CERRADO : "org.datanucleus.store.rdbms.ConnectionFactoryImpl$ManagedConnectionImpl@3e546734 [conn=org.datanucleus.store.rdbms.datasource.dbcp2.PoolingDataSource$PoolGuardConnectionWrapper@53747c4a, commitOnRelease=false, closeOnRelease=false, closeOnTxnEnd=true]" 
15:04:02,578 (main) DEBUG [DataNucleus.Transaction] - Transacción committed en 0 ms
15:04:02,578 (main) DEBUG [DataNucleus.Persistence] - ExecutionContext "org.datanucleus.ExecutionContextImpl@6680f714" se cerró
]]></system-out>
  </testcase>
  <testcase name="AddUserResource" classname="com.videoclub.testing.IntegrationIT" time="0.195">
    <system-out><![CDATA[15:04:02,704 (main) DEBUG [DataNucleus.Persistence] - ExecutionContext "org.datanucleus.ExecutionContextImpl@6680f714" se abrió para la base de datos "org.datanucleus.store.rdbms.RDBMSStoreManager@1084f78c" con transaccion="org.datanucleus.transaction.TransactionImpl@5d05f453"
15:04:02,720 (main) DEBUG [DataNucleus.Transaction] - Transaction created [DataNucleus Transaction, ID=1792540124-5, enlisted resources=[]]
15:04:02,720 (main) DEBUG [DataNucleus.Transaction] - Transacción empezada para el ExecutionContext org.datanucleus.ExecutionContextImpl@6680f714 (optimistic=false)
15:04:02,720 (main) DEBUG [DataNucleus.Query] - Query "SELECT FROM com.videoclub.pojo.User FetchPlan [default]" de lenguaje "JDOQL" existe, por eso utilizamos la compilacion general de antes.
15:04:02,720 (main) DEBUG [DataNucleus.Query] - Query "SELECT FROM com.videoclub.pojo.User FetchPlan [default]" de lenguaje "JDOQL" para la base de datos "rdbms-mysql" existe, por eso utilizamos la compilacion de datastore de antes
15:04:02,720 (main) DEBUG [DataNucleus.Connection] - ManagedConnection ABIERTO : "org.datanucleus.store.rdbms.ConnectionFactoryImpl$ManagedConnectionImpl@149b4d20 [conn=org.datanucleus.store.rdbms.datasource.dbcp2.PoolingDataSource$PoolGuardConnectionWrapper@664e848c, commitOnRelease=false, closeOnRelease=false, closeOnTxnEnd=true]" en resource "tx" con isolación "read-committed" y auto-commit=false
15:04:02,720 (main) DEBUG [DataNucleus.Transaction] - Running enlist operation on resource: org.datanucleus.store.rdbms.ConnectionFactoryImpl$EmulatedXAResource@4d93f75b, error code TMNOFLAGS and transaction [DataNucleus Transaction, ID=1792540124-5, enlisted resources=[]]
15:04:02,720 (main) DEBUG [DataNucleus.Query] - Query de JDOQL : Ejecucion de "SELECT FROM com.videoclub.pojo.User" ...
15:04:02,720 (main) DEBUG [DataNucleus.Datastore] - Utilizando PreparedStatement "com.mysql.cj.jdbc.ClientPreparedStatement: SELECT 'com.videoclub.pojo.User' AS `DN_TYPE`,`A0`.`CODE`,`A0`.`EMAIL`,`A0`.`NAME`,`A0`.`PASSWORD`,`A0`.`SURNAME`,`A0`.`TYPE`,`A0`.`USERNAME` FROM `USER` `A0`" para la conneccion "org.datanucleus.store.rdbms.datasource.dbcp2.PoolingDataSource$PoolGuardConnectionWrapper@664e848c"
15:04:02,720 (main) DEBUG [DataNucleus.Datastore.Native] - SELECT 'com.videoclub.pojo.User' AS `DN_TYPE`,`A0`.`CODE`,`A0`.`EMAIL`,`A0`.`NAME`,`A0`.`PASSWORD`,`A0`.`SURNAME`,`A0`.`TYPE`,`A0`.`USERNAME` FROM `USER` `A0`
15:04:02,720 (main) DEBUG [DataNucleus.Datastore.Retrieve] - SQL Tiempo de cumplir = 0 ms
15:04:02,720 (main) DEBUG [DataNucleus.Query] - Query de JDOQL : Tiempo de ejecutar = 0 ms
15:04:02,720 (main) DEBUG [DataNucleus.Transaction] - Haciendo commit de la transaacción para el ExecutionContext org.datanucleus.ExecutionContextImpl@6680f714
15:04:02,720 (main) DEBUG [DataNucleus.Query] - Leyendo los resultados del query "SELECT FROM com.videoclub.pojo.User" como la conneccion va a cerrar o cometer
15:04:02,720 (main) DEBUG [DataNucleus.Cache] - Objeto con identidad "com.videoclub.pojo.User:1" no esta en la Cache de nivel 1
15:04:02,736 (main) DEBUG [DataNucleus.Cache] - Objeto con id "com.videoclub.pojo.User:1" no esta en la Cache de nivel 2
15:04:02,736 (main) DEBUG [DataNucleus.Cache] - Objeto con identidad "com.videoclub.pojo.User:1" añadido a la Cache de nivel 1 (loadedFlags="[YNNNNNN]")
15:04:02,752 (main) DEBUG [DataNucleus.Cache] - Objeto con identidad "com.videoclub.pojo.User:1" añadido a la Cache de nivel 2 (campos="[0, 1, 2, 3, 4, 5, 6]", version="")
15:04:02,752 (main) DEBUG [DataNucleus.Persistence] - ExecutionContext.internalFlush() empezado con flush ordenado - 0 objetos registrados
15:04:02,752 (main) DEBUG [DataNucleus.Persistence] - ExecutionContext.internalFlush() terminado
15:04:02,752 (main) DEBUG [DataNucleus.Persistence] - Persistence-By-Reachability (commit) : EMPIEZA
15:04:02,752 (main) DEBUG [DataNucleus.Persistence] - Persistence-By-Reachability (commit) : TERMINADO
15:04:02,760 (main) DEBUG [DataNucleus.Cache] - El objeto con identidad "com.videoclub.pojo.User:1" va a tener los campos siguientes almacendados en el objeto de Level 2 cache : [0, 1, 2, 3, 4, 5, 6]
15:04:02,760 (main) DEBUG [DataNucleus.Transaction] - Committing [DataNucleus Transaction, ID=1792540124-5, enlisted resources=[org.datanucleus.store.rdbms.ConnectionFactoryImpl$EmulatedXAResource@4d93f75b]]
15:04:02,760 (main) DEBUG [DataNucleus.Connection] - ManagedConnection VA A COMMIT : "org.datanucleus.store.rdbms.ConnectionFactoryImpl$ManagedConnectionImpl@149b4d20 [conn=org.datanucleus.store.rdbms.datasource.dbcp2.PoolingDataSource$PoolGuardConnectionWrapper@664e848c, commitOnRelease=false, closeOnRelease=false, closeOnTxnEnd=true]"
15:04:02,760 (main) DEBUG [DataNucleus.Connection] - ManagedConnection CERRADO : "org.datanucleus.store.rdbms.ConnectionFactoryImpl$ManagedConnectionImpl@149b4d20 [conn=org.datanucleus.store.rdbms.datasource.dbcp2.PoolingDataSource$PoolGuardConnectionWrapper@664e848c, commitOnRelease=false, closeOnRelease=false, closeOnTxnEnd=true]" 
15:04:02,763 (main) DEBUG [DataNucleus.Persistence] - Haciendo el objeto detachado : "com.videoclub.pojo.User@1e12a5a6" (profundidad=0)
15:04:02,763 (main) DEBUG [DataNucleus.Persistence] - Objeto con identidad "com.videoclub.pojo.User:1" tiene cambio de lifeycle : "HOLLOW"->"DETACHED_CLEAN"
15:04:02,763 (main) DEBUG [DataNucleus.Persistence] - Disconectando objeto con identidad "com.videoclub.pojo.User:1" de StateManager[pc=com.videoclub.pojo.User@1e12a5a6, lifecycle=DETACHED_CLEAN]
15:04:02,763 (main) DEBUG [DataNucleus.Cache] - Objeto con identidad="com.videoclub.pojo.User:1" borrado de la Cache de nivel 1
15:04:02,763 (main) DEBUG [DataNucleus.Transaction] - Transacción committed en 43 ms
15:04:02,763 (main) DEBUG [DataNucleus.Persistence] - ExecutionContext "org.datanucleus.ExecutionContextImpl@6680f714" se cerró
]]></system-out>
  </testcase>
  <testcase name="DeleteRentalResource" classname="com.videoclub.testing.IntegrationIT" time="0.061">
    <system-out><![CDATA[15:04:02,816 (main) DEBUG [DataNucleus.Persistence] - ExecutionContext "org.datanucleus.ExecutionContextImpl@6680f714" se abrió para la base de datos "org.datanucleus.store.rdbms.RDBMSStoreManager@1084f78c" con transaccion="org.datanucleus.transaction.TransactionImpl@db99785"
15:04:02,816 (main) DEBUG [DataNucleus.Transaction] - Transaction created [DataNucleus Transaction, ID=1792540124-6, enlisted resources=[]]
15:04:02,816 (main) DEBUG [DataNucleus.Transaction] - Transacción empezada para el ExecutionContext org.datanucleus.ExecutionContextImpl@6680f714 (optimistic=false)
15:04:02,816 (main) DEBUG [DataNucleus.Query] - Query "SELECT FROM com.videoclub.pojo.Rental FetchPlan [default]" de lenguaje "JDOQL" existe, por eso utilizamos la compilacion general de antes.
15:04:02,816 (main) DEBUG [DataNucleus.Query] - Query "SELECT FROM com.videoclub.pojo.Rental FetchPlan [default]" de lenguaje "JDOQL" para la base de datos "rdbms-mysql" existe, por eso utilizamos la compilacion de datastore de antes
15:04:02,816 (main) DEBUG [DataNucleus.Connection] - ManagedConnection ABIERTO : "org.datanucleus.store.rdbms.ConnectionFactoryImpl$ManagedConnectionImpl@6da4feeb [conn=org.datanucleus.store.rdbms.datasource.dbcp2.PoolingDataSource$PoolGuardConnectionWrapper@2c604965, commitOnRelease=false, closeOnRelease=false, closeOnTxnEnd=true]" en resource "tx" con isolación "read-committed" y auto-commit=false
15:04:02,816 (main) DEBUG [DataNucleus.Transaction] - Running enlist operation on resource: org.datanucleus.store.rdbms.ConnectionFactoryImpl$EmulatedXAResource@57f8951a, error code TMNOFLAGS and transaction [DataNucleus Transaction, ID=1792540124-6, enlisted resources=[]]
15:04:02,816 (main) DEBUG [DataNucleus.Query] - Query de JDOQL : Ejecucion de "SELECT FROM com.videoclub.pojo.Rental" ...
15:04:02,816 (main) DEBUG [DataNucleus.Datastore] - Utilizando PreparedStatement "com.mysql.cj.jdbc.ClientPreparedStatement: SELECT 'com.videoclub.pojo.Rental' AS `DN_TYPE`,`A0`.`CODE`,`A0`.`ID`,`A0`.`RENTALDATE`,`A0`.`RETURNDATE`,`A0`.`TITLE` FROM `RENTAL` `A0`" para la conneccion "org.datanucleus.store.rdbms.datasource.dbcp2.PoolingDataSource$PoolGuardConnectionWrapper@2c604965"
15:04:02,816 (main) DEBUG [DataNucleus.Datastore.Native] - SELECT 'com.videoclub.pojo.Rental' AS `DN_TYPE`,`A0`.`CODE`,`A0`.`ID`,`A0`.`RENTALDATE`,`A0`.`RETURNDATE`,`A0`.`TITLE` FROM `RENTAL` `A0`
15:04:02,816 (main) DEBUG [DataNucleus.Datastore.Retrieve] - SQL Tiempo de cumplir = 0 ms
15:04:02,816 (main) DEBUG [DataNucleus.Query] - Query de JDOQL : Tiempo de ejecutar = 0 ms
15:04:02,816 (main) DEBUG [DataNucleus.Transaction] - Haciendo commit de la transaacción para el ExecutionContext org.datanucleus.ExecutionContextImpl@6680f714
15:04:02,816 (main) DEBUG [DataNucleus.Persistence] - ExecutionContext.internalFlush() empezado con flush ordenado - 0 objetos registrados
15:04:02,816 (main) DEBUG [DataNucleus.Persistence] - ExecutionContext.internalFlush() terminado
15:04:02,816 (main) DEBUG [DataNucleus.Persistence] - Persistence-By-Reachability (commit) : EMPIEZA
15:04:02,816 (main) DEBUG [DataNucleus.Persistence] - Persistence-By-Reachability (commit) : TERMINADO
15:04:02,816 (main) DEBUG [DataNucleus.Transaction] - Committing [DataNucleus Transaction, ID=1792540124-6, enlisted resources=[org.datanucleus.store.rdbms.ConnectionFactoryImpl$EmulatedXAResource@57f8951a]]
15:04:02,816 (main) DEBUG [DataNucleus.Connection] - ManagedConnection VA A COMMIT : "org.datanucleus.store.rdbms.ConnectionFactoryImpl$ManagedConnectionImpl@6da4feeb [conn=org.datanucleus.store.rdbms.datasource.dbcp2.PoolingDataSource$PoolGuardConnectionWrapper@2c604965, commitOnRelease=false, closeOnRelease=false, closeOnTxnEnd=true]"
15:04:02,816 (main) DEBUG [DataNucleus.Connection] - ManagedConnection CERRADO : "org.datanucleus.store.rdbms.ConnectionFactoryImpl$ManagedConnectionImpl@6da4feeb [conn=org.datanucleus.store.rdbms.datasource.dbcp2.PoolingDataSource$PoolGuardConnectionWrapper@2c604965, commitOnRelease=false, closeOnRelease=false, closeOnTxnEnd=true]" 
15:04:02,816 (main) DEBUG [DataNucleus.Transaction] - Transacción committed en 0 ms
15:04:02,816 (main) DEBUG [DataNucleus.Persistence] - ExecutionContext "org.datanucleus.ExecutionContextImpl@6680f714" se cerró
]]></system-out>
  </testcase>
  <testcase name="DeleteMovieResource" classname="com.videoclub.testing.IntegrationIT" time="0.109"/>
  <testcase name="MovieListResource" classname="com.videoclub.testing.IntegrationIT" time="0.079">
    <system-out><![CDATA[15:04:02,990 (main) DEBUG [DataNucleus.Persistence] - ExecutionContext "org.datanucleus.ExecutionContextImpl@6680f714" se abrió para la base de datos "org.datanucleus.store.rdbms.RDBMSStoreManager@1084f78c" con transaccion="org.datanucleus.transaction.TransactionImpl@4b55ff0a"
15:04:02,990 (main) DEBUG [DataNucleus.Transaction] - Transaction created [DataNucleus Transaction, ID=1792540124-7, enlisted resources=[]]
15:04:02,990 (main) DEBUG [DataNucleus.Transaction] - Transacción empezada para el ExecutionContext org.datanucleus.ExecutionContextImpl@6680f714 (optimistic=false)
15:04:02,990 (main) DEBUG [DataNucleus.Query] - Query de JDOQL : Compilación (generic) de "SELECT FROM com.videoclub.pojo.Movie"
15:04:02,990 (main) DEBUG [DataNucleus.Query] - Query de JDOQL : Tiempo de compilar (generic) = 0 ms
15:04:02,990 (main) DEBUG [DataNucleus.Query] - QueryCompilation:
  [symbols: this type=com.videoclub.pojo.Movie]
15:04:02,990 (main) DEBUG [DataNucleus.Query] - Query de JDOQL : Compilación (base de datos) de "SELECT FROM com.videoclub.pojo.Movie"
15:04:02,990 (main) DEBUG [DataNucleus.Persistence] - Va a manjejar la persistencia de Clase : com.videoclub.pojo.Movie [Tabla : `MOVIE`, Estrategia de heredar : new-table]
15:04:02,990 (main) DEBUG [DataNucleus.Datastore.Schema] - Campo [com.videoclub.pojo.Movie.code] -> Columnas [`MOVIE`.`CODE`] usando mapping del tipo "org.datanucleus.store.rdbms.mapping.java.IntegerMapping" (org.datanucleus.store.rdbms.mapping.column.IntegerColumnMapping)
15:04:02,990 (main) DEBUG [DataNucleus.Datastore.Schema] - La tabla `MOVIE` va a manejar la persistencia de los campos de la clase com.videoclub.pojo.Movie (estrategia de heredar="new-table")
15:04:02,990 (main) DEBUG [DataNucleus.Datastore.Schema] - Attempt to find JDBC driver 'typeInfo' for jdbc-type=VARCHAR but sql-type=VARCHAR is not found. Using default sql-type for this jdbc-type.
15:04:02,990 (main) DEBUG [DataNucleus.Datastore.Schema] - Campo [com.videoclub.pojo.Movie.director] -> Columnas [`MOVIE`.`DIRECTOR`] usando mapping del tipo "org.datanucleus.store.rdbms.mapping.java.StringMapping" (org.datanucleus.store.rdbms.mapping.column.VarCharColumnMapping)
15:04:02,990 (main) DEBUG [DataNucleus.Datastore.Schema] - Campo [com.videoclub.pojo.Movie.duration] -> Columnas [`MOVIE`.`DURATION`] usando mapping del tipo "org.datanucleus.store.rdbms.mapping.java.IntegerMapping" (org.datanucleus.store.rdbms.mapping.column.IntegerColumnMapping)
15:04:02,990 (main) DEBUG [DataNucleus.Datastore.Schema] - Campo [com.videoclub.pojo.Movie.genre] -> Columnas [`MOVIE`.`GENRE`] usando mapping del tipo "org.datanucleus.store.rdbms.mapping.java.EnumMapping" (org.datanucleus.store.rdbms.mapping.column.VarCharColumnMapping)
15:04:02,990 (main) DEBUG [DataNucleus.Datastore.Schema] - Campo [com.videoclub.pojo.Movie.rentalPrice] -> Columnas [`MOVIE`.`RENTALPRICE`] usando mapping del tipo "org.datanucleus.store.rdbms.mapping.java.DoubleMapping" (org.datanucleus.store.rdbms.mapping.column.DoubleColumnMapping)
15:04:02,990 (main) DEBUG [DataNucleus.Datastore.Schema] - Attempt to find JDBC driver 'typeInfo' for jdbc-type=VARCHAR but sql-type=VARCHAR is not found. Using default sql-type for this jdbc-type.
15:04:02,990 (main) DEBUG [DataNucleus.Datastore.Schema] - Campo [com.videoclub.pojo.Movie.title] -> Columnas [`MOVIE`.`TITLE`] usando mapping del tipo "org.datanucleus.store.rdbms.mapping.java.StringMapping" (org.datanucleus.store.rdbms.mapping.column.VarCharColumnMapping)
15:04:02,990 (main) DEBUG [DataNucleus.Datastore.Schema] - Campo [com.videoclub.pojo.Movie.year] -> Columnas [`MOVIE`.`YEAR`] usando mapping del tipo "org.datanucleus.store.rdbms.mapping.java.IntegerMapping" (org.datanucleus.store.rdbms.mapping.column.IntegerColumnMapping)
15:04:02,990 (main) DEBUG [DataNucleus.Datastore.Schema] - Table/View `MOVIE` ha sido inicializado
15:04:02,990 (main) DEBUG [DataNucleus.Connection] - ManagedConnection ABIERTO : "org.datanucleus.store.rdbms.ConnectionFactoryImpl$ManagedConnectionImpl@11ede87f [conn=org.datanucleus.store.rdbms.datasource.dbcp2.PoolingDataSource$PoolGuardConnectionWrapper@7675c171, commitOnRelease=true, closeOnRelease=true, closeOnTxnEnd=true]" en resource "nontx" con isolación "serializable" y auto-commit=false
15:04:02,990 (main) DEBUG [DataNucleus.Datastore.Schema] - Empezando transaccion del esquema con conneccion "org.datanucleus.store.rdbms.datasource.dbcp2.PoolingDataSource$PoolGuardConnectionWrapper@7675c171" y isolacion "serializable"
15:04:02,990 (main) DEBUG [DataNucleus.Datastore.Schema] - Check of existence of `MOVIE` returned table type of TABLE
15:04:02,990 (main) DEBUG [DataNucleus.Datastore.Schema] - Cargando información de columna para las tablas "movie" por el Catalogo "videoclubdb", el Esquema ""
15:04:03,006 (main) DEBUG [DataNucleus.Datastore.Schema] - Información de columna cargado por el Catalogo "videoclubdb", el Esquema "", 1 tablas, tiempo = 16 ms
15:04:03,006 (main) DEBUG [DataNucleus.Datastore.Schema] - Información de columna cargado por la tabla "MOVIE" : hemos encontrado 7 columnas
15:04:03,006 (main) DEBUG [DataNucleus.Datastore.Schema] - Validando 2 indic(es) de la tabla `MOVIE`
15:04:03,006 (main) DEBUG [DataNucleus.Datastore.Schema] - Validando 0 foreign key(s) de la tabla `MOVIE`
15:04:03,006 (main) DEBUG [DataNucleus.Datastore.Schema] - Validando 2 llaves unicas de la tabla `MOVIE`
15:04:03,006 (main) DEBUG [DataNucleus.Datastore.Schema] - Committing transaccion del esquema "org.datanucleus.store.rdbms.datasource.dbcp2.PoolingDataSource$PoolGuardConnectionWrapper@7675c171"
15:04:03,006 (main) DEBUG [DataNucleus.Datastore.Schema] - Cerrando la conneccion de la transaccion del esquema "org.datanucleus.store.rdbms.datasource.dbcp2.PoolingDataSource$PoolGuardConnectionWrapper@7675c171"
15:04:03,006 (main) DEBUG [DataNucleus.Connection] - ManagedConnection VA A COMMIT : "org.datanucleus.store.rdbms.ConnectionFactoryImpl$ManagedConnectionImpl@11ede87f [conn=org.datanucleus.store.rdbms.datasource.dbcp2.PoolingDataSource$PoolGuardConnectionWrapper@7675c171, commitOnRelease=true, closeOnRelease=true, closeOnTxnEnd=true]"
15:04:03,006 (main) DEBUG [DataNucleus.Connection] - ManagedConnection CERRADO : "org.datanucleus.store.rdbms.ConnectionFactoryImpl$ManagedConnectionImpl@11ede87f [conn=org.datanucleus.store.rdbms.datasource.dbcp2.PoolingDataSource$PoolGuardConnectionWrapper@7675c171, commitOnRelease=true, closeOnRelease=true, closeOnTxnEnd=true]" 
15:04:03,006 (main) DEBUG [DataNucleus.Query] - Compile of JDOQL into SQL - JoinType : navigation(default=(using nullability), filter=(using nullability))
15:04:03,006 (main) DEBUG [DataNucleus.Query] - Query de JDOQL : Tiempo de compilar (base de datos) = 16
15:04:03,022 (main) DEBUG [DataNucleus.Connection] - ManagedConnection ABIERTO : "org.datanucleus.store.rdbms.ConnectionFactoryImpl$ManagedConnectionImpl@51cab489 [conn=org.datanucleus.store.rdbms.datasource.dbcp2.PoolingDataSource$PoolGuardConnectionWrapper@2f9a10df, commitOnRelease=false, closeOnRelease=false, closeOnTxnEnd=true]" en resource "tx" con isolación "read-committed" y auto-commit=false
15:04:03,022 (main) DEBUG [DataNucleus.Transaction] - Running enlist operation on resource: org.datanucleus.store.rdbms.ConnectionFactoryImpl$EmulatedXAResource@773c2214, error code TMNOFLAGS and transaction [DataNucleus Transaction, ID=1792540124-7, enlisted resources=[]]
15:04:03,022 (main) DEBUG [DataNucleus.Query] - Query de JDOQL : Ejecucion de "SELECT FROM com.videoclub.pojo.Movie" ...
15:04:03,022 (main) DEBUG [DataNucleus.Datastore] - Utilizando PreparedStatement "com.mysql.cj.jdbc.ClientPreparedStatement: SELECT 'com.videoclub.pojo.Movie' AS `DN_TYPE`,`A0`.`CODE`,`A0`.`DIRECTOR`,`A0`.`DURATION`,`A0`.`GENRE`,`A0`.`RENTALPRICE`,`A0`.`TITLE`,`A0`.`YEAR` FROM `MOVIE` `A0`" para la conneccion "org.datanucleus.store.rdbms.datasource.dbcp2.PoolingDataSource$PoolGuardConnectionWrapper@2f9a10df"
15:04:03,022 (main) DEBUG [DataNucleus.Datastore.Native] - SELECT 'com.videoclub.pojo.Movie' AS `DN_TYPE`,`A0`.`CODE`,`A0`.`DIRECTOR`,`A0`.`DURATION`,`A0`.`GENRE`,`A0`.`RENTALPRICE`,`A0`.`TITLE`,`A0`.`YEAR` FROM `MOVIE` `A0`
15:04:03,022 (main) DEBUG [DataNucleus.Datastore.Retrieve] - SQL Tiempo de cumplir = 0 ms
15:04:03,022 (main) DEBUG [DataNucleus.Query] - Query de JDOQL : Tiempo de ejecutar = 0 ms
15:04:03,022 (main) DEBUG [DataNucleus.Transaction] - Haciendo commit de la transaacción para el ExecutionContext org.datanucleus.ExecutionContextImpl@6680f714
15:04:03,022 (main) DEBUG [DataNucleus.Persistence] - ExecutionContext.internalFlush() empezado con flush ordenado - 0 objetos registrados
15:04:03,022 (main) DEBUG [DataNucleus.Persistence] - ExecutionContext.internalFlush() terminado
15:04:03,022 (main) DEBUG [DataNucleus.Persistence] - Persistence-By-Reachability (commit) : EMPIEZA
15:04:03,022 (main) DEBUG [DataNucleus.Persistence] - Persistence-By-Reachability (commit) : TERMINADO
15:04:03,022 (main) DEBUG [DataNucleus.Transaction] - Committing [DataNucleus Transaction, ID=1792540124-7, enlisted resources=[org.datanucleus.store.rdbms.ConnectionFactoryImpl$EmulatedXAResource@773c2214]]
15:04:03,022 (main) DEBUG [DataNucleus.Connection] - ManagedConnection VA A COMMIT : "org.datanucleus.store.rdbms.ConnectionFactoryImpl$ManagedConnectionImpl@51cab489 [conn=org.datanucleus.store.rdbms.datasource.dbcp2.PoolingDataSource$PoolGuardConnectionWrapper@2f9a10df, commitOnRelease=false, closeOnRelease=false, closeOnTxnEnd=true]"
15:04:03,022 (main) DEBUG [DataNucleus.Connection] - ManagedConnection CERRADO : "org.datanucleus.store.rdbms.ConnectionFactoryImpl$ManagedConnectionImpl@51cab489 [conn=org.datanucleus.store.rdbms.datasource.dbcp2.PoolingDataSource$PoolGuardConnectionWrapper@2f9a10df, commitOnRelease=false, closeOnRelease=false, closeOnTxnEnd=true]" 
15:04:03,022 (main) DEBUG [DataNucleus.Transaction] - Transacción committed en 0 ms
15:04:03,022 (main) DEBUG [DataNucleus.Persistence] - ExecutionContext "org.datanucleus.ExecutionContextImpl@6680f714" se cerró
]]></system-out>
  </testcase>
</testsuite>